<?xml version="1.0" encoding="UTF-8"?>
<!-- Generated by org.testng.reporters.JUnitReportReporter -->
<testsuite hostname="V2MUMPC0455" name="test.v2solutions.pages.TestV2SolutionsContactUsPage" tests="10" failures="3" timestamp="3 Feb 2017 11:01:11 GMT" time="39.959" errors="0">
  <testcase name="verifySocialIconRenderedInDesktopView" time="5.672" classname="test.v2solutions.pages.TestV2SolutionsContactUsPage"/>
  <testcase name="verifySocialIconRenderedInDesktopView" time="5.662" classname="test.v2solutions.pages.TestV2SolutionsContactUsPage"/>
  <testcase name="verifyMapAndAddressRepresentHorizontallyInDesktopView" time="5.052" classname="test.v2solutions.pages.TestV2SolutionsContactUsPage"/>
  <testcase name="verifySocialIconRenderedInDesktopView" time="5.683" classname="test.v2solutions.pages.TestV2SolutionsContactUsPage"/>
  <testcase name="verifyPageIsResizedToDesktopViewLayout" time="7.205" classname="test.v2solutions.pages.TestV2SolutionsContactUsPage">
    <failure type="java.lang.AssertionError" message=" Locator of &#039;&#039; is &#039;&#039; Error-This is not desktop view layout expected [true] but found [false]">
      <![CDATA[java.lang.AssertionError:  Locator of '' is '' Error-This is not desktop view layout expected [true] but found [false]
	at org.testng.Assert.fail(Assert.java:83)
	at com.v2solutions.taf.common.pages.CommonPage.logAndCreateADefect(CommonPage.java:369)
	at test.v2solutions.pages.TestV2SolutionsContactUsPage.verifyPageIsResizedToDesktopViewLayout(TestV2SolutionsContactUsPage.java:63)
	at sun.reflect.NativeMethodAccessorImpl.invoke0(Native Method)
	at sun.reflect.NativeMethodAccessorImpl.invoke(NativeMethodAccessorImpl.java:62)
	at sun.reflect.DelegatingMethodAccessorImpl.invoke(DelegatingMethodAccessorImpl.java:43)
	at java.lang.reflect.Method.invoke(Method.java:483)
	at org.testng.internal.MethodInvocationHelper.invokeMethod(MethodInvocationHelper.java:86)
	at org.testng.internal.Invoker.invokeMethod(Invoker.java:643)
	at org.testng.internal.Invoker.invokeTestMethod(Invoker.java:820)
	at org.testng.internal.Invoker.invokeTestMethods(Invoker.java:1128)
	at org.testng.internal.TestMethodWorker.invokeTestMethods(TestMethodWorker.java:129)
	at org.testng.internal.TestMethodWorker.run(TestMethodWorker.java:112)
	at org.testng.TestRunner.privateRun(TestRunner.java:782)
	at org.testng.TestRunner.run(TestRunner.java:632)
	at org.testng.SuiteRunner.runTest(SuiteRunner.java:366)
	at org.testng.SuiteRunner.runSequentially(SuiteRunner.java:361)
	at org.testng.SuiteRunner.privateRun(SuiteRunner.java:319)
	at org.testng.SuiteRunner.run(SuiteRunner.java:268)
	at org.testng.SuiteRunnerWorker.runSuite(SuiteRunnerWorker.java:52)
	at org.testng.SuiteRunnerWorker.run(SuiteRunnerWorker.java:86)
	at org.testng.TestNG.runSuitesSequentially(TestNG.java:1244)
	at org.testng.TestNG.runSuitesLocally(TestNG.java:1169)
	at org.testng.TestNG.run(TestNG.java:1064)
	at org.apache.maven.surefire.testng.TestNGExecutor.run(TestNGExecutor.java:217)
	at org.apache.maven.surefire.testng.TestNGXmlTestSuite.execute(TestNGXmlTestSuite.java:84)
	at org.apache.maven.surefire.testng.TestNGProvider.invoke(TestNGProvider.java:92)
	at org.apache.maven.surefire.booter.ForkedBooter.invokeProviderInSameClassLoader(ForkedBooter.java:200)
	at org.apache.maven.surefire.booter.ForkedBooter.runSuitesInProcess(ForkedBooter.java:153)
	at org.apache.maven.surefire.booter.ForkedBooter.main(ForkedBooter.java:103)
Caused by: com.v2solutions.taf.common.logs.AnalizerException:  Locator of '' is '' Error-This is not desktop view layout expected [true] but found [false]
	at com.v2solutions.taf.common.pages.CommonPage.logAndCreateADefect(CommonPage.java:363)
	... 28 more
Caused by: java.lang.AssertionError: This is not desktop view layout expected [true] but found [false]
	at org.testng.Assert.fail(Assert.java:94)
	at org.testng.Assert.failNotEquals(Assert.java:513)
	at org.testng.Assert.assertTrue(Assert.java:42)
	at test.v2solutions.pages.TestV2SolutionsContactUsPage.verifyPageIsResizedToDesktopViewLayout(TestV2SolutionsContactUsPage.java:61)
	... 27 more
]]>
    </failure>
  </testcase> <!-- verifyPageIsResizedToDesktopViewLayout -->
  <testcase name="verifyEnquiryFormSectionDisplayedInDesktopView" time="4.396" classname="test.v2solutions.pages.TestV2SolutionsContactUsPage">
    <failure type="java.lang.AssertionError" message="failed to find element, message : org.openqa.selenium.NoSuchElementException: no such element: Unable to locate element: {&quot;method&quot;:&quot;xpath&quot;,&quot;selector&quot;:&quot;//div[@class=&#039;col-sm-5&#039;]/ex&quot;}
  (Session info: chrome=50.0.2661.75)
  (Driver info: chromedriver=2.22.397933 (1cab651507b88dec79b2b2a22d1943c01833cc1b),platform=Windows NT 10.0.14393 x86_64) (WARNING: The server did not provide any stacktrace information)
Command duration or timeout: 23 milliseconds
For documentation on this error, please visit: http://seleniumhq.org/exceptions/no_such_element.html
B Reasons-Wrong Locator. Or element may not yet be on the screen at the time of the find operation, due to slow internet.">
      <![CDATA[java.lang.AssertionError: failed to find element, message : org.openqa.selenium.NoSuchElementException: no such element: Unable to locate element: {"method":"xpath","selector":"//div[@class='col-sm-5']/ex"}
  (Session info: chrome=50.0.2661.75)
  (Driver info: chromedriver=2.22.397933 (1cab651507b88dec79b2b2a22d1943c01833cc1b),platform=Windows NT 10.0.14393 x86_64) (WARNING: The server did not provide any stacktrace information)
Command duration or timeout: 23 milliseconds
For documentation on this error, please visit: http://seleniumhq.org/exceptions/no_such_element.html
B Reasons-Wrong Locator. Or element may not yet be on the screen at the time of the find operation, due to slow internet.
	at org.testng.Assert.fail(Assert.java:83)
	at com.v2solutions.taf.common.pages.CommonPage.logAndCreateADefect(CommonPage.java:369)
	at test.v2solutions.pages.TestV2SolutionsContactUsPage.verifyEnquiryFormSectionDisplayedInDesktopView(TestV2SolutionsContactUsPage.java:101)
	at sun.reflect.NativeMethodAccessorImpl.invoke0(Native Method)
	at sun.reflect.NativeMethodAccessorImpl.invoke(NativeMethodAccessorImpl.java:62)
	at sun.reflect.DelegatingMethodAccessorImpl.invoke(DelegatingMethodAccessorImpl.java:43)
	at java.lang.reflect.Method.invoke(Method.java:483)
	at org.testng.internal.MethodInvocationHelper.invokeMethod(MethodInvocationHelper.java:86)
	at org.testng.internal.Invoker.invokeMethod(Invoker.java:643)
	at org.testng.internal.Invoker.invokeTestMethod(Invoker.java:820)
	at org.testng.internal.Invoker.invokeTestMethods(Invoker.java:1128)
	at org.testng.internal.TestMethodWorker.invokeTestMethods(TestMethodWorker.java:129)
	at org.testng.internal.TestMethodWorker.run(TestMethodWorker.java:112)
	at org.testng.TestRunner.privateRun(TestRunner.java:782)
	at org.testng.TestRunner.run(TestRunner.java:632)
	at org.testng.SuiteRunner.runTest(SuiteRunner.java:366)
	at org.testng.SuiteRunner.runSequentially(SuiteRunner.java:361)
	at org.testng.SuiteRunner.privateRun(SuiteRunner.java:319)
	at org.testng.SuiteRunner.run(SuiteRunner.java:268)
	at org.testng.SuiteRunnerWorker.runSuite(SuiteRunnerWorker.java:52)
	at org.testng.SuiteRunnerWorker.run(SuiteRunnerWorker.java:86)
	at org.testng.TestNG.runSuitesSequentially(TestNG.java:1244)
	at org.testng.TestNG.runSuitesLocally(TestNG.java:1169)
	at org.testng.TestNG.run(TestNG.java:1064)
	at org.apache.maven.surefire.testng.TestNGExecutor.run(TestNGExecutor.java:217)
	at org.apache.maven.surefire.testng.TestNGXmlTestSuite.execute(TestNGXmlTestSuite.java:84)
	at org.apache.maven.surefire.testng.TestNGProvider.invoke(TestNGProvider.java:92)
	at org.apache.maven.surefire.booter.ForkedBooter.invokeProviderInSameClassLoader(ForkedBooter.java:200)
	at org.apache.maven.surefire.booter.ForkedBooter.runSuitesInProcess(ForkedBooter.java:153)
	at org.apache.maven.surefire.booter.ForkedBooter.main(ForkedBooter.java:103)
Caused by: com.v2solutions.taf.common.logs.AnalizerException: failed to find element, message : org.openqa.selenium.NoSuchElementException: no such element: Unable to locate element: {"method":"xpath","selector":"//div[@class='col-sm-5']/ex"}
  (Session info: chrome=50.0.2661.75)
  (Driver info: chromedriver=2.22.397933 (1cab651507b88dec79b2b2a22d1943c01833cc1b),platform=Windows NT 10.0.14393 x86_64) (WARNING: The server did not provide any stacktrace information)
Command duration or timeout: 23 milliseconds
For documentation on this error, please visit: http://seleniumhq.org/exceptions/no_such_element.html
B Reasons-Wrong Locator. Or element may not yet be on the screen at the time of the find operation, due to slow internet.
	at com.v2solutions.taf.common.pages.CommonPage.logAndCreateADefect(CommonPage.java:363)
	... 28 more
Caused by: com.v2solutions.taf.exception.PageException: failed to find element, message : org.openqa.selenium.NoSuchElementException: no such element: Unable to locate element: {"method":"xpath","selector":"//div[@class='col-sm-5']/ex"}
  (Session info: chrome=50.0.2661.75)
  (Driver info: chromedriver=2.22.397933 (1cab651507b88dec79b2b2a22d1943c01833cc1b),platform=Windows NT 10.0.14393 x86_64) (WARNING: The server did not provide any stacktrace information)
Command duration or timeout: 23 milliseconds
For documentation on this error, please visit: http://seleniumhq.org/exceptions/no_such_element.html
Build info: version: '2.53.0', revision: '35ae25b', time: '2016-03-15 17:00:58'
System info: host: '185-129-71-76', ip: '185.129.71.76', os.name: 'windows', os.arch: 'x86', os.version: '10.0', java.version: '1.8.0_101'
Driver info: org.openqa.selenium.chrome.ChromeDriver
Capabilities [{applicationCacheEnabled=false, rotatable=false, mobileEmulationEnabled=false, chrome={chromedriverVersion=2.22.397933 (1cab651507b88dec79b2b2a22d1943c01833cc1b), userDataDir=C:\Windows\proxy\scoped_dir7976_32162}, takesHeapSnapshot=true, databaseEnabled=false, handlesAlerts=true, hasTouchScreen=false, version=50.0.2661.75, platform=XP, browserConnectionEnabled=false, nativeEvents=true, acceptSslCerts=true, locationContextEnabled=true, webStorageEnabled=true, browserName=chrome, takesScreenshot=true, javascriptEnabled=true, cssSelectorsEnabled=true}]
Session ID: 3443c9b8ce7ad187b3101dd0283642ba
*** Element info: {Using=xpath, value=//div[@class='col-sm-5']/ex}
Command duration or timeout: 1.66 seconds
For documentation on this error, please visit: http://seleniumhq.org/exceptions/no_such_element.html
Build info: version: '2.53.1', revision: 'a36b8b1cd5757287168e54b817830adce9b0158d', time: '2016-06-30 19:26:09'
System info: host: 'V2MUMPC0455', ip: '192.168.15.38', os.name: 'Windows 7', os.arch: 'amd64', os.version: '6.1', java.version: '1.8.0_31'
Driver info: org.openqa.selenium.remote.RemoteWebDriver
Capabilities [{applicationCacheEnabled=false, rotatable=false, mobileEmulationEnabled=false, chrome={chromedriverVersion=2.22.397933 (1cab651507b88dec79b2b2a22d1943c01833cc1b), userDataDir=C:\Windows\proxy\scoped_dir7976_32162}, takesHeapSnapshot=true, databaseEnabled=false, handlesAlerts=true, hasTouchScreen=false, version=50.0.2661.75, platform=XP, browserConnectionEnabled=false, nativeEvents=true, acceptSslCerts=true, webdriver.remote.sessionid=f5395437bf321f33719eb608f51079c38e88c05e, locationContextEnabled=true, webStorageEnabled=true, browserName=chrome, takesScreenshot=true, javascriptEnabled=true, cssSelectorsEnabled=true}]
Session ID: f5395437bf321f33719eb608f51079c38e88c05e
*** Element info: {Using=xpath, value=//div[@class='col-sm-5']/ex}
	at com.v2solutions.taf.core.WebPage.waitOnElement(WebPage.java:819)
	at com.v2solutions.taf.core.WebPage.findPageObjectByXPath(WebPage.java:300)
	at com.v2solutions.pages.V2SolutionContactUsPage.verifySectionPresentOnPage(V2SolutionContactUsPage.java:101)
	at test.v2solutions.pages.TestV2SolutionsContactUsPage.verifyEnquiryFormSectionDisplayedInDesktopView(TestV2SolutionsContactUsPage.java:98)
	... 27 more
]]>
    </failure>
  </testcase> <!-- verifyEnquiryFormSectionDisplayedInDesktopView -->
  <testcase name="verifyFirstNameTextboxInEnquiryFormRenderedWithDefaultValueInDesktopView" time="0.352" classname="test.v2solutions.pages.TestV2SolutionsContactUsPage"/>
  <testcase name="verifyH2HeaderTextInDesktopView" time="0.369" classname="test.v2solutions.pages.TestV2SolutionsContactUsPage"/>
  <testcase name="verifyUSAndIndiaContactLocationDisplayedInDesktopView" time="1.328" classname="test.v2solutions.pages.TestV2SolutionsContactUsPage"/>
  <testcase name="validateEmailErrorMessageInEnquiryDetailsFormInDesktopView" time="4.240" classname="test.v2solutions.pages.TestV2SolutionsContactUsPage">
    <failure type="java.lang.AssertionError" message=" Locator of &#039;Email Textbox in enquiry with xpath//*[@id=&#039;contact_email&#039;] and error mesage with xpath&#039; is &#039;//*[@class=&#039;errorMsg errorStyle&#039;]&#039; Error-Email error message mismatched in Desktop view expected [Please enter valid email id] but found [Please enter valid email address]">
      <![CDATA[java.lang.AssertionError:  Locator of 'Email Textbox in enquiry with xpath//*[@id='contact_email'] and error mesage with xpath' is '//*[@class='errorMsg errorStyle']' Error-Email error message mismatched in Desktop view expected [Please enter valid email id] but found [Please enter valid email address]
	at org.testng.Assert.fail(Assert.java:83)
	at com.v2solutions.taf.common.pages.CommonPage.logAndCreateADefect(CommonPage.java:369)
	at test.v2solutions.pages.TestV2SolutionsContactUsPage.validateEmailErrorMessageInEnquiryDetailsFormInDesktopView(TestV2SolutionsContactUsPage.java:143)
	at sun.reflect.NativeMethodAccessorImpl.invoke0(Native Method)
	at sun.reflect.NativeMethodAccessorImpl.invoke(NativeMethodAccessorImpl.java:62)
	at sun.reflect.DelegatingMethodAccessorImpl.invoke(DelegatingMethodAccessorImpl.java:43)
	at java.lang.reflect.Method.invoke(Method.java:483)
	at org.testng.internal.MethodInvocationHelper.invokeMethod(MethodInvocationHelper.java:86)
	at org.testng.internal.Invoker.invokeMethod(Invoker.java:643)
	at org.testng.internal.Invoker.invokeTestMethod(Invoker.java:820)
	at org.testng.internal.Invoker.invokeTestMethods(Invoker.java:1128)
	at org.testng.internal.TestMethodWorker.invokeTestMethods(TestMethodWorker.java:129)
	at org.testng.internal.TestMethodWorker.run(TestMethodWorker.java:112)
	at org.testng.TestRunner.privateRun(TestRunner.java:782)
	at org.testng.TestRunner.run(TestRunner.java:632)
	at org.testng.SuiteRunner.runTest(SuiteRunner.java:366)
	at org.testng.SuiteRunner.runSequentially(SuiteRunner.java:361)
	at org.testng.SuiteRunner.privateRun(SuiteRunner.java:319)
	at org.testng.SuiteRunner.run(SuiteRunner.java:268)
	at org.testng.SuiteRunnerWorker.runSuite(SuiteRunnerWorker.java:52)
	at org.testng.SuiteRunnerWorker.run(SuiteRunnerWorker.java:86)
	at org.testng.TestNG.runSuitesSequentially(TestNG.java:1244)
	at org.testng.TestNG.runSuitesLocally(TestNG.java:1169)
	at org.testng.TestNG.run(TestNG.java:1064)
	at org.apache.maven.surefire.testng.TestNGExecutor.run(TestNGExecutor.java:217)
	at org.apache.maven.surefire.testng.TestNGXmlTestSuite.execute(TestNGXmlTestSuite.java:84)
	at org.apache.maven.surefire.testng.TestNGProvider.invoke(TestNGProvider.java:92)
	at org.apache.maven.surefire.booter.ForkedBooter.invokeProviderInSameClassLoader(ForkedBooter.java:200)
	at org.apache.maven.surefire.booter.ForkedBooter.runSuitesInProcess(ForkedBooter.java:153)
	at org.apache.maven.surefire.booter.ForkedBooter.main(ForkedBooter.java:103)
Caused by: com.v2solutions.taf.common.logs.AnalizerException:  Locator of 'Email Textbox in enquiry with xpath//*[@id='contact_email'] and error mesage with xpath' is '//*[@class='errorMsg errorStyle']' Error-Email error message mismatched in Desktop view expected [Please enter valid email id] but found [Please enter valid email address]
	at com.v2solutions.taf.common.pages.CommonPage.logAndCreateADefect(CommonPage.java:363)
	... 28 more
Caused by: java.lang.AssertionError: Email error message mismatched in Desktop view expected [Please enter valid email id] but found [Please enter valid email address]
	at org.testng.Assert.fail(Assert.java:94)
	at org.testng.Assert.failNotEquals(Assert.java:513)
	at org.testng.Assert.assertEqualsImpl(Assert.java:135)
	at org.testng.Assert.assertEquals(Assert.java:116)
	at org.testng.Assert.assertEquals(Assert.java:190)
	at test.v2solutions.pages.TestV2SolutionsContactUsPage.validateEmailErrorMessageInEnquiryDetailsFormInDesktopView(TestV2SolutionsContactUsPage.java:141)
	... 27 more
]]>
    </failure>
  </testcase> <!-- validateEmailErrorMessageInEnquiryDetailsFormInDesktopView -->
</testsuite> <!-- test.v2solutions.pages.TestV2SolutionsContactUsPage -->
