<?xml version="1.0" encoding="UTF-8"?>
<!-- Generated by org.testng.reporters.JUnitReportReporter -->
<testsuite hostname="V2MUMPC0455" name="test.v2solutions.pages.TestV2SolutionsHomePage" tests="9" failures="2" timestamp="25 Jan 2017 11:03:28 GMT" time="96.279" errors="0">
  <testcase name="validateTabToggleFuctionalityInTabletView" time="26.049" classname="test.v2solutions.pages.TestV2SolutionsHomePage">
    <failure type="java.lang.AssertionError" message=" Locator of &#039;Menu link with xpath&#039; is &#039;(//*[@data-toggle=&#039;tab&#039;])&#039; Error-Menu links not expanded on mouse hover expected [true] but found [false]">
      <![CDATA[java.lang.AssertionError:  Locator of 'Menu link with xpath' is '(//*[@data-toggle='tab'])' Error-Menu links not expanded on mouse hover expected [true] but found [false]
	at org.testng.Assert.fail(Assert.java:83)
	at com.v2solutions.taf.common.pages.CommonPage.logAndCreateADefect(CommonPage.java:369)
	at test.v2solutions.pages.TestV2SolutionsHomePage.validateTabToggleFuctionalityInTabletView(TestV2SolutionsHomePage.java:280)
	at sun.reflect.NativeMethodAccessorImpl.invoke0(Native Method)
	at sun.reflect.NativeMethodAccessorImpl.invoke(NativeMethodAccessorImpl.java:62)
	at sun.reflect.DelegatingMethodAccessorImpl.invoke(DelegatingMethodAccessorImpl.java:43)
	at java.lang.reflect.Method.invoke(Method.java:483)
	at org.testng.internal.MethodInvocationHelper.invokeMethod(MethodInvocationHelper.java:86)
	at org.testng.internal.Invoker.invokeMethod(Invoker.java:643)
	at org.testng.internal.Invoker.invokeTestMethod(Invoker.java:820)
	at org.testng.internal.Invoker.invokeTestMethods(Invoker.java:1128)
	at org.testng.internal.TestMethodWorker.invokeTestMethods(TestMethodWorker.java:129)
	at org.testng.internal.TestMethodWorker.run(TestMethodWorker.java:112)
	at org.testng.TestRunner.privateRun(TestRunner.java:782)
	at org.testng.TestRunner.run(TestRunner.java:632)
	at org.testng.SuiteRunner.runTest(SuiteRunner.java:366)
	at org.testng.SuiteRunner.runSequentially(SuiteRunner.java:361)
	at org.testng.SuiteRunner.privateRun(SuiteRunner.java:319)
	at org.testng.SuiteRunner.run(SuiteRunner.java:268)
	at org.testng.SuiteRunnerWorker.runSuite(SuiteRunnerWorker.java:52)
	at org.testng.SuiteRunnerWorker.run(SuiteRunnerWorker.java:86)
	at org.testng.TestNG.runSuitesSequentially(TestNG.java:1244)
	at org.testng.TestNG.runSuitesLocally(TestNG.java:1169)
	at org.testng.TestNG.run(TestNG.java:1064)
	at org.testng.remote.AbstractRemoteTestNG.run(AbstractRemoteTestNG.java:132)
	at org.testng.remote.RemoteTestNG.initAndRun(RemoteTestNG.java:236)
	at org.testng.remote.RemoteTestNG.main(RemoteTestNG.java:81)
Caused by: com.v2solutions.taf.common.logs.AnalizerException:  Locator of 'Menu link with xpath' is '(//*[@data-toggle='tab'])' Error-Menu links not expanded on mouse hover expected [true] but found [false]
	at com.v2solutions.taf.common.pages.CommonPage.logAndCreateADefect(CommonPage.java:363)
	... 25 more
Caused by: java.lang.AssertionError: Menu links not expanded on mouse hover expected [true] but found [false]
	at org.testng.Assert.fail(Assert.java:94)
	at org.testng.Assert.failNotEquals(Assert.java:513)
	at org.testng.Assert.assertTrue(Assert.java:42)
	at test.v2solutions.pages.TestV2SolutionsHomePage.validateTabToggleFuctionalityInTabletView(TestV2SolutionsHomePage.java:278)
	... 24 more
]]>
    </failure>
  </testcase> <!-- validateTabToggleFuctionalityInTabletView -->
  <testcase name="verifyPageIsResizedToTabletViewLayout" time="3.900" classname="test.v2solutions.pages.TestV2SolutionsHomePage"/>
  <testcase name="validatePaginationInTabletView" time="1.301" classname="test.v2solutions.pages.TestV2SolutionsHomePage">
    <failure type="java.lang.AssertionError" message=" Locator of &#039;GLobal Header section with xpath&#039; is &#039;&#039; Error-Pagination not working properly in Tablet view expected [true] but found [false]">
      <![CDATA[java.lang.AssertionError:  Locator of 'GLobal Header section with xpath' is '' Error-Pagination not working properly in Tablet view expected [true] but found [false]
	at org.testng.Assert.fail(Assert.java:83)
	at com.v2solutions.taf.common.pages.CommonPage.logAndCreateADefect(CommonPage.java:369)
	at test.v2solutions.pages.TestV2SolutionsHomePage.validatePaginationInTabletView(TestV2SolutionsHomePage.java:218)
	at sun.reflect.NativeMethodAccessorImpl.invoke0(Native Method)
	at sun.reflect.NativeMethodAccessorImpl.invoke(NativeMethodAccessorImpl.java:62)
	at sun.reflect.DelegatingMethodAccessorImpl.invoke(DelegatingMethodAccessorImpl.java:43)
	at java.lang.reflect.Method.invoke(Method.java:483)
	at org.testng.internal.MethodInvocationHelper.invokeMethod(MethodInvocationHelper.java:86)
	at org.testng.internal.Invoker.invokeMethod(Invoker.java:643)
	at org.testng.internal.Invoker.invokeTestMethod(Invoker.java:820)
	at org.testng.internal.Invoker.invokeTestMethods(Invoker.java:1128)
	at org.testng.internal.TestMethodWorker.invokeTestMethods(TestMethodWorker.java:129)
	at org.testng.internal.TestMethodWorker.run(TestMethodWorker.java:112)
	at org.testng.TestRunner.privateRun(TestRunner.java:782)
	at org.testng.TestRunner.run(TestRunner.java:632)
	at org.testng.SuiteRunner.runTest(SuiteRunner.java:366)
	at org.testng.SuiteRunner.runSequentially(SuiteRunner.java:361)
	at org.testng.SuiteRunner.privateRun(SuiteRunner.java:319)
	at org.testng.SuiteRunner.run(SuiteRunner.java:268)
	at org.testng.SuiteRunnerWorker.runSuite(SuiteRunnerWorker.java:52)
	at org.testng.SuiteRunnerWorker.run(SuiteRunnerWorker.java:86)
	at org.testng.TestNG.runSuitesSequentially(TestNG.java:1244)
	at org.testng.TestNG.runSuitesLocally(TestNG.java:1169)
	at org.testng.TestNG.run(TestNG.java:1064)
	at org.testng.remote.AbstractRemoteTestNG.run(AbstractRemoteTestNG.java:132)
	at org.testng.remote.RemoteTestNG.initAndRun(RemoteTestNG.java:236)
	at org.testng.remote.RemoteTestNG.main(RemoteTestNG.java:81)
Caused by: com.v2solutions.taf.common.logs.AnalizerException:  Locator of 'GLobal Header section with xpath' is '' Error-Pagination not working properly in Tablet view expected [true] but found [false]
	at com.v2solutions.taf.common.pages.CommonPage.logAndCreateADefect(CommonPage.java:363)
	... 25 more
Caused by: java.lang.AssertionError: Pagination not working properly in Tablet view expected [true] but found [false]
	at org.testng.Assert.fail(Assert.java:94)
	at org.testng.Assert.failNotEquals(Assert.java:513)
	at org.testng.Assert.assertTrue(Assert.java:42)
	at test.v2solutions.pages.TestV2SolutionsHomePage.validatePaginationInTabletView(TestV2SolutionsHomePage.java:216)
	... 24 more
]]>
    </failure>
  </testcase> <!-- validatePaginationInTabletView -->
  <testcase name="validateInOurSolutionSectionTabToggleFunctionalityArrangedInHorizontallyInTabletView" time="4.055" classname="test.v2solutions.pages.TestV2SolutionsHomePage"/>
  <testcase name="validate_Button_Links_In_Innovation_That_Matters_Are_ClickableIn_Tablet_View" time="9.407" classname="test.v2solutions.pages.TestV2SolutionsHomePage"/>
  <testcase name="validateThumbnailIconPositionInOurIndustryFocusSectionInTabletView" time="9.113" classname="test.v2solutions.pages.TestV2SolutionsHomePage"/>
  <testcase name="validate_Button_Links_In_Innovation_That_Matters_Are_Highlighted_On_MouseHover_In_Tablet_View" time="8.231" classname="test.v2solutions.pages.TestV2SolutionsHomePage"/>
  <testcase name="validatePaginationForCompaniesWorkedWithSectionInTabletView" time="32.458" classname="test.v2solutions.pages.TestV2SolutionsHomePage"/>
  <testcase name="close" time="1.765" classname="test.v2solutions.pages.TestV2SolutionsHomePage"/>
</testsuite> <!-- test.v2solutions.pages.TestV2SolutionsHomePage -->
