<?xml version="1.0" encoding="UTF-8"?>
<!-- Generated by org.testng.reporters.JUnitReportReporter -->
<testsuite hostname="V2MUMPC0014" name="test.v2solutions.pages.TestV2SolutionsContactUsPage" tests="10" failures="1" timestamp="2 Feb 2017 09:17:22 GMT" time="30.363" errors="0">
  <testcase name="verifyPageIsResizedToMobileViewLayout" time="0.007" classname="test.v2solutions.pages.TestV2SolutionsContactUsPage"/>
  <testcase name="verifySocialIconRenderedInMobileView" time="5.644" classname="test.v2solutions.pages.TestV2SolutionsContactUsPage"/>
  <testcase name="verifySocialIconRenderedInMobileView" time="6.334" classname="test.v2solutions.pages.TestV2SolutionsContactUsPage"/>
  <testcase name="verifyFirstNameTextboxInEnquiryFormRenderedWithDefaultValueInMobileView" time="0.321" classname="test.v2solutions.pages.TestV2SolutionsContactUsPage"/>
  <testcase name="verifyUSAndIndiaContactLocationDisplayedInMobileView" time="1.333" classname="test.v2solutions.pages.TestV2SolutionsContactUsPage"/>
  <testcase name="verifyH2HeaderTextInMobileView" time="0.345" classname="test.v2solutions.pages.TestV2SolutionsContactUsPage"/>
  <testcase name="verifyEnquiryFormSectionDisplayedInMobileView" time="1.327" classname="test.v2solutions.pages.TestV2SolutionsContactUsPage"/>
  <testcase name="validateEmailErrorMessageInEnquiryDetailsFormInMobileView" time="2.801" classname="test.v2solutions.pages.TestV2SolutionsContactUsPage"/>
  <testcase name="verifySocialIconRenderedInMobileView" time="5.642" classname="test.v2solutions.pages.TestV2SolutionsContactUsPage"/>
  <testcase name="verifyMapAndAddressRepresentHorizontallyInMobileView" time="6.609" classname="test.v2solutions.pages.TestV2SolutionsContactUsPage">
    <failure type="java.lang.AssertionError" message="The provided server address to RemoteWebDriver is invalid, so the connection could not be established. The browser has died mid-test.">
      <![CDATA[java.lang.AssertionError: The provided server address to RemoteWebDriver is invalid, so the connection could not be established. The browser has died mid-test.
	at org.testng.Assert.fail(Assert.java:83)
	at com.v2solutions.taf.common.pages.CommonPage.logAndCreateADefect(CommonPage.java:369)
	at test.v2solutions.pages.TestV2SolutionsContactUsPage.verifyMapAndAddressRepresentHorizontallyInMobileView(TestV2SolutionsContactUsPage.java:525)
	at sun.reflect.NativeMethodAccessorImpl.invoke0(Native Method)
	at sun.reflect.NativeMethodAccessorImpl.invoke(NativeMethodAccessorImpl.java:62)
	at sun.reflect.DelegatingMethodAccessorImpl.invoke(DelegatingMethodAccessorImpl.java:43)
	at java.lang.reflect.Method.invoke(Method.java:483)
	at org.testng.internal.MethodInvocationHelper.invokeMethod(MethodInvocationHelper.java:86)
	at org.testng.internal.Invoker.invokeMethod(Invoker.java:643)
	at org.testng.internal.Invoker.invokeTestMethod(Invoker.java:820)
	at org.testng.internal.Invoker.invokeTestMethods(Invoker.java:1128)
	at org.testng.internal.TestMethodWorker.invokeTestMethods(TestMethodWorker.java:129)
	at org.testng.internal.TestMethodWorker.run(TestMethodWorker.java:112)
	at org.testng.TestRunner.privateRun(TestRunner.java:782)
	at org.testng.TestRunner.run(TestRunner.java:632)
	at org.testng.SuiteRunner.runTest(SuiteRunner.java:366)
	at org.testng.SuiteRunner.runSequentially(SuiteRunner.java:361)
	at org.testng.SuiteRunner.privateRun(SuiteRunner.java:319)
	at org.testng.SuiteRunner.run(SuiteRunner.java:268)
	at org.testng.SuiteRunnerWorker.runSuite(SuiteRunnerWorker.java:52)
	at org.testng.SuiteRunnerWorker.run(SuiteRunnerWorker.java:86)
	at org.testng.TestNG.runSuitesSequentially(TestNG.java:1244)
	at org.testng.TestNG.runSuitesLocally(TestNG.java:1169)
	at org.testng.TestNG.run(TestNG.java:1064)
	at org.testng.remote.AbstractRemoteTestNG.run(AbstractRemoteTestNG.java:132)
	at org.testng.remote.RemoteTestNG.initAndRun(RemoteTestNG.java:236)
	at org.testng.remote.RemoteTestNG.main(RemoteTestNG.java:81)
Caused by: com.v2solutions.taf.common.logs.AnalizerException: The provided server address to RemoteWebDriver is invalid, so the connection could not be established. The browser has died mid-test.
	at com.v2solutions.taf.common.pages.CommonPage.logAndCreateADefect(CommonPage.java:363)
	... 25 more
Caused by: org.openqa.selenium.remote.UnreachableBrowserException: Error communicating with the remote browser. It may have died.
Build info: version: '2.53.1', revision: 'a36b8b1cd5757287168e54b817830adce9b0158d', time: '2016-06-30 19:26:09'
System info: host: 'V2MUMPC0014', ip: '192.168.15.171', os.name: 'Windows 7', os.arch: 'amd64', os.version: '6.1', java.version: '1.8.0_25'
Driver info: driver.version: RemoteWebDriver
Capabilities [{noReset=true, safari=true, enablePersistentHover=false, browserstack.tunnelIdentifier=, loggingPrefs={performance=ALL, browser=ALL}, language=Apache-HttpClient/4.3.5 (java 1.5), resolution=1280x1024, deviceName==iPhone 6 (8.3 Simulator) [B6160656-BD94-4E03-A734-BD96BB6E5BD0], platform=MAC, browserstack.video.disableWaterMark=false, desired={noReset=true, enablePersistentHover=false, browserstack.tunnelIdentifier=, loggingPrefs={performance=ALL, browser=ALL}, language=Apache-HttpClient/4.3.5 (java 1.5), resolution=1280x1024, deviceName==iPhone 6 (8.3 Simulator) [B6160656-BD94-4E03-A734-BD96BB6E5BD0], platform=MAC, browserstack.video.disableWaterMark=false, osVersion=8.3, acceptSslCerts=false, newCommandTimeout=300, requireWindowFocus=true, browser=iphone, platformVersion=8.3, acceptSslCert=false, browserName=safari, platformName=iOS, 64bit=false, browserstack.debug=true, orientation=portrait, os=MAC, browserstack.ie.noFlash=false, os_version=, mobile={"browser":"mobile","version":"iPhone 6-8.3"}, version=, browserstack.video=true, safariIgnoreFraudWarning=true, orig_os=macyos, realMobile=false, deviceOrientation=PORTRAIT, ignoreProtectedModeSettings=true, device=iPhone 6, browserstack.callbackStop=true, proxy_type=node}, osVersion=8.3, acceptSslCerts=false, newCommandTimeout=300, requireWindowFocus=true, browser=iphone, platformVersion=8.3, webStorageEnabled=false, acceptSslCert=false, browserName=safari, takesScreenshot=true, javascriptEnabled=true, platformName=iOS, 64bit=false, browserstack.debug=true, networkConnectionEnabled=false, orientation=portrait, os=MAC, browserstack.ie.noFlash=false, warnings={}, os_version=, mobile={"browser":"mobile","version":"iPhone 6-8.3"}, databaseEnabled=false, version=, browserstack.video=true, safariIgnoreFraudWarning=true, orig_os=macyos, realMobile=false, locationContextEnabled=false, deviceOrientation=PORTRAIT, ignoreProtectedModeSettings=true, device=iPhone 6, browserstack.callbackStop=true, proxy_type=node}]
Session ID: 9fc51238be58ec0ed5e355087120c4a92171cc45
	at org.openqa.selenium.remote.RemoteWebDriver.execute(RemoteWebDriver.java:665)
	at org.openqa.selenium.remote.RemoteWebElement.execute(RemoteWebElement.java:327)
	at org.openqa.selenium.remote.RemoteWebElement.getLocation(RemoteWebElement.java:380)
	at com.v2solutions.pages.V2SolutionContactUsPage.verifyComponentPositionInMobile(V2SolutionContactUsPage.java:212)
	at test.v2solutions.pages.TestV2SolutionsContactUsPage.verifyMapAndAddressRepresentHorizontallyInMobileView(TestV2SolutionsContactUsPage.java:522)
	... 24 more
Caused by: java.lang.NumberFormatException: For input string: "37.5"
	at java.lang.NumberFormatException.forInputString(NumberFormatException.java:65)
	at java.lang.Integer.parseInt(Integer.java:580)
	at java.math.BigInteger.<init>(BigInteger.java:461)
	at java.math.BigInteger.<init>(BigInteger.java:597)
	at com.google.gson.internal.LazilyParsedNumber.longValue(LazilyParsedNumber.java:51)
	at com.google.gson.JsonPrimitive.getAsLong(JsonPrimitive.java:233)
	at org.openqa.selenium.remote.JsonToBeanConverter.convertJsonPrimitive(JsonToBeanConverter.java:249)
	at org.openqa.selenium.remote.JsonToBeanConverter.convert(JsonToBeanConverter.java:75)
	at org.openqa.selenium.remote.JsonToBeanConverter.convertMap(JsonToBeanConverter.java:344)
	at org.openqa.selenium.remote.JsonToBeanConverter.convert(JsonToBeanConverter.java:219)
	at org.openqa.selenium.remote.JsonToBeanConverter.convert(JsonToBeanConverter.java:43)
	at org.openqa.selenium.remote.JsonToBeanConverter.convert(JsonToBeanConverter.java:144)
	at org.openqa.selenium.remote.JsonToBeanConverter.convert(JsonToBeanConverter.java:43)
	at org.openqa.selenium.remote.http.JsonHttpResponseCodec.decode(JsonHttpResponseCodec.java:78)
	at org.openqa.selenium.remote.HttpCommandExecutor.execute(HttpCommandExecutor.java:145)
	at org.openqa.selenium.remote.RemoteWebDriver.execute(RemoteWebDriver.java:644)
	... 28 more
]]>
    </failure>
  </testcase> <!-- verifyMapAndAddressRepresentHorizontallyInMobileView -->
</testsuite> <!-- test.v2solutions.pages.TestV2SolutionsContactUsPage -->
