20 Jan 2017 13:55:00,782 INFO  [Class=com.v2solutions.taf.listener.LogErrorListener] [Method=<init>] [Line=25] Log error listener object is created.
20 Jan 2017 13:55:00,855 INFO  [Class=com.v2solutions.taf.util.FileUtils] [Method=readPropertyFile] [Line=78] Loading property file from D:\V2Auto_POM\test-automation-scripts\src\test\resources\pageurls\qa.pageurls.properties
20 Jan 2017 13:55:00,881 INFO  [Class=com.v2solutions.taf.common.logs.ITestResultLogger] [Method=<init>] [Line=49] ****Excel Logger Thread instantiated!
20 Jan 2017 13:55:00,890 INFO  [Class=com.v2solutions.taf.common.logs.ITestResultLogger] [Method=startLogging] [Line=125] ****Excel Logger Thread started to write failed analysis for qa-engineer logs.
20 Jan 2017 13:55:00,891 INFO  [Class=com.v2solutions.taf.common.logs.ITestResultLogger] [Method=startLogging] [Line=129] ****Excel Logger Thread started to write failed analysis for customer logs.
20 Jan 2017 13:55:00,891 INFO  [Class=com.v2solutions.taf.common.logs.ITestResultLogger] [Method=startLogging] [Line=132] ****Excel Logger Thread started to write for Final Results.
20 Jan 2017 13:55:00,891 INFO  [Class=com.v2solutions.taf.common.logs.ITestResultLogger] [Method=startLogging] [Line=135] ****Excel Logger Thread started to write for Passed Results.
20 Jan 2017 13:55:00,891 INFO  [Class=com.v2solutions.taf.common.logs.ITestResultLogger] [Method=startLogging] [Line=138] ****Excel Logger Thread started to write for Skipped Results.
20 Jan 2017 13:55:00,891 INFO  [Class=com.v2solutions.taf.common.logs.ITestResultLogger] [Method=startLogging] [Line=141] ****Excel Logger Thread started to write for Failed Results.
20 Jan 2017 13:55:00,892 INFO  [Class=com.v2solutions.taf.listener.SuiteListener] [Method=<init>] [Line=57] Log error listener object started.
20 Jan 2017 13:55:00,892 INFO  [Class=com.v2solutions.taf.common.logs.ITestResultLogger] [Method=run] [Line=172] ****Excel Logger Thread started.
20 Jan 2017 13:55:01,357 INFO  [Class=com.v2solutions.taf.listener.SuiteListener] [Method=onStart] [Line=63] Suite Name :Regression suite - Start
20 Jan 2017 13:55:01,357 INFO  [Class=com.v2solutions.taf.listener.SuiteListener] [Method=onStart] [Line=65] src/test/resources/pageurls/qa.pageurls.properties
20 Jan 2017 13:55:01,358 INFO  [Class=com.v2solutions.taf.listener.SuiteListener] [Method=onStart] [Line=83] Host Name:null
20 Jan 2017 13:55:01,385 INFO  [Class=com.v2solutions.common.BaseTest] [Method=loadDriver] [Line=81] Start - loadConfig
20 Jan 2017 13:55:01,385 INFO  [Class=com.v2solutions.common.BaseTest] [Method=loadDriver] [Line=83] Reading config file : src/test/resources/config.properties
20 Jan 2017 13:55:01,386 INFO  [Class=com.v2solutions.common.BaseTest] [Method=loadDriver] [Line=90] Configuration file - src/test/resources/config.properties
20 Jan 2017 13:55:01,462 INFO  [Class=com.v2solutions.taf.core.ProfileConfiguration] [Method=<init>] [Line=80] D:\V2Auto_POM\test-automation-scripts\src\test\resources\config.properties config file name:  src/test/resources/config.properties
20 Jan 2017 13:55:01,480 INFO  [Class=com.v2solutions.taf.core.ProfileConfiguration] [Method=<init>] [Line=137] HEREHERE - 1
20 Jan 2017 13:55:01,497 INFO  [Class=com.v2solutions.taf.core.DriverFactory] [Method=getDriver] [Line=30] Start - getDriver
20 Jan 2017 13:55:01,511 INFO  [Class=com.v2solutions.taf.core.ProfileBuilder] [Method=setOsName] [Line=101] osName coming: WINDOWSosName set to: WINDOWS
20 Jan 2017 13:55:08,925 INFO  [Class=com.v2solutions.taf.core.DriverFactory] [Method=getDriver] [Line=43] End - getDriver
20 Jan 2017 13:55:08,926 INFO  [Class=com.v2solutions.taf.core.DriverFactory] [Method=getDriver] [Line=44] END OF DRIVER FACTORY
20 Jan 2017 13:55:08,926 INFO  [Class=com.v2solutions.common.BaseTest] [Method=loadDriver] [Line=94] End - loadConfig
20 Jan 2017 13:55:08,926 INFO  [Class=com.v2solutions.common.BaseTest] [Method=loadDriver] [Line=96] Open browser ::1
20 Jan 2017 13:55:08,926 INFO  [Class=com.v2solutions.taf.core.ProfileConfiguration] [Method=<init>] [Line=80] D:\V2Auto_POM\test-automation-scripts\src\test\resources\config.properties config file name:  src/test/resources/config.properties
20 Jan 2017 13:55:08,927 INFO  [Class=com.v2solutions.taf.core.ProfileConfiguration] [Method=<init>] [Line=137] HEREHERE - 1
20 Jan 2017 13:55:14,986 INFO  [Class=com.v2solutions.taf.util.ExcelUtil] [Method=readExcelData] [Line=37] sheetName------------------V2MainPage
20 Jan 2017 13:55:14,989 INFO  [Class=com.v2solutions.taf.util.ExcelUtil] [Method=readExcelData] [Line=39] tableName------------------PageFooterComponentSections
20 Jan 2017 13:55:15,003 INFO  [Class=com.v2solutions.taf.util.ExcelUtil] [Method=readExcelData] [Line=37] sheetName------------------V2MainPage
20 Jan 2017 13:55:15,004 INFO  [Class=com.v2solutions.taf.util.ExcelUtil] [Method=readExcelData] [Line=39] tableName------------------Verify_ValueDelivered_content
20 Jan 2017 13:55:15,014 INFO  [Class=com.v2solutions.taf.util.ExcelUtil] [Method=readExcelData] [Line=37] sheetName------------------V2MainPage
20 Jan 2017 13:55:15,015 INFO  [Class=com.v2solutions.taf.util.ExcelUtil] [Method=readExcelData] [Line=39] tableName------------------TwitterLinks
20 Jan 2017 13:55:15,024 INFO  [Class=com.v2solutions.taf.util.ExcelUtil] [Method=readExcelData] [Line=37] sheetName------------------V2MainPage
20 Jan 2017 13:55:15,024 INFO  [Class=com.v2solutions.taf.util.ExcelUtil] [Method=readExcelData] [Line=39] tableName------------------Verify_ValueDelivered_content
20 Jan 2017 13:55:15,039 INFO  [Class=com.v2solutions.taf.util.ExcelUtil] [Method=readExcelData] [Line=37] sheetName------------------V2MainPage
20 Jan 2017 13:55:15,039 INFO  [Class=com.v2solutions.taf.util.ExcelUtil] [Method=readExcelData] [Line=39] tableName------------------PageFooterComponentSections
20 Jan 2017 13:55:15,050 INFO  [Class=com.v2solutions.taf.util.ExcelUtil] [Method=readExcelData] [Line=37] sheetName------------------V2MainPage
20 Jan 2017 13:55:15,051 INFO  [Class=com.v2solutions.taf.util.ExcelUtil] [Method=readExcelData] [Line=39] tableName------------------Verify_ValueDelivered_content
20 Jan 2017 13:55:15,058 INFO  [Class=com.v2solutions.taf.util.ExcelUtil] [Method=readExcelData] [Line=37] sheetName------------------V2MainPage
20 Jan 2017 13:55:15,058 INFO  [Class=com.v2solutions.taf.util.ExcelUtil] [Method=readExcelData] [Line=39] tableName------------------TwitterLinks
20 Jan 2017 13:55:15,071 INFO  [Class=com.v2solutions.taf.util.ExcelUtil] [Method=readExcelData] [Line=37] sheetName------------------V2MainPage
20 Jan 2017 13:55:15,071 INFO  [Class=com.v2solutions.taf.util.ExcelUtil] [Method=readExcelData] [Line=39] tableName------------------Verify_ValueDelivered_content
20 Jan 2017 13:55:15,076 INFO  [Class=com.v2solutions.taf.util.ExcelUtil] [Method=readExcelData] [Line=37] sheetName------------------V2MainPage
20 Jan 2017 13:55:15,076 INFO  [Class=com.v2solutions.taf.util.ExcelUtil] [Method=readExcelData] [Line=39] tableName------------------Verify_ValueDelivered_content
20 Jan 2017 13:55:15,083 INFO  [Class=com.v2solutions.taf.util.ExcelUtil] [Method=readExcelData] [Line=37] sheetName------------------V2MainPage
20 Jan 2017 13:55:15,084 INFO  [Class=com.v2solutions.taf.util.ExcelUtil] [Method=readExcelData] [Line=39] tableName------------------TwitterLinks
20 Jan 2017 13:55:15,089 INFO  [Class=com.v2solutions.taf.util.ExcelUtil] [Method=readExcelData] [Line=37] sheetName------------------V2MainPage
20 Jan 2017 13:55:15,090 INFO  [Class=com.v2solutions.taf.util.ExcelUtil] [Method=readExcelData] [Line=39] tableName------------------Verify_ValueDelivered_content
20 Jan 2017 13:55:15,094 INFO  [Class=com.v2solutions.taf.util.ExcelUtil] [Method=readExcelData] [Line=37] sheetName------------------V2MainPage
20 Jan 2017 13:55:15,094 INFO  [Class=com.v2solutions.taf.util.ExcelUtil] [Method=readExcelData] [Line=39] tableName------------------desktop_layout
20 Jan 2017 13:55:15,099 INFO  [Class=com.v2solutions.taf.util.ExcelUtil] [Method=readExcelData] [Line=37] sheetName------------------V2MainPage
20 Jan 2017 13:55:15,100 INFO  [Class=com.v2solutions.taf.util.ExcelUtil] [Method=readExcelData] [Line=39] tableName------------------PageFooterSection
20 Jan 2017 13:55:15,104 INFO  [Class=com.v2solutions.taf.util.ExcelUtil] [Method=readExcelData] [Line=37] sheetName------------------V2MainPage
20 Jan 2017 13:55:15,104 INFO  [Class=com.v2solutions.taf.util.ExcelUtil] [Method=readExcelData] [Line=39] tableName------------------PageFooterComponentSections
20 Jan 2017 13:55:15,108 INFO  [Class=com.v2solutions.taf.util.ExcelUtil] [Method=readExcelData] [Line=37] sheetName------------------V2MainPage
20 Jan 2017 13:55:15,109 INFO  [Class=com.v2solutions.taf.util.ExcelUtil] [Method=readExcelData] [Line=39] tableName------------------LogoInPageFooter
20 Jan 2017 13:55:15,139 INFO  [Class=com.v2solutions.taf.util.ExcelUtil] [Method=readExcelData] [Line=37] sheetName------------------V2MainPage
20 Jan 2017 13:55:15,139 INFO  [Class=com.v2solutions.taf.util.ExcelUtil] [Method=readExcelData] [Line=39] tableName------------------QuickLinks
20 Jan 2017 13:55:15,147 INFO  [Class=com.v2solutions.taf.util.ExcelUtil] [Method=readExcelData] [Line=37] sheetName------------------V2MainPage
20 Jan 2017 13:55:15,148 INFO  [Class=com.v2solutions.taf.util.ExcelUtil] [Method=readExcelData] [Line=39] tableName------------------tablet_layout
20 Jan 2017 13:55:15,154 INFO  [Class=com.v2solutions.taf.util.ExcelUtil] [Method=readExcelData] [Line=37] sheetName------------------V2MainPage
20 Jan 2017 13:55:15,155 INFO  [Class=com.v2solutions.taf.util.ExcelUtil] [Method=readExcelData] [Line=39] tableName------------------PageFooterSection
20 Jan 2017 13:55:15,161 INFO  [Class=com.v2solutions.taf.util.ExcelUtil] [Method=readExcelData] [Line=37] sheetName------------------V2MainPage
20 Jan 2017 13:55:15,167 INFO  [Class=com.v2solutions.taf.util.ExcelUtil] [Method=readExcelData] [Line=39] tableName------------------QuickLinks
20 Jan 2017 13:55:15,171 INFO  [Class=com.v2solutions.taf.util.ExcelUtil] [Method=readExcelData] [Line=37] sheetName------------------V2MainPage
20 Jan 2017 13:55:15,171 INFO  [Class=com.v2solutions.taf.util.ExcelUtil] [Method=readExcelData] [Line=39] tableName------------------LogoInPageFooter
20 Jan 2017 13:55:15,177 INFO  [Class=com.v2solutions.taf.util.ExcelUtil] [Method=readExcelData] [Line=37] sheetName------------------V2MainPage
20 Jan 2017 13:55:15,178 INFO  [Class=com.v2solutions.taf.util.ExcelUtil] [Method=readExcelData] [Line=39] tableName------------------mobile_layout
20 Jan 2017 13:55:15,186 INFO  [Class=com.v2solutions.taf.util.ExcelUtil] [Method=readExcelData] [Line=37] sheetName------------------V2MainPage
20 Jan 2017 13:55:15,186 INFO  [Class=com.v2solutions.taf.util.ExcelUtil] [Method=readExcelData] [Line=39] tableName------------------PageFooterSection
20 Jan 2017 13:55:15,189 INFO  [Class=com.v2solutions.taf.util.ExcelUtil] [Method=readExcelData] [Line=37] sheetName------------------V2MainPage
20 Jan 2017 13:55:15,190 INFO  [Class=com.v2solutions.taf.util.ExcelUtil] [Method=readExcelData] [Line=39] tableName------------------QuickLinks
20 Jan 2017 13:55:15,192 INFO  [Class=com.v2solutions.taf.util.ExcelUtil] [Method=readExcelData] [Line=37] sheetName------------------V2MainPage
20 Jan 2017 13:55:15,193 INFO  [Class=com.v2solutions.taf.util.ExcelUtil] [Method=readExcelData] [Line=39] tableName------------------LogoInPageFooter
20 Jan 2017 13:55:15,200 INFO  [Class=com.v2solutions.common.BaseTest] [Method=printTimeStart] [Line=125] Starting method 1::verifyPageIsResizedToDesktopViewLayout<.<.<.<
20 Jan 2017 13:55:15,710 INFO  [Class=com.v2solutions.taf.core.WebPage] [Method=sleep] [Line=905] waiting for ::5 seconds
20 Jan 2017 13:55:20,712 INFO  [Class=com.v2solutions.mainpage.components.V2SolutiosMainPageComponents] [Method=columnLayout] [Line=47] Resizing the browser to (width*height)(1920*1080)
20 Jan 2017 13:55:21,088 INFO  [Class=com.v2solutions.taf.core.WebPage] [Method=sleep] [Line=905] waiting for ::3 seconds
20 Jan 2017 13:55:24,088 INFO  [Class=com.v2solutions.taf.core.WebPage] [Method=sleep] [Line=905] waiting for ::5 seconds
20 Jan 2017 13:55:29,110 INFO  [Class=com.v2solutions.mainpage.components.V2SolutiosMainPageComponents] [Method=getColumnCountOfColLayout] [Line=67] Get the browsers dimension in (width*height)(1920*1080)
20 Jan 2017 13:55:29,123 INFO  [Class=com.v2solutions.common.BaseTest] [Method=printTimeTaken] [Line=134] Ending method 1::verifyPageIsResizedToDesktopViewLayout>.>.>.>Time Taken ::13 Seconds
20 Jan 2017 13:55:29,125 INFO  [Class=com.v2solutions.common.BaseTest] [Method=printTimeStart] [Line=125] Starting method 2::verifyPageFooterSectionPresentInDesktopView<.<.<.<
20 Jan 2017 13:55:29,130 INFO  [Class=com.v2solutions.taf.core.WebPage] [Method=sleep] [Line=905] waiting for ::5 seconds
20 Jan 2017 13:55:34,378 INFO  [Class=com.v2solutions.common.BaseTest] [Method=printTimeTaken] [Line=134] Ending method 2::verifyPageFooterSectionPresentInDesktopView>.>.>.>Time Taken ::5 Seconds
20 Jan 2017 13:55:34,379 INFO  [Class=com.v2solutions.common.BaseTest] [Method=printTimeStart] [Line=125] Starting method 3::verifyPageFooterComponentsHorizontallyPlacedInDesktopView<.<.<.<
20 Jan 2017 13:55:34,583 INFO  [Class=com.v2solutions.common.BaseTest] [Method=printTimeTaken] [Line=134] Ending method 3::verifyPageFooterComponentsHorizontallyPlacedInDesktopView>.>.>.>Time Taken ::0 Seconds
20 Jan 2017 13:55:34,584 INFO  [Class=com.v2solutions.common.BaseTest] [Method=printTimeStart] [Line=125] Starting method 4::verifyInValueDeliveredSectionTextIsPresentInDesktopView<.<.<.<
20 Jan 2017 13:55:34,589 INFO  [Class=com.v2solutions.taf.core.WebPage] [Method=sleep] [Line=905] waiting for ::5 seconds
20 Jan 2017 13:55:39,667 INFO  [Class=com.v2solutions.common.BaseTest] [Method=printTimeTaken] [Line=134] Ending method 4::verifyInValueDeliveredSectionTextIsPresentInDesktopView>.>.>.>Time Taken ::5 Seconds
20 Jan 2017 13:55:39,668 INFO  [Class=com.v2solutions.common.BaseTest] [Method=printTimeStart] [Line=125] Starting method 5::validateTwitterSectionContainingTwitterLinksInDesktopView<.<.<.<
20 Jan 2017 13:55:39,750 INFO  [Class=com.v2solutions.taf.core.WebPage] [Method=sleep] [Line=905] waiting for ::2 seconds
20 Jan 2017 13:55:41,812 INFO  [Class=com.v2solutions.taf.core.WebPage] [Method=sleep] [Line=905] waiting for ::2 seconds
20 Jan 2017 13:55:43,864 INFO  [Class=com.v2solutions.taf.core.WebPage] [Method=sleep] [Line=905] waiting for ::2 seconds
20 Jan 2017 13:55:45,939 INFO  [Class=com.v2solutions.taf.core.WebPage] [Method=sleep] [Line=905] waiting for ::2 seconds
20 Jan 2017 13:55:47,990 INFO  [Class=com.v2solutions.taf.core.WebPage] [Method=sleep] [Line=905] waiting for ::2 seconds
20 Jan 2017 13:55:50,008 INFO  [Class=com.v2solutions.common.BaseTest] [Method=printTimeTaken] [Line=134] Ending method 5::validateTwitterSectionContainingTwitterLinksInDesktopView>.>.>.>Time Taken ::10 Seconds
20 Jan 2017 13:55:50,008 INFO  [Class=com.v2solutions.common.BaseTest] [Method=printTimeStart] [Line=125] Starting method 6::validateQuickLinksAreClickableInDesktopView<.<.<.<
20 Jan 2017 13:55:55,053 INFO  [Class=com.v2solutions.taf.core.WebPage] [Method=sleep] [Line=905] waiting for ::2 seconds
20 Jan 2017 13:56:03,149 INFO  [Class=com.v2solutions.taf.core.WebPage] [Method=sleep] [Line=905] waiting for ::2 seconds
20 Jan 2017 13:56:10,013 INFO  [Class=com.v2solutions.taf.core.WebPage] [Method=sleep] [Line=905] waiting for ::2 seconds
20 Jan 2017 13:56:15,141 INFO  [Class=com.v2solutions.taf.core.WebPage] [Method=sleep] [Line=905] waiting for ::2 seconds
20 Jan 2017 13:56:21,272 INFO  [Class=com.v2solutions.taf.core.WebPage] [Method=sleep] [Line=905] waiting for ::2 seconds
20 Jan 2017 13:56:23,276 INFO  [Class=com.v2solutions.common.BaseTest] [Method=printTimeTaken] [Line=134] Ending method 6::validateQuickLinksAreClickableInDesktopView>.>.>.>Time Taken ::33 Seconds
20 Jan 2017 13:56:23,277 INFO  [Class=com.v2solutions.common.BaseTest] [Method=printTimeStart] [Line=125] Starting method 7::verifyLogoDisplayedInPageFooter<.<.<.<
20 Jan 2017 13:56:23,292 INFO  [Class=com.v2solutions.taf.core.WebPage] [Method=sleep] [Line=905] waiting for ::5 seconds
20 Jan 2017 13:56:28,341 INFO  [Class=com.v2solutions.common.BaseTest] [Method=printTimeTaken] [Line=134] Ending method 7::verifyLogoDisplayedInPageFooter>.>.>.>Time Taken ::5 Seconds
20 Jan 2017 13:56:28,342 INFO  [Class=com.v2solutions.common.BaseTest] [Method=printTimeStart] [Line=125] Starting method 8::verifyAddressPresentBelowContactUsSectionInDesktopView<.<.<.<
20 Jan 2017 13:56:28,344 INFO  [Class=com.v2solutions.taf.core.WebPage] [Method=sleep] [Line=905] waiting for ::5 seconds
20 Jan 2017 13:56:33,428 INFO  [Class=com.v2solutions.common.BaseTest] [Method=printTimeTaken] [Line=134] Ending method 8::verifyAddressPresentBelowContactUsSectionInDesktopView>.>.>.>Time Taken ::5 Seconds
20 Jan 2017 13:56:33,429 INFO  [Class=com.v2solutions.common.BaseTest] [Method=printTimeStart] [Line=125] Starting method 9::verifyPageIsResizedToTabletViewLayout<.<.<.<
20 Jan 2017 13:56:33,608 INFO  [Class=com.v2solutions.taf.core.WebPage] [Method=sleep] [Line=905] waiting for ::5 seconds
20 Jan 2017 13:56:38,608 INFO  [Class=com.v2solutions.mainpage.components.V2SolutiosMainPageComponents] [Method=columnLayout] [Line=47] Resizing the browser to (width*height)(850*850)
20 Jan 2017 13:56:38,883 INFO  [Class=com.v2solutions.taf.core.WebPage] [Method=sleep] [Line=905] waiting for ::3 seconds
20 Jan 2017 13:56:41,883 INFO  [Class=com.v2solutions.taf.core.WebPage] [Method=sleep] [Line=905] waiting for ::5 seconds
20 Jan 2017 13:56:46,898 INFO  [Class=com.v2solutions.mainpage.components.V2SolutiosMainPageComponents] [Method=getColumnCountOfColLayout] [Line=67] Get the browsers dimension in (width*height)(850*850)
20 Jan 2017 13:56:46,909 INFO  [Class=com.v2solutions.common.BaseTest] [Method=printTimeTaken] [Line=134] Ending method 9::verifyPageIsResizedToTabletViewLayout>.>.>.>Time Taken ::13 Seconds
20 Jan 2017 13:56:46,910 INFO  [Class=com.v2solutions.common.BaseTest] [Method=printTimeStart] [Line=125] Starting method 10::verifyPageFooterSectionPresentInTabletView<.<.<.<
20 Jan 2017 13:56:46,913 INFO  [Class=com.v2solutions.taf.core.WebPage] [Method=sleep] [Line=905] waiting for ::5 seconds
20 Jan 2017 13:56:51,985 INFO  [Class=com.v2solutions.common.BaseTest] [Method=printTimeTaken] [Line=134] Ending method 10::verifyPageFooterSectionPresentInTabletView>.>.>.>Time Taken ::5 Seconds
20 Jan 2017 13:56:51,987 INFO  [Class=com.v2solutions.common.BaseTest] [Method=printTimeStart] [Line=125] Starting method 11::verifyPageFooterComponentsHorizontallyPlacedInTabletView<.<.<.<
20 Jan 2017 13:56:52,161 INFO  [Class=com.v2solutions.common.BaseTest] [Method=printTimeTaken] [Line=134] Ending method 11::verifyPageFooterComponentsHorizontallyPlacedInTabletView>.>.>.>Time Taken ::0 Seconds
20 Jan 2017 13:56:52,162 INFO  [Class=com.v2solutions.common.BaseTest] [Method=printTimeStart] [Line=125] Starting method 12::verifyInValueDeliveredSectionTextIsPresentInTabletView<.<.<.<
20 Jan 2017 13:56:52,164 INFO  [Class=com.v2solutions.taf.core.WebPage] [Method=sleep] [Line=905] waiting for ::5 seconds
20 Jan 2017 13:56:57,215 INFO  [Class=com.v2solutions.common.BaseTest] [Method=printTimeTaken] [Line=134] Ending method 12::verifyInValueDeliveredSectionTextIsPresentInTabletView>.>.>.>Time Taken ::5 Seconds
20 Jan 2017 13:56:57,215 INFO  [Class=com.v2solutions.common.BaseTest] [Method=printTimeStart] [Line=125] Starting method 13::validateTwitterSectionContainingTwitterLinksInTabletView<.<.<.<
20 Jan 2017 13:56:57,305 INFO  [Class=com.v2solutions.taf.core.WebPage] [Method=sleep] [Line=905] waiting for ::2 seconds
20 Jan 2017 13:56:59,360 INFO  [Class=com.v2solutions.taf.core.WebPage] [Method=sleep] [Line=905] waiting for ::2 seconds
20 Jan 2017 13:57:01,426 INFO  [Class=com.v2solutions.taf.core.WebPage] [Method=sleep] [Line=905] waiting for ::2 seconds
20 Jan 2017 13:57:03,498 INFO  [Class=com.v2solutions.taf.core.WebPage] [Method=sleep] [Line=905] waiting for ::2 seconds
20 Jan 2017 13:57:05,549 INFO  [Class=com.v2solutions.taf.core.WebPage] [Method=sleep] [Line=905] waiting for ::2 seconds
20 Jan 2017 13:57:07,561 INFO  [Class=com.v2solutions.common.BaseTest] [Method=printTimeTaken] [Line=134] Ending method 13::validateTwitterSectionContainingTwitterLinksInTabletView>.>.>.>Time Taken ::10 Seconds
20 Jan 2017 13:57:07,562 INFO  [Class=com.v2solutions.common.BaseTest] [Method=printTimeStart] [Line=125] Starting method 14::validateQuickLinksAreClickableInTabletView<.<.<.<
20 Jan 2017 13:57:11,947 INFO  [Class=com.v2solutions.taf.core.WebPage] [Method=sleep] [Line=905] waiting for ::2 seconds
20 Jan 2017 13:57:18,595 INFO  [Class=com.v2solutions.taf.core.WebPage] [Method=sleep] [Line=905] waiting for ::2 seconds
20 Jan 2017 13:57:25,013 INFO  [Class=com.v2solutions.taf.core.WebPage] [Method=sleep] [Line=905] waiting for ::2 seconds
20 Jan 2017 13:57:31,342 INFO  [Class=com.v2solutions.taf.core.WebPage] [Method=sleep] [Line=905] waiting for ::2 seconds
20 Jan 2017 13:57:36,896 INFO  [Class=com.v2solutions.taf.core.WebPage] [Method=sleep] [Line=905] waiting for ::2 seconds
20 Jan 2017 13:57:38,900 INFO  [Class=com.v2solutions.common.BaseTest] [Method=printTimeTaken] [Line=134] Ending method 14::validateQuickLinksAreClickableInTabletView>.>.>.>Time Taken ::31 Seconds
20 Jan 2017 13:57:38,900 INFO  [Class=com.v2solutions.common.BaseTest] [Method=printTimeStart] [Line=125] Starting method 15::verifyLogoDisplayedInPageFooterInTabletView<.<.<.<
20 Jan 2017 13:57:38,902 INFO  [Class=com.v2solutions.taf.core.WebPage] [Method=sleep] [Line=905] waiting for ::5 seconds
20 Jan 2017 13:57:43,939 INFO  [Class=com.v2solutions.common.BaseTest] [Method=printTimeTaken] [Line=134] Ending method 15::verifyLogoDisplayedInPageFooterInTabletView>.>.>.>Time Taken ::5 Seconds
20 Jan 2017 13:57:43,941 INFO  [Class=com.v2solutions.common.BaseTest] [Method=printTimeStart] [Line=125] Starting method 16::verifyAddressPresentBelowContactUsSectionInTabletView<.<.<.<
20 Jan 2017 13:57:43,943 INFO  [Class=com.v2solutions.taf.core.WebPage] [Method=sleep] [Line=905] waiting for ::5 seconds
20 Jan 2017 13:57:49,001 INFO  [Class=com.v2solutions.common.BaseTest] [Method=printTimeTaken] [Line=134] Ending method 16::verifyAddressPresentBelowContactUsSectionInTabletView>.>.>.>Time Taken ::5 Seconds
20 Jan 2017 13:57:49,002 INFO  [Class=com.v2solutions.common.BaseTest] [Method=printTimeStart] [Line=125] Starting method 17::verifyPageIsResizedToMobileViewLayout<.<.<.<
20 Jan 2017 13:57:49,264 INFO  [Class=com.v2solutions.taf.core.WebPage] [Method=sleep] [Line=905] waiting for ::5 seconds
20 Jan 2017 13:57:54,264 INFO  [Class=com.v2solutions.mainpage.components.V2SolutiosMainPageComponents] [Method=columnLayout] [Line=47] Resizing the browser to (width*height)(685*800)
20 Jan 2017 13:57:54,673 INFO  [Class=com.v2solutions.taf.core.WebPage] [Method=sleep] [Line=905] waiting for ::3 seconds
20 Jan 2017 13:57:57,674 INFO  [Class=com.v2solutions.taf.core.WebPage] [Method=sleep] [Line=905] waiting for ::5 seconds
20 Jan 2017 13:58:02,687 INFO  [Class=com.v2solutions.mainpage.components.V2SolutiosMainPageComponents] [Method=getColumnCountOfColLayout] [Line=67] Get the browsers dimension in (width*height)(685*800)
20 Jan 2017 13:58:02,690 INFO  [Class=com.v2solutions.common.BaseTest] [Method=printTimeTaken] [Line=134] Ending method 17::verifyPageIsResizedToMobileViewLayout>.>.>.>Time Taken ::13 Seconds
20 Jan 2017 13:58:02,690 INFO  [Class=com.v2solutions.common.BaseTest] [Method=printTimeStart] [Line=125] Starting method 18::verifyPageFooterSectionPresentInMobileView<.<.<.<
20 Jan 2017 13:58:02,692 INFO  [Class=com.v2solutions.taf.core.WebPage] [Method=sleep] [Line=905] waiting for ::5 seconds
20 Jan 2017 13:58:07,759 INFO  [Class=com.v2solutions.common.BaseTest] [Method=printTimeTaken] [Line=134] Ending method 18::verifyPageFooterSectionPresentInMobileView>.>.>.>Time Taken ::5 Seconds
20 Jan 2017 13:58:07,760 INFO  [Class=com.v2solutions.common.BaseTest] [Method=printTimeStart] [Line=125] Starting method 19::verifyTwoPageFooterComponentsPlacedHorizonatllyAndOtherTwoBelowItInMobileView<.<.<.<
20 Jan 2017 13:58:07,996 INFO  [Class=com.v2solutions.taf.util.ScreenShotUtil] [Method=takeScreenShot] [Line=34] WebDriver - FirefoxDriver: firefox on WINDOWS (44715c7a-b8c8-4af6-bf7f-860fddf879b8) Screen Shot file name - D:\V2Auto_POM\test-automation-scripts\screenshots\TestPageFootersSection-verifyTwoPageFooterComponentsPlacedHorizonatllyAndOtherTwoBelowItInMobileView-20170120015807.jpg
20 Jan 2017 13:58:08,993 INFO  [Class=com.v2solutions.taf.util.ScreenShotUtil] [Method=takeScreenShot] [Line=63] Screen Shot File is saved as D:\V2Auto_POM\test-automation-scripts\screenshots\TestPageFootersSection-verifyTwoPageFooterComponentsPlacedHorizonatllyAndOtherTwoBelowItInMobileView-20170120015807.jpg
20 Jan 2017 13:58:09,004 INFO  [Class=com.v2solutions.taf.common.logs.ITestResultLogger] [Method=logFailedResult] [Line=298] ****Excel Logger Thread going to log for all failed test methods.
20 Jan 2017 13:58:09,006 INFO  [Class=com.v2solutions.taf.common.logs.ITestResultLogger] [Method=logFailedResult] [Line=305] ****Excel Logger Thread going to log for qa-engineer and customer.
20 Jan 2017 13:58:09,006 INFO  [Class=com.v2solutions.taf.common.logs.ITestResultLogger] [Method=logFailedResult] [Line=307] ****Retrieved qa logs. [[37, V2SolutionsMainPage, verify two page footer components placed horizonatlly and other two below it in Mobile View, test.v2solutions.mainpage.components.TestPageFootersSection.verifyTwoPageFooterComponentsPlacedHorizonatllyAndOtherTwoBelowItInMobileView, Page footer component not placed horizontally in Tablet View expected [true] but found [false], java.lang.AssertionError,  Locator of 'Page footer first component xpath :(//footer[@class='main-footer']//div[@class='col-sm-6 col-md-3'])[1], second component xpath :(//footer[@class='main-footer']//div[@class='col-sm-6 col-md-3'])[2], third component xpath :(//footer[@class='main-footer']//div[@class='col-sm-6 col-md-3'])[3], fourth component xpath :' is '(//footer[@class='main-footer']//div[@class='col-sm-6 col-md-3'])[4]' Error-Page footer component not placed horizontally in Tablet View expected [true] but found [false], Functional, http://www.v2solutions.com/, Page footer first component xpath :(//footer[@class='main-footer']//div[@class='col-sm-6 col-md-3'])[1], second component xpath :(//footer[@class='main-footer']//div[@class='col-sm-6 col-md-3'])[2], third component xpath :(//footer[@class='main-footer']//div[@class='col-sm-6 col-md-3'])[3], fourth component xpath :, (//footer[@class='main-footer']//div[@class='col-sm-6 col-md-3'])[4], page footer component rendered horizontally in Mobile view, false, true, defect_verifyTwoPageFooterComponentsPlacedHorizonatllyAndOtherTwoBelowItInMobileView, D:\V2Auto_POM\test-automation-scripts\screenshots\TestPageFootersSection-verifyTwoPageFooterComponentsPlacedHorizonatllyAndOtherTwoBelowItInMobileView-20170120015807.jpg, test.v2solutions.mainpage.components.TestPageFootersSection.verifyTwoPageFooterComponentsPlacedHorizonatllyAndOtherTwoBelowItInMobileView, TestPageFootersSection.java, 423]]
20 Jan 2017 13:58:09,006 INFO  [Class=com.v2solutions.taf.common.logs.ITestResultLogger] [Method=logFailedResult] [Line=309] ****Retrieved customer logs. [37, V2SolutionsMainPage, verify two page footer components placed horizonatlly and other two below it in Mobile View, test.v2solutions.mainpage.components.TestPageFootersSection.verifyTwoPageFooterComponentsPlacedHorizonatllyAndOtherTwoBelowItInMobileView,  Locator of 'Page footer first component xpath :(//footer[@class='main-footer']//div[@class='col-sm-6 col-md-3'])[1], second component xpath :(//footer[@class='main-footer']//div[@class='col-sm-6 col-md-3'])[2], third component xpath :(//footer[@class='main-footer']//div[@class='col-sm-6 col-md-3'])[3], fourth component xpath :' is '(//footer[@class='main-footer']//div[@class='col-sm-6 col-md-3'])[4]' Error-Page footer component not placed horizontally in Tablet View expected [true] but found [false], Functional, http://www.v2solutions.com/, Page footer first component xpath :(//footer[@class='main-footer']//div[@class='col-sm-6 col-md-3'])[1], second component xpath :(//footer[@class='main-footer']//div[@class='col-sm-6 col-md-3'])[2], third component xpath :(//footer[@class='main-footer']//div[@class='col-sm-6 col-md-3'])[3], fourth component xpath :, (//footer[@class='main-footer']//div[@class='col-sm-6 col-md-3'])[4]]
20 Jan 2017 13:58:09,010 INFO  [Class=com.v2solutions.taf.common.logs.ITestResultLogger] [Method=logFailedResult] [Line=315] ****Added qa logs to xml file.
20 Jan 2017 13:58:09,011 INFO  [Class=com.v2solutions.taf.common.logs.ITestResultLogger] [Method=logFailedResult] [Line=317] ****Added customer log to xml file.
20 Jan 2017 13:58:09,011 INFO  [Class=com.v2solutions.taf.common.logs.ITestResultLogger] [Method=logFailedResult] [Line=319] ****Incremented srNo of failed test method.
20 Jan 2017 13:58:09,013 INFO  [Class=com.v2solutions.common.BaseTest] [Method=printTimeTaken] [Line=134] Ending method 19::verifyTwoPageFooterComponentsPlacedHorizonatllyAndOtherTwoBelowItInMobileView>.>.>.>Time Taken ::1 Seconds
20 Jan 2017 13:58:09,014 INFO  [Class=com.v2solutions.common.BaseTest] [Method=printTimeStart] [Line=125] Starting method 20::verifyInValueDeliveredSectionTextIsPresentInMobileView<.<.<.<
20 Jan 2017 13:58:09,016 INFO  [Class=com.v2solutions.taf.core.WebPage] [Method=sleep] [Line=905] waiting for ::5 seconds
20 Jan 2017 13:58:10,011 INFO  [Class=com.v2solutions.taf.common.logs.ITestResultLogger] [Method=logFailedResult] [Line=298] ****Excel Logger Thread going to log for all failed test methods.
20 Jan 2017 13:58:10,013 INFO  [Class=com.v2solutions.taf.common.logs.ITestResultLogger] [Method=logFailedResult] [Line=305] ****Excel Logger Thread going to log for qa-engineer and customer.
20 Jan 2017 13:58:10,014 INFO  [Class=com.v2solutions.taf.common.logs.ITestResultLogger] [Method=logFailedResult] [Line=307] ****Retrieved qa logs. [[38, V2SolutionsMainPage, verify two page footer components placed horizonatlly and other two below it in Mobile View, test.v2solutions.mainpage.components.TestPageFootersSection.verifyTwoPageFooterComponentsPlacedHorizonatllyAndOtherTwoBelowItInMobileView, Page footer component not placed horizontally in Tablet View expected [true] but found [false], java.lang.AssertionError,  Locator of 'Page footer first component xpath :(//footer[@class='main-footer']//div[@class='col-sm-6 col-md-3'])[1], second component xpath :(//footer[@class='main-footer']//div[@class='col-sm-6 col-md-3'])[2], third component xpath :(//footer[@class='main-footer']//div[@class='col-sm-6 col-md-3'])[3], fourth component xpath :' is '(//footer[@class='main-footer']//div[@class='col-sm-6 col-md-3'])[4]' Error-Page footer component not placed horizontally in Tablet View expected [true] but found [false], Functional, http://www.v2solutions.com/, Page footer first component xpath :(//footer[@class='main-footer']//div[@class='col-sm-6 col-md-3'])[1], second component xpath :(//footer[@class='main-footer']//div[@class='col-sm-6 col-md-3'])[2], third component xpath :(//footer[@class='main-footer']//div[@class='col-sm-6 col-md-3'])[3], fourth component xpath :, (//footer[@class='main-footer']//div[@class='col-sm-6 col-md-3'])[4], page footer component rendered horizontally in Mobile view, false, true, defect_verifyTwoPageFooterComponentsPlacedHorizonatllyAndOtherTwoBelowItInMobileView, D:\V2Auto_POM\test-automation-scripts\screenshots\TestPageFootersSection-verifyTwoPageFooterComponentsPlacedHorizonatllyAndOtherTwoBelowItInMobileView-20170120015807.jpg, test.v2solutions.mainpage.components.TestPageFootersSection.verifyTwoPageFooterComponentsPlacedHorizonatllyAndOtherTwoBelowItInMobileView, TestPageFootersSection.java, 423]]
20 Jan 2017 13:58:10,014 INFO  [Class=com.v2solutions.taf.common.logs.ITestResultLogger] [Method=logFailedResult] [Line=309] ****Retrieved customer logs. [38, V2SolutionsMainPage, verify two page footer components placed horizonatlly and other two below it in Mobile View, test.v2solutions.mainpage.components.TestPageFootersSection.verifyTwoPageFooterComponentsPlacedHorizonatllyAndOtherTwoBelowItInMobileView,  Locator of 'Page footer first component xpath :(//footer[@class='main-footer']//div[@class='col-sm-6 col-md-3'])[1], second component xpath :(//footer[@class='main-footer']//div[@class='col-sm-6 col-md-3'])[2], third component xpath :(//footer[@class='main-footer']//div[@class='col-sm-6 col-md-3'])[3], fourth component xpath :' is '(//footer[@class='main-footer']//div[@class='col-sm-6 col-md-3'])[4]' Error-Page footer component not placed horizontally in Tablet View expected [true] but found [false], Functional, http://www.v2solutions.com/, Page footer first component xpath :(//footer[@class='main-footer']//div[@class='col-sm-6 col-md-3'])[1], second component xpath :(//footer[@class='main-footer']//div[@class='col-sm-6 col-md-3'])[2], third component xpath :(//footer[@class='main-footer']//div[@class='col-sm-6 col-md-3'])[3], fourth component xpath :, (//footer[@class='main-footer']//div[@class='col-sm-6 col-md-3'])[4]]
20 Jan 2017 13:58:10,015 INFO  [Class=com.v2solutions.taf.common.logs.ITestResultLogger] [Method=logFailedResult] [Line=315] ****Added qa logs to xml file.
20 Jan 2017 13:58:10,015 INFO  [Class=com.v2solutions.taf.common.logs.ITestResultLogger] [Method=logFailedResult] [Line=317] ****Added customer log to xml file.
20 Jan 2017 13:58:10,015 INFO  [Class=com.v2solutions.taf.common.logs.ITestResultLogger] [Method=logFailedResult] [Line=319] ****Incremented srNo of failed test method.
20 Jan 2017 13:58:14,064 INFO  [Class=com.v2solutions.common.BaseTest] [Method=printTimeTaken] [Line=134] Ending method 20::verifyInValueDeliveredSectionTextIsPresentInMobileView>.>.>.>Time Taken ::5 Seconds
20 Jan 2017 13:58:14,066 INFO  [Class=com.v2solutions.common.BaseTest] [Method=printTimeStart] [Line=125] Starting method 21::validateTwitterSectionContainingTwitterLinksInMobileView<.<.<.<
20 Jan 2017 13:58:14,139 INFO  [Class=com.v2solutions.taf.core.WebPage] [Method=sleep] [Line=905] waiting for ::2 seconds
20 Jan 2017 13:58:16,209 INFO  [Class=com.v2solutions.taf.core.WebPage] [Method=sleep] [Line=905] waiting for ::2 seconds
20 Jan 2017 13:58:18,292 INFO  [Class=com.v2solutions.taf.core.WebPage] [Method=sleep] [Line=905] waiting for ::2 seconds
20 Jan 2017 13:58:20,345 INFO  [Class=com.v2solutions.taf.core.WebPage] [Method=sleep] [Line=905] waiting for ::2 seconds
20 Jan 2017 13:58:22,395 INFO  [Class=com.v2solutions.taf.core.WebPage] [Method=sleep] [Line=905] waiting for ::2 seconds
20 Jan 2017 13:58:24,408 INFO  [Class=com.v2solutions.common.BaseTest] [Method=printTimeTaken] [Line=134] Ending method 21::validateTwitterSectionContainingTwitterLinksInMobileView>.>.>.>Time Taken ::10 Seconds
20 Jan 2017 13:58:24,409 INFO  [Class=com.v2solutions.common.BaseTest] [Method=printTimeStart] [Line=125] Starting method 22::validateQuickLinksAreClickableInMobileView<.<.<.<
20 Jan 2017 13:58:28,791 INFO  [Class=com.v2solutions.taf.core.WebPage] [Method=sleep] [Line=905] waiting for ::2 seconds
20 Jan 2017 13:58:33,694 INFO  [Class=com.v2solutions.taf.core.WebPage] [Method=sleep] [Line=905] waiting for ::2 seconds
20 Jan 2017 13:58:43,272 INFO  [Class=com.v2solutions.taf.core.WebPage] [Method=sleep] [Line=905] waiting for ::2 seconds
20 Jan 2017 13:58:50,418 INFO  [Class=com.v2solutions.taf.core.WebPage] [Method=sleep] [Line=905] waiting for ::2 seconds
20 Jan 2017 13:58:56,827 INFO  [Class=com.v2solutions.taf.core.WebPage] [Method=sleep] [Line=905] waiting for ::2 seconds
20 Jan 2017 13:58:58,830 INFO  [Class=com.v2solutions.common.BaseTest] [Method=printTimeTaken] [Line=134] Ending method 22::validateQuickLinksAreClickableInMobileView>.>.>.>Time Taken ::34 Seconds
20 Jan 2017 13:58:58,831 INFO  [Class=com.v2solutions.common.BaseTest] [Method=printTimeStart] [Line=125] Starting method 23::verifyLogoDisplayedInPageFooterInMobileView<.<.<.<
20 Jan 2017 13:58:58,833 INFO  [Class=com.v2solutions.taf.core.WebPage] [Method=sleep] [Line=905] waiting for ::5 seconds
20 Jan 2017 13:59:03,870 INFO  [Class=com.v2solutions.common.BaseTest] [Method=printTimeTaken] [Line=134] Ending method 23::verifyLogoDisplayedInPageFooterInMobileView>.>.>.>Time Taken ::5 Seconds
20 Jan 2017 13:59:03,871 INFO  [Class=com.v2solutions.common.BaseTest] [Method=printTimeStart] [Line=125] Starting method 24::verifyAddressPresentBelowContactUsSectionInMobileView<.<.<.<
20 Jan 2017 13:59:03,872 INFO  [Class=com.v2solutions.taf.core.WebPage] [Method=sleep] [Line=905] waiting for ::5 seconds
20 Jan 2017 13:59:08,976 INFO  [Class=com.v2solutions.common.BaseTest] [Method=printTimeTaken] [Line=134] Ending method 24::verifyAddressPresentBelowContactUsSectionInMobileView>.>.>.>Time Taken ::5 Seconds
20 Jan 2017 13:59:08,976 INFO  [Class=com.v2solutions.common.BaseTest] [Method=printTimeStart] [Line=125] Starting method 25::close<.<.<.<
20 Jan 2017 13:59:10,274 INFO  [Class=com.v2solutions.taf.core.TestBed] [Method=setDriverNull] [Line=32] in testBed setting Driver = null 
20 Jan 2017 13:59:10,274 INFO  [Class=com.v2solutions.common.BaseTest] [Method=tearDown] [Line=158] ------browserOpen ::0
20 Jan 2017 13:59:10,276 INFO  [Class=com.v2solutions.common.BaseTest] [Method=printTimeTaken] [Line=134] Ending method 25::close>.>.>.>Time Taken ::1 Seconds
20 Jan 2017 13:59:10,277 INFO  [Class=com.v2solutions.common.BaseTest] [Method=tearDown] [Line=158] ------browserOpen ::-1
20 Jan 2017 13:59:10,326 INFO  [Class=com.v2solutions.common.BaseTest] [Method=shutDownDriver] [Line=166] browserOpen ::-1
20 Jan 2017 13:59:10,326 INFO  [Class=com.v2solutions.common.BaseTest] [Method=shutDownDriver] [Line=167] testBedManager.getDriver() ::null
