<!DOCTYPE html PUBLIC "-//W3C//DTD XHTML 1.1//EN" "http://www.w3.org/TR/xhtml11/DTD/xhtml11.dtd">
<html xmlns="http://www.w3.org/1999/xhtml"><head><title>TestNG Report</title><style type="text/css">table {margin-bottom:10px;border-collapse:collapse;empty-cells:show}th,td {border:1px solid #009;padding:.25em .5em}th {vertical-align:bottom}td {vertical-align:top}table a {font-weight:bold}.stripe td {background-color: #E6EBF9}.num {text-align:right}.passedodd td {background-color: #3F3}.passedeven td {background-color: #0A0}.skippedodd td {background-color: #DDD}.skippedeven td {background-color: #CCC}.failedodd td,.attn {background-color: #F33}.failedeven td,.stripe .attn {background-color: #D00}.stacktrace {white-space:pre;font-family:monospace}.totop {font-size:85%;text-align:center;border-bottom:2px solid #000}</style></head><body><table><tr><th>Test</th><th># Passed</th><th># Skipped</th><th># Failed</th><th>Time (ms)</th><th>Included Groups</th><th>Excluded Groups</th></tr><tr><th colspan="7">Regression suite</th></tr><tr><td><a href="#t0">V2SolutionsHomePage</a></td><td class="num">4</td><td class="num">0</td><td class="num attn">2</td><td class="num">85,976</td><td></td><td></td></tr></table><table><thead><tr><th>Class</th><th>Method</th><th>Start</th><th>Time (ms)</th></tr></thead><tbody><tr><th colspan="4">Regression suite</th></tr></tbody><tbody id="t0"><tr><th colspan="4">V2SolutionsHomePage &#8212; failed</th></tr><tr class="failedeven"><td rowspan="2">test.v2solutions.cisco.TestCISCO_TC</td><td><a href="#m0">inMobileViewVerifyUserCanLoginWithValidCredentials</a></td><td rowspan="1">1486532570124</td><td rowspan="1">18990</td></tr><tr class="failedeven"><td><a href="#m1">inMobileViewVerifyUserCanPerformSearch</a></td><td rowspan="1">1486532632251</td><td rowspan="1">0</td></tr><tr><th colspan="4">V2SolutionsHomePage &#8212; passed</th></tr><tr class="passedeven"><td rowspan="4">test.v2solutions.cisco.TestCISCO_TC</td><td><a href="#m2">close</a></td><td rowspan="1">1486532632252</td><td rowspan="1">923</td></tr><tr class="passedeven"><td><a href="#m3">inMobileViewVerifySearchFieldDefaultText</a></td><td rowspan="1">1486532607413</td><td rowspan="1">24838</td></tr><tr class="passedeven"><td><a href="#m4">inMobileViewVerifyUserCannotLoginWithInvalidCredentials</a></td><td rowspan="1">1486532589134</td><td rowspan="1">18279</td></tr><tr class="passedeven"><td><a href="#m5">verifyPageIsResizedAccordingToMobileView</a></td><td rowspan="1">1486532565707</td><td rowspan="1">4399</td></tr></tbody></table><h2>V2SolutionsHomePage</h2><h3 id="m0">test.v2solutions.cisco.TestCISCO_TC#inMobileViewVerifyUserCanLoginWithValidCredentials</h3><table class="result"><tr class="param"><th>Parameter #1</th><th>Parameter #2</th><th>Parameter #3</th><th>Parameter #4</th><th>Parameter #5</th><th>Parameter #6</th><th>Parameter #7</th><th>Parameter #8</th></tr><tr class="param stripe"><td>//*[@id=&apos;fw-treenavbutton&apos;]</td><td>(//*[@class=&apos;fw-login-util&apos;]/a)[2]</td><td>//*[@id=&apos;userInput&apos;]</td><td>khileshfegade@v2solutions.com</td><td>//*[@id=&apos;passwordInput&apos;]</td><td>test123</td><td>//*[@id=&apos;login-button&apos;]</td><td>//*[@class=&apos;username&apos;]</td></tr><tr><th colspan="8">Exception</th></tr><tr><td colspan="8"><div class="stacktrace">java.lang.AssertionError: failed to find page object by xpath , message : org.openqa.selenium.NoSuchElementException: no such element: Unable to locate element: {&quot;method&quot;:&quot;xpath&quot;,&quot;selector&quot;:&quot;//*[@class=&apos;username&apos;]&quot;}
  (Session info: chrome=56.0.2924.87)
  (Driver info: chromedriver=2.24.417431 (9aea000394714d2fbb20850021f6204f2256b9cf),platform=Windows NT 6.1.7601 SP1 x86_64) (WARNING: The server did not provide any stacktrace information)
Command duration or timeout: 26 milliseconds
For documentation on this error, please visit: http://seleniumhq.org/exceptions/no_such_element.html
B Reasons-Wrong Locator. Or element may not yet be on the screen at the time of the find operation, due to slow internet.
	at com.v2solutions.taf.common.pages.CommonPage.logAndCreateADefect(CommonPage.java:369)
	at test.v2solutions.cisco.TestCISCO_TC.inMobileViewVerifyUserCanLoginWithValidCredentials(TestCISCO_TC.java:303)
Caused by: com.v2solutions.taf.common.logs.AnalizerException: failed to find page object by xpath , message : org.openqa.selenium.NoSuchElementException: no such element: Unable to locate element: {&quot;method&quot;:&quot;xpath&quot;,&quot;selector&quot;:&quot;//*[@class=&apos;username&apos;]&quot;}
  (Session info: chrome=56.0.2924.87)
  (Driver info: chromedriver=2.24.417431 (9aea000394714d2fbb20850021f6204f2256b9cf),platform=Windows NT 6.1.7601 SP1 x86_64) (WARNING: The server did not provide any stacktrace information)
Command duration or timeout: 26 milliseconds
For documentation on this error, please visit: http://seleniumhq.org/exceptions/no_such_element.html
B Reasons-Wrong Locator. Or element may not yet be on the screen at the time of the find operation, due to slow internet.
	at com.v2solutions.taf.common.pages.CommonPage.logAndCreateADefect(CommonPage.java:363)
	... 25 more
Caused by: com.v2solutions.taf.exception.PageException: failed to find page object by xpath , message : org.openqa.selenium.NoSuchElementException: no such element: Unable to locate element: {&quot;method&quot;:&quot;xpath&quot;,&quot;selector&quot;:&quot;//*[@class=&apos;username&apos;]&quot;}
  (Session info: chrome=56.0.2924.87)
  (Driver info: chromedriver=2.24.417431 (9aea000394714d2fbb20850021f6204f2256b9cf),platform=Windows NT 6.1.7601 SP1 x86_64) (WARNING: The server did not provide any stacktrace information)
Command duration or timeout: 26 milliseconds
For documentation on this error, please visit: http://seleniumhq.org/exceptions/no_such_element.html
Build info: version: &apos;2.53.1&apos;, revision: &apos;a36b8b1cd5757287168e54b817830adce9b0158d&apos;, time: &apos;2016-06-30 19:26:09&apos;
System info: host: &apos;V2MUMPC0014&apos;, ip: &apos;192.168.15.171&apos;, os.name: &apos;Windows 7&apos;, os.arch: &apos;amd64&apos;, os.version: &apos;6.1&apos;, java.version: &apos;1.8.0_25&apos;
Driver info: org.openqa.selenium.chrome.ChromeDriver
Capabilities [{applicationCacheEnabled=false, rotatable=false, mobileEmulationEnabled=false, networkConnectionEnabled=false, chrome={chromedriverVersion=2.24.417431 (9aea000394714d2fbb20850021f6204f2256b9cf), userDataDir=C:\Users\test\AppData\Local\Temp\scoped_dir7436_21}, takesHeapSnapshot=true, pageLoadStrategy=normal, databaseEnabled=false, handlesAlerts=true, hasTouchScreen=false, version=56.0.2924.87, platform=XP, browserConnectionEnabled=false, nativeEvents=true, acceptSslCerts=true, locationContextEnabled=true, webStorageEnabled=true, browserName=chrome, takesScreenshot=true, javascriptEnabled=true, cssSelectorsEnabled=true}]
Session ID: ca1259ebb0f98ccdf278eb6a3206e803
*** Element info: {Using=xpath, value=//*[@class=&apos;username&apos;]}
	at com.v2solutions.taf.core.WebPage.findPageObjectByXPath(WebPage.java:286)
	at com.v2solutions.cisco.CISCO_TC.inMobileViewVerifyUserCanLoginWithValidCredentials(CISCO_TC.java:442)
	at test.v2solutions.cisco.TestCISCO_TC.inMobileViewVerifyUserCanLoginWithValidCredentials(TestCISCO_TC.java:298)
	... 24 more
... Removed 25 stack frames</div></td></tr></table><p class="totop"><a href="#summary">back to summary</a></p><h3 id="m1">test.v2solutions.cisco.TestCISCO_TC#inMobileViewVerifyUserCanPerformSearch</h3><table class="result"><tr><th>Exception</th></tr><tr><td><div class="stacktrace">org.testng.TestNGException: 
The data provider is trying to pass 5 parameters but the method test.v2solutions.cisco.TestCISCO_TC#inMobileViewVerifyUserCanPerformSearch takes 4
... Removed 18 stack frames</div></td></tr></table><p class="totop"><a href="#summary">back to summary</a></p><h3 id="m2">test.v2solutions.cisco.TestCISCO_TC#close</h3><table class="result"></table><p class="totop"><a href="#summary">back to summary</a></p><h3 id="m3">test.v2solutions.cisco.TestCISCO_TC#inMobileViewVerifySearchFieldDefaultText</h3><table class="result"><tr class="param"><th>Parameter #1</th><th>Parameter #2</th><th>Parameter #3</th></tr><tr class="param stripe"><td>//*[@id=&apos;fw-searchbutton&apos;]</td><td>//*[@id=&apos;search-phrase&apos;]</td><td>Search</td></tr></table><p class="totop"><a href="#summary">back to summary</a></p><h3 id="m4">test.v2solutions.cisco.TestCISCO_TC#inMobileViewVerifyUserCannotLoginWithInvalidCredentials</h3><table class="result"><tr class="param"><th>Parameter #1</th><th>Parameter #2</th><th>Parameter #3</th><th>Parameter #4</th><th>Parameter #5</th><th>Parameter #6</th><th>Parameter #7</th><th>Parameter #8</th></tr><tr class="param stripe"><td>//*[@class=&apos;fw-login-util&apos;]/a</td><td>//*[@id=&apos;userInput&apos;]</td><td>khileshfegade@v2solutions.com</td><td>//*[@id=&apos;passwordInput&apos;]</td><td>test123</td><td>//*[@id=&apos;login-button&apos;]</td><td>//*[@id=&apos;warning-msg&apos;]/h3</td><td>Your login was unsuccessful for one of the following reasons:</td></tr></table><p class="totop"><a href="#summary">back to summary</a></p><h3 id="m5">test.v2solutions.cisco.TestCISCO_TC#verifyPageIsResizedAccordingToMobileView</h3><table class="result"><tr class="param"><th>Parameter #1</th><th>Parameter #2</th><th>Parameter #3</th></tr><tr class="param stripe"><td>685</td><td>800</td><td>1</td></tr></table><p class="totop"><a href="#summary">back to summary</a></p></body></html>