<?xml version="1.0" encoding="UTF-8"?>
<testng-results skipped="0" failed="2" total="5" passed="3">
  <reporter-output>
  </reporter-output>
  <suite name="Regression suite" duration-ms="85097" started-at="2017-02-08T13:12:49Z" finished-at="2017-02-08T13:14:14Z">
    <groups>
      <group name="Regression">
        <method signature="TestCISCO_TC.inMobileViewVerifySearchFieldDefaultText(java.lang.String, java.lang.String, java.lang.String)[pri:14, instance:test.v2solutions.cisco.TestCISCO_TC@3c22fc4c]" name="inMobileViewVerifySearchFieldDefaultText" class="test.v2solutions.cisco.TestCISCO_TC"/>
        <method signature="TestCISCO_TC.inMobileViewVerifyUserCanLoginWithValidCredentials(java.lang.String, java.lang.String, java.lang.String, java.lang.String, java.lang.String, java.lang.String, java.lang.String, java.lang.String)[pri:12, instance:test.v2solutions.cisco.TestCISCO_TC@3c22fc4c]" name="inMobileViewVerifyUserCanLoginWithValidCredentials" class="test.v2solutions.cisco.TestCISCO_TC"/>
        <method signature="TestCISCO_TC.inMobileViewVerifyUserCanPerformSearch(java.lang.String, java.lang.String, java.lang.String, java.lang.String, java.lang.String)[pri:15, instance:test.v2solutions.cisco.TestCISCO_TC@3c22fc4c]" name="inMobileViewVerifyUserCanPerformSearch" class="test.v2solutions.cisco.TestCISCO_TC"/>
        <method signature="TestCISCO_TC.inMobileViewVerifyUserCannotLoginWithInvalidCredentials(java.lang.String, java.lang.String, java.lang.String, java.lang.String, java.lang.String, java.lang.String, java.lang.String, java.lang.String)[pri:13, instance:test.v2solutions.cisco.TestCISCO_TC@3c22fc4c]" name="inMobileViewVerifyUserCannotLoginWithInvalidCredentials" class="test.v2solutions.cisco.TestCISCO_TC"/>
        <method signature="TestCISCO_TC.verifyPageIsResizedAccordingToMobileView(java.lang.String, java.lang.String, java.lang.String)[pri:11, instance:test.v2solutions.cisco.TestCISCO_TC@3c22fc4c]" name="verifyPageIsResizedAccordingToMobileView" class="test.v2solutions.cisco.TestCISCO_TC"/>
      </group> <!-- Regression -->
      <group name="CISCO_TC">
        <method signature="TestCISCO_TC.inMobileViewVerifySearchFieldDefaultText(java.lang.String, java.lang.String, java.lang.String)[pri:14, instance:test.v2solutions.cisco.TestCISCO_TC@3c22fc4c]" name="inMobileViewVerifySearchFieldDefaultText" class="test.v2solutions.cisco.TestCISCO_TC"/>
        <method signature="TestCISCO_TC.inMobileViewVerifyUserCanLoginWithValidCredentials(java.lang.String, java.lang.String, java.lang.String, java.lang.String, java.lang.String, java.lang.String, java.lang.String, java.lang.String)[pri:12, instance:test.v2solutions.cisco.TestCISCO_TC@3c22fc4c]" name="inMobileViewVerifyUserCanLoginWithValidCredentials" class="test.v2solutions.cisco.TestCISCO_TC"/>
        <method signature="TestCISCO_TC.inMobileViewVerifyUserCanPerformSearch(java.lang.String, java.lang.String, java.lang.String, java.lang.String, java.lang.String)[pri:15, instance:test.v2solutions.cisco.TestCISCO_TC@3c22fc4c]" name="inMobileViewVerifyUserCanPerformSearch" class="test.v2solutions.cisco.TestCISCO_TC"/>
        <method signature="TestCISCO_TC.inMobileViewVerifyUserCannotLoginWithInvalidCredentials(java.lang.String, java.lang.String, java.lang.String, java.lang.String, java.lang.String, java.lang.String, java.lang.String, java.lang.String)[pri:13, instance:test.v2solutions.cisco.TestCISCO_TC@3c22fc4c]" name="inMobileViewVerifyUserCannotLoginWithInvalidCredentials" class="test.v2solutions.cisco.TestCISCO_TC"/>
        <method signature="TestCISCO_TC.verifyPageIsResizedAccordingToMobileView(java.lang.String, java.lang.String, java.lang.String)[pri:11, instance:test.v2solutions.cisco.TestCISCO_TC@3c22fc4c]" name="verifyPageIsResizedAccordingToMobileView" class="test.v2solutions.cisco.TestCISCO_TC"/>
      </group> <!-- CISCO_TC -->
      <group name="Mobile">
        <method signature="TestCISCO_TC.inMobileViewVerifySearchFieldDefaultText(java.lang.String, java.lang.String, java.lang.String)[pri:14, instance:test.v2solutions.cisco.TestCISCO_TC@3c22fc4c]" name="inMobileViewVerifySearchFieldDefaultText" class="test.v2solutions.cisco.TestCISCO_TC"/>
        <method signature="TestCISCO_TC.inMobileViewVerifyUserCanLoginWithValidCredentials(java.lang.String, java.lang.String, java.lang.String, java.lang.String, java.lang.String, java.lang.String, java.lang.String, java.lang.String)[pri:12, instance:test.v2solutions.cisco.TestCISCO_TC@3c22fc4c]" name="inMobileViewVerifyUserCanLoginWithValidCredentials" class="test.v2solutions.cisco.TestCISCO_TC"/>
        <method signature="TestCISCO_TC.inMobileViewVerifyUserCanPerformSearch(java.lang.String, java.lang.String, java.lang.String, java.lang.String, java.lang.String)[pri:15, instance:test.v2solutions.cisco.TestCISCO_TC@3c22fc4c]" name="inMobileViewVerifyUserCanPerformSearch" class="test.v2solutions.cisco.TestCISCO_TC"/>
        <method signature="TestCISCO_TC.inMobileViewVerifyUserCannotLoginWithInvalidCredentials(java.lang.String, java.lang.String, java.lang.String, java.lang.String, java.lang.String, java.lang.String, java.lang.String, java.lang.String)[pri:13, instance:test.v2solutions.cisco.TestCISCO_TC@3c22fc4c]" name="inMobileViewVerifyUserCannotLoginWithInvalidCredentials" class="test.v2solutions.cisco.TestCISCO_TC"/>
        <method signature="TestCISCO_TC.verifyPageIsResizedAccordingToMobileView(java.lang.String, java.lang.String, java.lang.String)[pri:11, instance:test.v2solutions.cisco.TestCISCO_TC@3c22fc4c]" name="verifyPageIsResizedAccordingToMobileView" class="test.v2solutions.cisco.TestCISCO_TC"/>
      </group> <!-- Mobile -->
    </groups>
    <test name="MobileRegression" duration-ms="85097" started-at="2017-02-08T13:12:49Z" finished-at="2017-02-08T13:14:14Z">
      <class name="test.v2solutions.cisco.TestCISCO_TC">
        <test-method status="PASS" signature="prepareBeforeClass()[pri:0, instance:test.v2solutions.cisco.TestCISCO_TC@3c22fc4c]" test-instance-name="" name="prepareBeforeClass" is-config="true" duration-ms="12902" started-at="2017-02-08T18:42:49Z" finished-at="2017-02-08T18:43:02Z">
          <reporter-output>
          </reporter-output>
        </test-method> <!-- prepareBeforeClass -->
        <test-method status="PASS" signature="printTimeStart(java.lang.reflect.Method)[pri:0, instance:test.v2solutions.cisco.TestCISCO_TC@3c22fc4c]" test-instance-name="" name="printTimeStart" is-config="true" duration-ms="3" started-at="2017-02-08T18:43:02Z" finished-at="2017-02-08T18:43:02Z">
          <params>
            <param index="0">
              <value>
                <![CDATA[public void test.v2solutions.cisco.TestCISCO_TC.verifyPageIsResizedAccordingToMobileView(java.lang.String,java.lang.String,java.lang.String)]]>
              </value>
            </param>
          </params>
          <reporter-output>
          </reporter-output>
        </test-method> <!-- printTimeStart -->
        <test-method name="verifyPageIsResizedAccordingToMobileView" test-instance-name="" signature="verifyPageIsResizedAccordingToMobileView(java.lang.String, java.lang.String, java.lang.String)[pri:11, instance:test.v2solutions.cisco.TestCISCO_TC@3c22fc4c]" status="PASS" duration-ms="4218" finished-at="2017-02-08T18:43:06Z" started-at="2017-02-08T18:43:02Z" data-provider="tafDataProvider" description="Verify page is resized according to Mobile view">
          <params>
            <param index="0">
              <value>
                <![CDATA[685]]>
              </value>
            </param>
            <param index="1">
              <value>
                <![CDATA[800]]>
              </value>
            </param>
            <param index="2">
              <value>
                <![CDATA[1]]>
              </value>
            </param>
          </params>
          <reporter-output>
          </reporter-output>
        </test-method> <!-- verifyPageIsResizedAccordingToMobileView -->
        <test-method status="PASS" signature="printTimeTaken(java.lang.reflect.Method)[pri:0, instance:test.v2solutions.cisco.TestCISCO_TC@3c22fc4c]" test-instance-name="" name="printTimeTaken" is-config="true" duration-ms="0" started-at="2017-02-08T18:43:06Z" finished-at="2017-02-08T18:43:06Z">
          <params>
            <param index="0">
              <value>
                <![CDATA[public void test.v2solutions.cisco.TestCISCO_TC.verifyPageIsResizedAccordingToMobileView(java.lang.String,java.lang.String,java.lang.String)]]>
              </value>
            </param>
          </params>
          <reporter-output>
          </reporter-output>
        </test-method> <!-- printTimeTaken -->
        <test-method status="PASS" signature="printTimeStart(java.lang.reflect.Method)[pri:0, instance:test.v2solutions.cisco.TestCISCO_TC@3c22fc4c]" test-instance-name="" name="printTimeStart" is-config="true" duration-ms="4" started-at="2017-02-08T18:43:06Z" finished-at="2017-02-08T18:43:06Z">
          <params>
            <param index="0">
              <value>
                <![CDATA[public void test.v2solutions.cisco.TestCISCO_TC.inMobileViewVerifyUserCanLoginWithValidCredentials(java.lang.String,java.lang.String,java.lang.String,java.lang.String,java.lang.String,java.lang.String,java.lang.String,java.lang.String)]]>
              </value>
            </param>
          </params>
          <reporter-output>
          </reporter-output>
        </test-method> <!-- printTimeStart -->
        <test-method name="inMobileViewVerifyUserCanLoginWithValidCredentials" test-instance-name="" signature="inMobileViewVerifyUserCanLoginWithValidCredentials(java.lang.String, java.lang.String, java.lang.String, java.lang.String, java.lang.String, java.lang.String, java.lang.String, java.lang.String)[pri:12, instance:test.v2solutions.cisco.TestCISCO_TC@3c22fc4c]" status="FAIL" duration-ms="18495" finished-at="2017-02-08T18:43:25Z" started-at="2017-02-08T18:43:06Z" data-provider="tafDataProvider" description="In Mobile view - Verify user can login with valid credentials">
          <params>
            <param index="0">
              <value>
                <![CDATA[//*[@id='fw-treenavbutton']]]>
              </value>
            </param>
            <param index="1">
              <value>
                <![CDATA[(//*[@class='fw-login-util']/a)[2]]]>
              </value>
            </param>
            <param index="2">
              <value>
                <![CDATA[//*[@id='userInput']]]>
              </value>
            </param>
            <param index="3">
              <value>
                <![CDATA[khileshfegade@v2solutions.com]]>
              </value>
            </param>
            <param index="4">
              <value>
                <![CDATA[//*[@id='passwordInput']]]>
              </value>
            </param>
            <param index="5">
              <value>
                <![CDATA[test123]]>
              </value>
            </param>
            <param index="6">
              <value>
                <![CDATA[//*[@id='login-button']]]>
              </value>
            </param>
            <param index="7">
              <value>
                <![CDATA[//*[@class='username']]]>
              </value>
            </param>
          </params>
          <exception class="java.lang.AssertionError">
            <message>
              <![CDATA[failed to find page object by xpath , message : org.openqa.selenium.NoSuchElementException: no such element: Unable to locate element: {"method":"xpath","selector":"//*[@class='username']"}
  (Session info: chrome=56.0.2924.87)
  (Driver info: chromedriver=2.24.417431 (9aea000394714d2fbb20850021f6204f2256b9cf),platform=Windows NT 6.1.7601 SP1 x86_64) (WARNING: The server did not provide any stacktrace information)
Command duration or timeout: 30 milliseconds
For documentation on this error, please visit: http://seleniumhq.org/exceptions/no_such_element.html
B Reasons-Wrong Locator. Or element may not yet be on the screen at the time of the find operation, due to slow internet.]]>
            </message>
            <full-stacktrace>
              <![CDATA[java.lang.AssertionError: failed to find page object by xpath , message : org.openqa.selenium.NoSuchElementException: no such element: Unable to locate element: {"method":"xpath","selector":"//*[@class='username']"}
  (Session info: chrome=56.0.2924.87)
  (Driver info: chromedriver=2.24.417431 (9aea000394714d2fbb20850021f6204f2256b9cf),platform=Windows NT 6.1.7601 SP1 x86_64) (WARNING: The server did not provide any stacktrace information)
Command duration or timeout: 30 milliseconds
For documentation on this error, please visit: http://seleniumhq.org/exceptions/no_such_element.html
B Reasons-Wrong Locator. Or element may not yet be on the screen at the time of the find operation, due to slow internet.
	at org.testng.Assert.fail(Assert.java:83)
	at com.v2solutions.taf.common.pages.CommonPage.logAndCreateADefect(CommonPage.java:369)
	at test.v2solutions.cisco.TestCISCO_TC.inMobileViewVerifyUserCanLoginWithValidCredentials(TestCISCO_TC.java:360)
	at sun.reflect.NativeMethodAccessorImpl.invoke0(Native Method)
	at sun.reflect.NativeMethodAccessorImpl.invoke(NativeMethodAccessorImpl.java:62)
	at sun.reflect.DelegatingMethodAccessorImpl.invoke(DelegatingMethodAccessorImpl.java:43)
	at java.lang.reflect.Method.invoke(Method.java:483)
	at org.testng.internal.MethodInvocationHelper.invokeMethod(MethodInvocationHelper.java:86)
	at org.testng.internal.Invoker.invokeMethod(Invoker.java:643)
	at org.testng.internal.Invoker.invokeTestMethod(Invoker.java:820)
	at org.testng.internal.Invoker.invokeTestMethods(Invoker.java:1128)
	at org.testng.internal.TestMethodWorker.invokeTestMethods(TestMethodWorker.java:129)
	at org.testng.internal.TestMethodWorker.run(TestMethodWorker.java:112)
	at org.testng.TestRunner.privateRun(TestRunner.java:782)
	at org.testng.TestRunner.run(TestRunner.java:632)
	at org.testng.SuiteRunner.runTest(SuiteRunner.java:366)
	at org.testng.SuiteRunner.runSequentially(SuiteRunner.java:361)
	at org.testng.SuiteRunner.privateRun(SuiteRunner.java:319)
	at org.testng.SuiteRunner.run(SuiteRunner.java:268)
	at org.testng.SuiteRunnerWorker.runSuite(SuiteRunnerWorker.java:52)
	at org.testng.SuiteRunnerWorker.run(SuiteRunnerWorker.java:86)
	at org.testng.TestNG.runSuitesSequentially(TestNG.java:1244)
	at org.testng.TestNG.runSuitesLocally(TestNG.java:1169)
	at org.testng.TestNG.run(TestNG.java:1064)
	at org.testng.remote.AbstractRemoteTestNG.run(AbstractRemoteTestNG.java:132)
	at org.testng.remote.RemoteTestNG.initAndRun(RemoteTestNG.java:236)
	at org.testng.remote.RemoteTestNG.main(RemoteTestNG.java:81)
Caused by: com.v2solutions.taf.common.logs.AnalizerException: failed to find page object by xpath , message : org.openqa.selenium.NoSuchElementException: no such element: Unable to locate element: {"method":"xpath","selector":"//*[@class='username']"}
  (Session info: chrome=56.0.2924.87)
  (Driver info: chromedriver=2.24.417431 (9aea000394714d2fbb20850021f6204f2256b9cf),platform=Windows NT 6.1.7601 SP1 x86_64) (WARNING: The server did not provide any stacktrace information)
Command duration or timeout: 30 milliseconds
For documentation on this error, please visit: http://seleniumhq.org/exceptions/no_such_element.html
B Reasons-Wrong Locator. Or element may not yet be on the screen at the time of the find operation, due to slow internet.
	at com.v2solutions.taf.common.pages.CommonPage.logAndCreateADefect(CommonPage.java:363)
	... 25 more
Caused by: com.v2solutions.taf.exception.PageException: failed to find page object by xpath , message : org.openqa.selenium.NoSuchElementException: no such element: Unable to locate element: {"method":"xpath","selector":"//*[@class='username']"}
  (Session info: chrome=56.0.2924.87)
  (Driver info: chromedriver=2.24.417431 (9aea000394714d2fbb20850021f6204f2256b9cf),platform=Windows NT 6.1.7601 SP1 x86_64) (WARNING: The server did not provide any stacktrace information)
Command duration or timeout: 30 milliseconds
For documentation on this error, please visit: http://seleniumhq.org/exceptions/no_such_element.html
Build info: version: '2.53.1', revision: 'a36b8b1cd5757287168e54b817830adce9b0158d', time: '2016-06-30 19:26:09'
System info: host: 'V2MUMPC0455', ip: '192.168.15.38', os.name: 'Windows 7', os.arch: 'amd64', os.version: '6.1', java.version: '1.8.0_31'
Driver info: org.openqa.selenium.chrome.ChromeDriver
Capabilities [{applicationCacheEnabled=false, rotatable=false, mobileEmulationEnabled=false, networkConnectionEnabled=false, chrome={chromedriverVersion=2.24.417431 (9aea000394714d2fbb20850021f6204f2256b9cf), userDataDir=C:\Users\KHILES~1.FEG\AppData\Local\Temp\scoped_dir5104_23000}, takesHeapSnapshot=true, pageLoadStrategy=normal, databaseEnabled=false, handlesAlerts=true, hasTouchScreen=false, version=56.0.2924.87, platform=XP, browserConnectionEnabled=false, nativeEvents=true, acceptSslCerts=true, locationContextEnabled=true, webStorageEnabled=true, browserName=chrome, takesScreenshot=true, javascriptEnabled=true, cssSelectorsEnabled=true}]
Session ID: 6a000cdcc92b9c0f8521bd0837741d13
*** Element info: {Using=xpath, value=//*[@class='username']}
	at com.v2solutions.taf.core.WebPage.findPageObjectByXPath(WebPage.java:286)
	at com.v2solutions.cisco.CISCO_TC.inMobileViewVerifyUserCanLoginWithValidCredentials(CISCO_TC.java:442)
	at test.v2solutions.cisco.TestCISCO_TC.inMobileViewVerifyUserCanLoginWithValidCredentials(TestCISCO_TC.java:355)
	... 24 more
]]>
            </full-stacktrace>
          </exception> <!-- java.lang.AssertionError -->
          <reporter-output>
          </reporter-output>
        </test-method> <!-- inMobileViewVerifyUserCanLoginWithValidCredentials -->
        <test-method status="PASS" signature="printTimeTaken(java.lang.reflect.Method)[pri:0, instance:test.v2solutions.cisco.TestCISCO_TC@3c22fc4c]" test-instance-name="" name="printTimeTaken" is-config="true" duration-ms="2" started-at="2017-02-08T18:43:25Z" finished-at="2017-02-08T18:43:25Z">
          <params>
            <param index="0">
              <value>
                <![CDATA[public void test.v2solutions.cisco.TestCISCO_TC.inMobileViewVerifyUserCanLoginWithValidCredentials(java.lang.String,java.lang.String,java.lang.String,java.lang.String,java.lang.String,java.lang.String,java.lang.String,java.lang.String)]]>
              </value>
            </param>
          </params>
          <reporter-output>
          </reporter-output>
        </test-method> <!-- printTimeTaken -->
        <test-method name="inMobileViewVerifyUserCannotLoginWithInvalidCredentials" test-instance-name="" signature="inMobileViewVerifyUserCannotLoginWithInvalidCredentials(java.lang.String, java.lang.String, java.lang.String, java.lang.String, java.lang.String, java.lang.String, java.lang.String, java.lang.String)[pri:13, instance:test.v2solutions.cisco.TestCISCO_TC@3c22fc4c]" status="PASS" duration-ms="19171" finished-at="2017-02-08T18:43:44Z" started-at="2017-02-08T18:43:25Z" data-provider="tafDataProvider" description="In Mobile view - Verify user cannot login with invalid credentials">
          <params>
            <param index="0">
              <value>
                <![CDATA[//*[@class='fw-login-util']/a]]>
              </value>
            </param>
            <param index="1">
              <value>
                <![CDATA[//*[@id='userInput']]]>
              </value>
            </param>
            <param index="2">
              <value>
                <![CDATA[khileshfegade@v2solutions.com]]>
              </value>
            </param>
            <param index="3">
              <value>
                <![CDATA[//*[@id='passwordInput']]]>
              </value>
            </param>
            <param index="4">
              <value>
                <![CDATA[test123]]>
              </value>
            </param>
            <param index="5">
              <value>
                <![CDATA[//*[@id='login-button']]]>
              </value>
            </param>
            <param index="6">
              <value>
                <![CDATA[//*[@id='warning-msg']/h3]]>
              </value>
            </param>
            <param index="7">
              <value>
                <![CDATA[Your login was unsuccessful for one of the following reasons:]]>
              </value>
            </param>
          </params>
          <reporter-output>
          </reporter-output>
        </test-method> <!-- inMobileViewVerifyUserCannotLoginWithInvalidCredentials -->
        <test-method status="PASS" signature="printTimeStart(java.lang.reflect.Method)[pri:0, instance:test.v2solutions.cisco.TestCISCO_TC@3c22fc4c]" test-instance-name="" name="printTimeStart" is-config="true" duration-ms="0" started-at="2017-02-08T18:43:25Z" finished-at="2017-02-08T18:43:25Z">
          <params>
            <param index="0">
              <value>
                <![CDATA[public void test.v2solutions.cisco.TestCISCO_TC.inMobileViewVerifyUserCannotLoginWithInvalidCredentials(java.lang.String,java.lang.String,java.lang.String,java.lang.String,java.lang.String,java.lang.String,java.lang.String,java.lang.String)]]>
              </value>
            </param>
          </params>
          <reporter-output>
          </reporter-output>
        </test-method> <!-- printTimeStart -->
        <test-method status="PASS" signature="printTimeTaken(java.lang.reflect.Method)[pri:0, instance:test.v2solutions.cisco.TestCISCO_TC@3c22fc4c]" test-instance-name="" name="printTimeTaken" is-config="true" duration-ms="0" started-at="2017-02-08T18:43:44Z" finished-at="2017-02-08T18:43:44Z">
          <params>
            <param index="0">
              <value>
                <![CDATA[public void test.v2solutions.cisco.TestCISCO_TC.inMobileViewVerifyUserCannotLoginWithInvalidCredentials(java.lang.String,java.lang.String,java.lang.String,java.lang.String,java.lang.String,java.lang.String,java.lang.String,java.lang.String)]]>
              </value>
            </param>
          </params>
          <reporter-output>
          </reporter-output>
        </test-method> <!-- printTimeTaken -->
        <test-method status="PASS" signature="printTimeStart(java.lang.reflect.Method)[pri:0, instance:test.v2solutions.cisco.TestCISCO_TC@3c22fc4c]" test-instance-name="" name="printTimeStart" is-config="true" duration-ms="0" started-at="2017-02-08T18:43:44Z" finished-at="2017-02-08T18:43:44Z">
          <params>
            <param index="0">
              <value>
                <![CDATA[public void test.v2solutions.cisco.TestCISCO_TC.inMobileViewVerifySearchFieldDefaultText(java.lang.String,java.lang.String,java.lang.String)]]>
              </value>
            </param>
          </params>
          <reporter-output>
          </reporter-output>
        </test-method> <!-- printTimeStart -->
        <test-method name="inMobileViewVerifySearchFieldDefaultText" test-instance-name="" signature="inMobileViewVerifySearchFieldDefaultText(java.lang.String, java.lang.String, java.lang.String)[pri:14, instance:test.v2solutions.cisco.TestCISCO_TC@3c22fc4c]" status="FAIL" duration-ms="10909" finished-at="2017-02-08T18:43:55Z" started-at="2017-02-08T18:43:44Z" data-provider="tafDataProvider" description="In Mobile view - Verify Search field default text">
          <params>
            <param index="0">
              <value>
                <![CDATA[//*[@id='fw-searchbutton']]]>
              </value>
            </param>
            <param index="1">
              <value>
                <![CDATA[//*[@id='search-phrase']]]>
              </value>
            </param>
            <param index="2">
              <value>
                <![CDATA[Search items]]>
              </value>
            </param>
          </params>
          <exception class="java.lang.AssertionError">
            <message>
              <![CDATA[ Locator of 'Search icon with xpath ://*[@id='fw-searchbutton'], search input field xpath :' is '//*[@id='search-phrase']' Error-In Mobile view - Verify Search field default text failed. expected [Search items] but found [Search]]]>
            </message>
            <full-stacktrace>
              <![CDATA[java.lang.AssertionError:  Locator of 'Search icon with xpath ://*[@id='fw-searchbutton'], search input field xpath :' is '//*[@id='search-phrase']' Error-In Mobile view - Verify Search field default text failed. expected [Search items] but found [Search]
	at org.testng.Assert.fail(Assert.java:83)
	at com.v2solutions.taf.common.pages.CommonPage.logAndCreateADefect(CommonPage.java:369)
	at test.v2solutions.cisco.TestCISCO_TC.inMobileViewVerifySearchFieldDefaultText(TestCISCO_TC.java:410)
	at sun.reflect.NativeMethodAccessorImpl.invoke0(Native Method)
	at sun.reflect.NativeMethodAccessorImpl.invoke(NativeMethodAccessorImpl.java:62)
	at sun.reflect.DelegatingMethodAccessorImpl.invoke(DelegatingMethodAccessorImpl.java:43)
	at java.lang.reflect.Method.invoke(Method.java:483)
	at org.testng.internal.MethodInvocationHelper.invokeMethod(MethodInvocationHelper.java:86)
	at org.testng.internal.Invoker.invokeMethod(Invoker.java:643)
	at org.testng.internal.Invoker.invokeTestMethod(Invoker.java:820)
	at org.testng.internal.Invoker.invokeTestMethods(Invoker.java:1128)
	at org.testng.internal.TestMethodWorker.invokeTestMethods(TestMethodWorker.java:129)
	at org.testng.internal.TestMethodWorker.run(TestMethodWorker.java:112)
	at org.testng.TestRunner.privateRun(TestRunner.java:782)
	at org.testng.TestRunner.run(TestRunner.java:632)
	at org.testng.SuiteRunner.runTest(SuiteRunner.java:366)
	at org.testng.SuiteRunner.runSequentially(SuiteRunner.java:361)
	at org.testng.SuiteRunner.privateRun(SuiteRunner.java:319)
	at org.testng.SuiteRunner.run(SuiteRunner.java:268)
	at org.testng.SuiteRunnerWorker.runSuite(SuiteRunnerWorker.java:52)
	at org.testng.SuiteRunnerWorker.run(SuiteRunnerWorker.java:86)
	at org.testng.TestNG.runSuitesSequentially(TestNG.java:1244)
	at org.testng.TestNG.runSuitesLocally(TestNG.java:1169)
	at org.testng.TestNG.run(TestNG.java:1064)
	at org.testng.remote.AbstractRemoteTestNG.run(AbstractRemoteTestNG.java:132)
	at org.testng.remote.RemoteTestNG.initAndRun(RemoteTestNG.java:236)
	at org.testng.remote.RemoteTestNG.main(RemoteTestNG.java:81)
Caused by: com.v2solutions.taf.common.logs.AnalizerException:  Locator of 'Search icon with xpath ://*[@id='fw-searchbutton'], search input field xpath :' is '//*[@id='search-phrase']' Error-In Mobile view - Verify Search field default text failed. expected [Search items] but found [Search]
	at com.v2solutions.taf.common.pages.CommonPage.logAndCreateADefect(CommonPage.java:363)
	... 25 more
Caused by: java.lang.AssertionError: In Mobile view - Verify Search field default text failed. expected [Search items] but found [Search]
	at org.testng.Assert.fail(Assert.java:94)
	at org.testng.Assert.failNotEquals(Assert.java:513)
	at org.testng.Assert.assertEqualsImpl(Assert.java:135)
	at org.testng.Assert.assertEquals(Assert.java:116)
	at org.testng.Assert.assertEquals(Assert.java:190)
	at test.v2solutions.cisco.TestCISCO_TC.inMobileViewVerifySearchFieldDefaultText(TestCISCO_TC.java:406)
	... 24 more
]]>
            </full-stacktrace>
          </exception> <!-- java.lang.AssertionError -->
          <reporter-output>
          </reporter-output>
        </test-method> <!-- inMobileViewVerifySearchFieldDefaultText -->
        <test-method status="PASS" signature="printTimeTaken(java.lang.reflect.Method)[pri:0, instance:test.v2solutions.cisco.TestCISCO_TC@3c22fc4c]" test-instance-name="" name="printTimeTaken" is-config="true" duration-ms="3" started-at="2017-02-08T18:43:55Z" finished-at="2017-02-08T18:43:55Z">
          <params>
            <param index="0">
              <value>
                <![CDATA[public void test.v2solutions.cisco.TestCISCO_TC.inMobileViewVerifySearchFieldDefaultText(java.lang.String,java.lang.String,java.lang.String)]]>
              </value>
            </param>
          </params>
          <reporter-output>
          </reporter-output>
        </test-method> <!-- printTimeTaken -->
        <test-method status="PASS" signature="printTimeStart(java.lang.reflect.Method)[pri:0, instance:test.v2solutions.cisco.TestCISCO_TC@3c22fc4c]" test-instance-name="" name="printTimeStart" is-config="true" duration-ms="1" started-at="2017-02-08T18:43:55Z" finished-at="2017-02-08T18:43:55Z">
          <params>
            <param index="0">
              <value>
                <![CDATA[public void test.v2solutions.cisco.TestCISCO_TC.inMobileViewVerifyUserCanPerformSearch(java.lang.String,java.lang.String,java.lang.String,java.lang.String,java.lang.String)]]>
              </value>
            </param>
          </params>
          <reporter-output>
          </reporter-output>
        </test-method> <!-- printTimeStart -->
        <test-method name="inMobileViewVerifyUserCanPerformSearch" test-instance-name="" signature="inMobileViewVerifyUserCanPerformSearch(java.lang.String, java.lang.String, java.lang.String, java.lang.String, java.lang.String)[pri:15, instance:test.v2solutions.cisco.TestCISCO_TC@3c22fc4c]" status="PASS" duration-ms="17798" finished-at="2017-02-08T18:44:13Z" started-at="2017-02-08T18:43:55Z" data-provider="tafDataProvider" description="In Mobile view - Verify user can perform search">
          <params>
            <param index="0">
              <value>
                <![CDATA[//*[@id='search-phrase']]]>
              </value>
            </param>
            <param index="1">
              <value>
                <![CDATA[routers]]>
              </value>
            </param>
            <param index="2">
              <value>
                <![CDATA[//*[@id='fw-searchbutton']]]>
              </value>
            </param>
            <param index="3">
              <value>
                <![CDATA[//*[@id='results']]]>
              </value>
            </param>
            <param index="4">
              <value>
                <![CDATA[results]]>
              </value>
            </param>
          </params>
          <reporter-output>
          </reporter-output>
        </test-method> <!-- inMobileViewVerifyUserCanPerformSearch -->
        <test-method status="PASS" signature="printTimeTaken(java.lang.reflect.Method)[pri:0, instance:test.v2solutions.cisco.TestCISCO_TC@3c22fc4c]" test-instance-name="" name="printTimeTaken" is-config="true" duration-ms="0" started-at="2017-02-08T18:44:13Z" finished-at="2017-02-08T18:44:13Z">
          <params>
            <param index="0">
              <value>
                <![CDATA[public void test.v2solutions.cisco.TestCISCO_TC.inMobileViewVerifyUserCanPerformSearch(java.lang.String,java.lang.String,java.lang.String,java.lang.String,java.lang.String)]]>
              </value>
            </param>
          </params>
          <reporter-output>
          </reporter-output>
        </test-method> <!-- printTimeTaken -->
        <test-method status="PASS" signature="tearDown()[pri:0, instance:test.v2solutions.cisco.TestCISCO_TC@3c22fc4c]" test-instance-name="" name="tearDown" is-config="true" duration-ms="955" started-at="2017-02-08T18:44:13Z" finished-at="2017-02-08T18:44:14Z">
          <reporter-output>
          </reporter-output>
        </test-method> <!-- tearDown -->
        <test-method status="PASS" signature="shutDownDriver()[pri:0, instance:test.v2solutions.cisco.TestCISCO_TC@3c22fc4c]" test-instance-name="" name="shutDownDriver" is-config="true" duration-ms="1" started-at="2017-02-08T18:44:14Z" finished-at="2017-02-08T18:44:14Z">
          <reporter-output>
          </reporter-output>
        </test-method> <!-- shutDownDriver -->
      </class> <!-- test.v2solutions.cisco.TestCISCO_TC -->
    </test> <!-- MobileRegression -->
  </suite> <!-- Regression suite -->
</testng-results>
