<html>
<head>
<title>TestNG:  V2SolutionsMainPage</title>
<link href="../testng.css" rel="stylesheet" type="text/css" />
<link href="../my-testng.css" rel="stylesheet" type="text/css" />

<style type="text/css">
.log { display: none;} 
.stack-trace { display: none;} 
</style>
<script type="text/javascript">
<!--
function flip(e) {
  current = e.style.display;
  if (current == 'block') {
    e.style.display = 'none';
    return 0;
  }
  else {
    e.style.display = 'block';
    return 1;
  }
}

function toggleBox(szDivId, elem, msg1, msg2)
{
  var res = -1;  if (document.getElementById) {
    res = flip(document.getElementById(szDivId));
  }
  else if (document.all) {
    // this is the way old msie versions work
    res = flip(document.all[szDivId]);
  }
  if(elem) {
    if(res == 0) elem.innerHTML = msg1; else elem.innerHTML = msg2;
  }

}

function toggleAllBoxes() {
  if (document.getElementsByTagName) {
    d = document.getElementsByTagName('div');
    for (i = 0; i < d.length; i++) {
      if (d[i].className == 'log') {
        flip(d[i]);
      }
    }
  }
}

// -->
</script>

</head>
<body>
<h2 align='center'>V2SolutionsMainPage</h2><table border='1' align="center">
<tr>
<td>Tests passed/Failed/Skipped:</td><td>7/2/0</td>
</tr><tr>
<td>Started on:</td><td>Wed Jan 25 16:31:25 IST 2017</td>
</tr>
<tr><td>Total time:</td><td>121 seconds (121960 ms)</td>
</tr><tr>
<td>Included groups:</td><td></td>
</tr><tr>
<td>Excluded groups:</td><td></td>
</tr>
</table><p/>
<small><i>(Hover the method name to see the test class name)</i></small><p/>
<table width='100%' border='1' class='invocation-failed'>
<tr><td colspan='4' align='center'><b>FAILED TESTS</b></td></tr>
<tr><td><b>Test method</b></td>
<td width="30%"><b>Exception</b></td>
<td width="10%"><b>Time (seconds)</b></td>
<td><b>Instance</b></td>
</tr>
<tr>
<td title='test.v2solutions.pages.TestV2SolutionsHomePage.validatePaginationInTabletView()'><b>validatePaginationInTabletView</b><br>Test class: test.v2solutions.pages.TestV2SolutionsHomePage<br>Test method: Verify global footer section present in Desktop View<br>Parameters: 1920, 1080, 3</td>
<td><div><pre>java.lang.AssertionError:  Locator of &apos;GLobal Header section with xpath&apos; is &apos;&apos; Error-Pagination not working properly in Tablet view expected [true] but found [false]
	at com.v2solutions.taf.common.pages.CommonPage.logAndCreateADefect(CommonPage.java:369)
	at test.v2solutions.pages.TestV2SolutionsHomePage.validatePaginationInTabletView(TestV2SolutionsHomePage.java:218)
Caused by: com.v2solutions.taf.common.logs.AnalizerException:  Locator of &apos;GLobal Header section with xpath&apos; is &apos;&apos; Error-Pagination not working properly in Tablet view expected [true] but found [false]
	at com.v2solutions.taf.common.pages.CommonPage.logAndCreateADefect(CommonPage.java:363)
	... 25 more
Caused by: java.lang.AssertionError: Pagination not working properly in Tablet view expected [true] but found [false]
	at test.v2solutions.pages.TestV2SolutionsHomePage.validatePaginationInTabletView(TestV2SolutionsHomePage.java:216)
	... 24 more
... Removed 28 stack frames</pre></div><a href='#' onClick='toggleBox("stack-trace911501858", this, "Click to show all stack frames", "Click to hide stack frames")'>Click to show all stack frames</a>
<div class='stack-trace' id='stack-trace911501858'><pre>java.lang.AssertionError:  Locator of &apos;GLobal Header section with xpath&apos; is &apos;&apos; Error-Pagination not working properly in Tablet view expected [true] but found [false]
	at org.testng.Assert.fail(Assert.java:83)
	at com.v2solutions.taf.common.pages.CommonPage.logAndCreateADefect(CommonPage.java:369)
	at test.v2solutions.pages.TestV2SolutionsHomePage.validatePaginationInTabletView(TestV2SolutionsHomePage.java:218)
	at sun.reflect.NativeMethodAccessorImpl.invoke0(Native Method)
	at sun.reflect.NativeMethodAccessorImpl.invoke(NativeMethodAccessorImpl.java:62)
	at sun.reflect.DelegatingMethodAccessorImpl.invoke(DelegatingMethodAccessorImpl.java:43)
	at java.lang.reflect.Method.invoke(Method.java:483)
	at org.testng.internal.MethodInvocationHelper.invokeMethod(MethodInvocationHelper.java:86)
	at org.testng.internal.Invoker.invokeMethod(Invoker.java:643)
	at org.testng.internal.Invoker.invokeTestMethod(Invoker.java:820)
	at org.testng.internal.Invoker.invokeTestMethods(Invoker.java:1128)
	at org.testng.internal.TestMethodWorker.invokeTestMethods(TestMethodWorker.java:129)
	at org.testng.internal.TestMethodWorker.run(TestMethodWorker.java:112)
	at org.testng.TestRunner.privateRun(TestRunner.java:782)
	at org.testng.TestRunner.run(TestRunner.java:632)
	at org.testng.SuiteRunner.runTest(SuiteRunner.java:366)
	at org.testng.SuiteRunner.runSequentially(SuiteRunner.java:361)
	at org.testng.SuiteRunner.privateRun(SuiteRunner.java:319)
	at org.testng.SuiteRunner.run(SuiteRunner.java:268)
	at org.testng.SuiteRunnerWorker.runSuite(SuiteRunnerWorker.java:52)
	at org.testng.SuiteRunnerWorker.run(SuiteRunnerWorker.java:86)
	at org.testng.TestNG.runSuitesSequentially(TestNG.java:1244)
	at org.testng.TestNG.runSuitesLocally(TestNG.java:1169)
	at org.testng.TestNG.run(TestNG.java:1064)
	at org.testng.remote.AbstractRemoteTestNG.run(AbstractRemoteTestNG.java:132)
	at org.testng.remote.RemoteTestNG.initAndRun(RemoteTestNG.java:236)
	at org.testng.remote.RemoteTestNG.main(RemoteTestNG.java:81)
Caused by: com.v2solutions.taf.common.logs.AnalizerException:  Locator of &apos;GLobal Header section with xpath&apos; is &apos;&apos; Error-Pagination not working properly in Tablet view expected [true] but found [false]
	at com.v2solutions.taf.common.pages.CommonPage.logAndCreateADefect(CommonPage.java:363)
	... 25 more
Caused by: java.lang.AssertionError: Pagination not working properly in Tablet view expected [true] but found [false]
	at org.testng.Assert.fail(Assert.java:94)
	at org.testng.Assert.failNotEquals(Assert.java:513)
	at org.testng.Assert.assertTrue(Assert.java:42)
	at test.v2solutions.pages.TestV2SolutionsHomePage.validatePaginationInTabletView(TestV2SolutionsHomePage.java:216)
	... 24 more
</pre></div></td>
<td>1</td>
<td>test.v2solutions.pages.TestV2SolutionsHomePage@1534f01b</td></tr>
<tr>
<td title='test.v2solutions.pages.TestV2SolutionsHomePage.validateTabToggleFuctionalityInTabletView()'><b>validateTabToggleFuctionalityInTabletView</b><br>Test class: test.v2solutions.pages.TestV2SolutionsHomePage<br>Test method: Validate whether menu links expanded on mouse hover<br>Parameters: (//*[@data-toggle='tab']), (//h4[@class='uppercase'])</td>
<td><div><pre>java.lang.AssertionError:  Locator of &apos;Menu link with xpath&apos; is &apos;(//*[@data-toggle=&apos;tab&apos;])&apos; Error-Menu links not expanded on mouse hover expected [true] but found [false]
	at com.v2solutions.taf.common.pages.CommonPage.logAndCreateADefect(CommonPage.java:369)
	at test.v2solutions.pages.TestV2SolutionsHomePage.validateTabToggleFuctionalityInTabletView(TestV2SolutionsHomePage.java:280)
Caused by: com.v2solutions.taf.common.logs.AnalizerException:  Locator of &apos;Menu link with xpath&apos; is &apos;(//*[@data-toggle=&apos;tab&apos;])&apos; Error-Menu links not expanded on mouse hover expected [true] but found [false]
	at com.v2solutions.taf.common.pages.CommonPage.logAndCreateADefect(CommonPage.java:363)
	... 25 more
Caused by: java.lang.AssertionError: Menu links not expanded on mouse hover expected [true] but found [false]
	at test.v2solutions.pages.TestV2SolutionsHomePage.validateTabToggleFuctionalityInTabletView(TestV2SolutionsHomePage.java:278)
	... 24 more
... Removed 28 stack frames</pre></div><a href='#' onClick='toggleBox("stack-trace767511741", this, "Click to show all stack frames", "Click to hide stack frames")'>Click to show all stack frames</a>
<div class='stack-trace' id='stack-trace767511741'><pre>java.lang.AssertionError:  Locator of &apos;Menu link with xpath&apos; is &apos;(//*[@data-toggle=&apos;tab&apos;])&apos; Error-Menu links not expanded on mouse hover expected [true] but found [false]
	at org.testng.Assert.fail(Assert.java:83)
	at com.v2solutions.taf.common.pages.CommonPage.logAndCreateADefect(CommonPage.java:369)
	at test.v2solutions.pages.TestV2SolutionsHomePage.validateTabToggleFuctionalityInTabletView(TestV2SolutionsHomePage.java:280)
	at sun.reflect.NativeMethodAccessorImpl.invoke0(Native Method)
	at sun.reflect.NativeMethodAccessorImpl.invoke(NativeMethodAccessorImpl.java:62)
	at sun.reflect.DelegatingMethodAccessorImpl.invoke(DelegatingMethodAccessorImpl.java:43)
	at java.lang.reflect.Method.invoke(Method.java:483)
	at org.testng.internal.MethodInvocationHelper.invokeMethod(MethodInvocationHelper.java:86)
	at org.testng.internal.Invoker.invokeMethod(Invoker.java:643)
	at org.testng.internal.Invoker.invokeTestMethod(Invoker.java:820)
	at org.testng.internal.Invoker.invokeTestMethods(Invoker.java:1128)
	at org.testng.internal.TestMethodWorker.invokeTestMethods(TestMethodWorker.java:129)
	at org.testng.internal.TestMethodWorker.run(TestMethodWorker.java:112)
	at org.testng.TestRunner.privateRun(TestRunner.java:782)
	at org.testng.TestRunner.run(TestRunner.java:632)
	at org.testng.SuiteRunner.runTest(SuiteRunner.java:366)
	at org.testng.SuiteRunner.runSequentially(SuiteRunner.java:361)
	at org.testng.SuiteRunner.privateRun(SuiteRunner.java:319)
	at org.testng.SuiteRunner.run(SuiteRunner.java:268)
	at org.testng.SuiteRunnerWorker.runSuite(SuiteRunnerWorker.java:52)
	at org.testng.SuiteRunnerWorker.run(SuiteRunnerWorker.java:86)
	at org.testng.TestNG.runSuitesSequentially(TestNG.java:1244)
	at org.testng.TestNG.runSuitesLocally(TestNG.java:1169)
	at org.testng.TestNG.run(TestNG.java:1064)
	at org.testng.remote.AbstractRemoteTestNG.run(AbstractRemoteTestNG.java:132)
	at org.testng.remote.RemoteTestNG.initAndRun(RemoteTestNG.java:236)
	at org.testng.remote.RemoteTestNG.main(RemoteTestNG.java:81)
Caused by: com.v2solutions.taf.common.logs.AnalizerException:  Locator of &apos;Menu link with xpath&apos; is &apos;(//*[@data-toggle=&apos;tab&apos;])&apos; Error-Menu links not expanded on mouse hover expected [true] but found [false]
	at com.v2solutions.taf.common.pages.CommonPage.logAndCreateADefect(CommonPage.java:363)
	... 25 more
Caused by: java.lang.AssertionError: Menu links not expanded on mouse hover expected [true] but found [false]
	at org.testng.Assert.fail(Assert.java:94)
	at org.testng.Assert.failNotEquals(Assert.java:513)
	at org.testng.Assert.assertTrue(Assert.java:42)
	at test.v2solutions.pages.TestV2SolutionsHomePage.validateTabToggleFuctionalityInTabletView(TestV2SolutionsHomePage.java:278)
	... 24 more
</pre></div></td>
<td>26</td>
<td>test.v2solutions.pages.TestV2SolutionsHomePage@1534f01b</td></tr>
</table><p>
<table width='100%' border='1' class='invocation-passed'>
<tr><td colspan='4' align='center'><b>PASSED TESTS</b></td></tr>
<tr><td><b>Test method</b></td>
<td width="30%"><b>Exception</b></td>
<td width="10%"><b>Time (seconds)</b></td>
<td><b>Instance</b></td>
</tr>
<tr>
<td title='test.v2solutions.pages.TestV2SolutionsHomePage.close()'><b>close</b><br>Test class: test.v2solutions.pages.TestV2SolutionsHomePage<br>Test method: Closes the browser instance</td>
<td></td>
<td>1</td>
<td>test.v2solutions.pages.TestV2SolutionsHomePage@1534f01b</td></tr>
<tr>
<td title='test.v2solutions.pages.TestV2SolutionsHomePage.validateInOurSolutionSectionTabToggleFunctionalityArrangedInHorizontallyInTabletView()'><b>validateInOurSolutionSectionTabToggleFunctionalityArrangedInHorizontallyInTabletView</b><br>Test class: test.v2solutions.pages.TestV2SolutionsHomePage<br>Test method: Validate whether menu links expanded on mouse hover<br>Parameters: //ul[@class='nav nav-tabs'], //img[@alt='Content Compliance'], (//div[@class='col-md-4'])[1]</td>
<td></td>
<td>4</td>
<td>test.v2solutions.pages.TestV2SolutionsHomePage@1534f01b</td></tr>
<tr>
<td title='test.v2solutions.pages.TestV2SolutionsHomePage.validatePaginationForCompaniesWorkedWithSectionInTabletView()'><b>validatePaginationForCompaniesWorkedWithSectionInTabletView</b><br>Test class: test.v2solutions.pages.TestV2SolutionsHomePage<br>Test method: Validate whether menu links expanded on mouse hover<br>Parameters: (//img[@class='img-circle img-responsive'])</td>
<td></td>
<td>32</td>
<td>test.v2solutions.pages.TestV2SolutionsHomePage@1534f01b</td></tr>
<tr>
<td title='test.v2solutions.pages.TestV2SolutionsHomePage.validateThumbnailIconPositionInOurIndustryFocusSectionInTabletView()'><b>validateThumbnailIconPositionInOurIndustryFocusSectionInTabletView</b><br>Test class: test.v2solutions.pages.TestV2SolutionsHomePage<br>Test method: Validate whether menu links expanded on mouse hover<br>Parameters: (//img[@class='img-circle img-responsive'])</td>
<td></td>
<td>9</td>
<td>test.v2solutions.pages.TestV2SolutionsHomePage@1534f01b</td></tr>
<tr>
<td title='test.v2solutions.pages.TestV2SolutionsHomePage.validate_Button_Links_In_Innovation_That_Matters_Are_ClickableIn_Tablet_View()'><b>validate_Button_Links_In_Innovation_That_Matters_Are_ClickableIn_Tablet_View</b><br>Test class: test.v2solutions.pages.TestV2SolutionsHomePage<br>Test method: Validate whether menu links expanded on mouse hover<br>Parameters: (//div[@class='table-cell col-md-5 text-right']/a)</td>
<td></td>
<td>9</td>
<td>test.v2solutions.pages.TestV2SolutionsHomePage@1534f01b</td></tr>
<tr>
<td title='test.v2solutions.pages.TestV2SolutionsHomePage.validate_Button_Links_In_Innovation_That_Matters_Are_Highlighted_On_MouseHover_In_Tablet_View()'><b>validate_Button_Links_In_Innovation_That_Matters_Are_Highlighted_On_MouseHover_In_Tablet_View</b><br>Test class: test.v2solutions.pages.TestV2SolutionsHomePage<br>Test method: Validate whether menu links expanded on mouse hover<br>Parameters: (//div[@class='table-cell col-md-5 text-right']/a), rgba(255, 255, 255, 1)</td>
<td></td>
<td>8</td>
<td>test.v2solutions.pages.TestV2SolutionsHomePage@1534f01b</td></tr>
<tr>
<td title='test.v2solutions.pages.TestV2SolutionsHomePage.verifyPageIsResizedToTabletViewLayout()'><b>verifyPageIsResizedToTabletViewLayout</b><br>Test class: test.v2solutions.pages.TestV2SolutionsHomePage<br>Test method: Verify Page is Resized to 'Desktop view' Layout<br>Parameters: 850, 850, 2</td>
<td></td>
<td>3</td>
<td>test.v2solutions.pages.TestV2SolutionsHomePage@1534f01b</td></tr>
</table><p>
</body>
</html>