<html>
<head>
<title>TestNG:  V2SolutionsHomePage</title>
<link href="../testng.css" rel="stylesheet" type="text/css" />
<link href="../my-testng.css" rel="stylesheet" type="text/css" />

<style type="text/css">
.log { display: none;} 
.stack-trace { display: none;} 
</style>
<script type="text/javascript">
<!--
function flip(e) {
  current = e.style.display;
  if (current == 'block') {
    e.style.display = 'none';
    return 0;
  }
  else {
    e.style.display = 'block';
    return 1;
  }
}

function toggleBox(szDivId, elem, msg1, msg2)
{
  var res = -1;  if (document.getElementById) {
    res = flip(document.getElementById(szDivId));
  }
  else if (document.all) {
    // this is the way old msie versions work
    res = flip(document.all[szDivId]);
  }
  if(elem) {
    if(res == 0) elem.innerHTML = msg1; else elem.innerHTML = msg2;
  }

}

function toggleAllBoxes() {
  if (document.getElementsByTagName) {
    d = document.getElementsByTagName('div');
    for (i = 0; i < d.length; i++) {
      if (d[i].className == 'log') {
        flip(d[i]);
      }
    }
  }
}

// -->
</script>

</head>
<body>
<h2 align='center'>V2SolutionsHomePage</h2><table border='1' align="center">
<tr>
<td>Tests passed/Failed/Skipped:</td><td>10/6/0</td>
</tr><tr>
<td>Started on:</td><td>Wed Feb 08 18:08:25 IST 2017</td>
</tr>
<tr><td>Total time:</td><td>207 seconds (207519 ms)</td>
</tr><tr>
<td>Included groups:</td><td></td>
</tr><tr>
<td>Excluded groups:</td><td></td>
</tr>
</table><p/>
<small><i>(Hover the method name to see the test class name)</i></small><p/>
<table width='100%' border='1' class='invocation-failed'>
<tr><td colspan='4' align='center'><b>FAILED TESTS</b></td></tr>
<tr><td><b>Test method</b></td>
<td width="30%"><b>Exception</b></td>
<td width="10%"><b>Time (seconds)</b></td>
<td><b>Instance</b></td>
</tr>
<tr>
<td title='test.v2solutions.cisco.TestCISCO_TC.inDesktopViewVerifyUserCanLoginWithValidCredentials()'><b>inDesktopViewVerifyUserCanLoginWithValidCredentials</b><br>Test class: test.v2solutions.cisco.TestCISCO_TC ()<br>Test method: In Desktop view - Verify user can login with valid credentials<br>Parameters: //*[@class='fw-login-util']/a, //*[@id='userInput'], khileshfegade@v2solutions.com, //*[@id='passwordInput'], test123, //*[@id='login-button'], //*[@class='username']</td>
<td><div><pre>java.lang.AssertionError: failed to find page object by xpath , message : org.openqa.selenium.NoSuchElementException: no such element: Unable to locate element: {&quot;method&quot;:&quot;xpath&quot;,&quot;selector&quot;:&quot;//*[@class=&apos;username&apos;]&quot;}
  (Session info: chrome=56.0.2924.87)
  (Driver info: chromedriver=2.24.417431 (9aea000394714d2fbb20850021f6204f2256b9cf),platform=Windows NT 6.1.7601 SP1 x86_64) (WARNING: The server did not provide any stacktrace information)
Command duration or timeout: 29 milliseconds
For documentation on this error, please visit: http://seleniumhq.org/exceptions/no_such_element.html
B Reasons-Wrong Locator. Or element may not yet be on the screen at the time of the find operation, due to slow internet.
	at com.v2solutions.taf.common.pages.CommonPage.logAndCreateADefect(CommonPage.java:369)
	at test.v2solutions.cisco.TestCISCO_TC.inDesktopViewVerifyUserCanLoginWithValidCredentials(TestCISCO_TC.java:100)
Caused by: com.v2solutions.taf.common.logs.AnalizerException: failed to find page object by xpath , message : org.openqa.selenium.NoSuchElementException: no such element: Unable to locate element: {&quot;method&quot;:&quot;xpath&quot;,&quot;selector&quot;:&quot;//*[@class=&apos;username&apos;]&quot;}
  (Session info: chrome=56.0.2924.87)
  (Driver info: chromedriver=2.24.417431 (9aea000394714d2fbb20850021f6204f2256b9cf),platform=Windows NT 6.1.7601 SP1 x86_64) (WARNING: The server did not provide any stacktrace information)
Command duration or timeout: 29 milliseconds
For documentation on this error, please visit: http://seleniumhq.org/exceptions/no_such_element.html
B Reasons-Wrong Locator. Or element may not yet be on the screen at the time of the find operation, due to slow internet.
	at com.v2solutions.taf.common.pages.CommonPage.logAndCreateADefect(CommonPage.java:363)
	... 25 more
Caused by: com.v2solutions.taf.exception.PageException: failed to find page object by xpath , message : org.openqa.selenium.NoSuchElementException: no such element: Unable to locate element: {&quot;method&quot;:&quot;xpath&quot;,&quot;selector&quot;:&quot;//*[@class=&apos;username&apos;]&quot;}
  (Session info: chrome=56.0.2924.87)
  (Driver info: chromedriver=2.24.417431 (9aea000394714d2fbb20850021f6204f2256b9cf),platform=Windows NT 6.1.7601 SP1 x86_64) (WARNING: The server did not provide any stacktrace information)
Command duration or timeout: 29 milliseconds
For documentation on this error, please visit: http://seleniumhq.org/exceptions/no_such_element.html
Build info: version: &apos;2.53.1&apos;, revision: &apos;a36b8b1cd5757287168e54b817830adce9b0158d&apos;, time: &apos;2016-06-30 19:26:09&apos;
System info: host: &apos;V2MUMPC0455&apos;, ip: &apos;192.168.15.38&apos;, os.name: &apos;Windows 7&apos;, os.arch: &apos;amd64&apos;, os.version: &apos;6.1&apos;, java.version: &apos;1.8.0_31&apos;
Driver info: org.openqa.selenium.chrome.ChromeDriver
Capabilities [{applicationCacheEnabled=false, rotatable=false, mobileEmulationEnabled=false, networkConnectionEnabled=false, chrome={chromedriverVersion=2.24.417431 (9aea000394714d2fbb20850021f6204f2256b9cf), userDataDir=C:\Users\KHILES~1.FEG\AppData\Local\Temp\scoped_dir5980_19116}, takesHeapSnapshot=true, pageLoadStrategy=normal, databaseEnabled=false, handlesAlerts=true, hasTouchScreen=false, version=56.0.2924.87, platform=XP, browserConnectionEnabled=false, nativeEvents=true, acceptSslCerts=true, locationContextEnabled=true, webStorageEnabled=true, browserName=chrome, takesScreenshot=true, javascriptEnabled=true, cssSelectorsEnabled=true}]
Session ID: 7d3b9cd93a670df10209315ffaa8c402
*** Element info: {Using=xpath, value=//*[@class=&apos;username&apos;]}
	at com.v2solutions.taf.core.WebPage.findPageObjectByXPath(WebPage.java:286)
	at com.v2solutions.cisco.CISCO_TC.inDesktopViewVerifyUserCanLoginWithValidCredentials(CISCO_TC.java:130)
	at test.v2solutions.cisco.TestCISCO_TC.inDesktopViewVerifyUserCanLoginWithValidCredentials(TestCISCO_TC.java:95)
	... 24 more
... Removed 25 stack frames</pre></div><a href='#' onClick='toggleBox("stack-trace89509666", this, "Click to show all stack frames", "Click to hide stack frames")'>Click to show all stack frames</a>
<div class='stack-trace' id='stack-trace89509666'><pre>java.lang.AssertionError: failed to find page object by xpath , message : org.openqa.selenium.NoSuchElementException: no such element: Unable to locate element: {&quot;method&quot;:&quot;xpath&quot;,&quot;selector&quot;:&quot;//*[@class=&apos;username&apos;]&quot;}
  (Session info: chrome=56.0.2924.87)
  (Driver info: chromedriver=2.24.417431 (9aea000394714d2fbb20850021f6204f2256b9cf),platform=Windows NT 6.1.7601 SP1 x86_64) (WARNING: The server did not provide any stacktrace information)
Command duration or timeout: 29 milliseconds
For documentation on this error, please visit: http://seleniumhq.org/exceptions/no_such_element.html
B Reasons-Wrong Locator. Or element may not yet be on the screen at the time of the find operation, due to slow internet.
	at org.testng.Assert.fail(Assert.java:83)
	at com.v2solutions.taf.common.pages.CommonPage.logAndCreateADefect(CommonPage.java:369)
	at test.v2solutions.cisco.TestCISCO_TC.inDesktopViewVerifyUserCanLoginWithValidCredentials(TestCISCO_TC.java:100)
	at sun.reflect.NativeMethodAccessorImpl.invoke0(Native Method)
	at sun.reflect.NativeMethodAccessorImpl.invoke(NativeMethodAccessorImpl.java:62)
	at sun.reflect.DelegatingMethodAccessorImpl.invoke(DelegatingMethodAccessorImpl.java:43)
	at java.lang.reflect.Method.invoke(Method.java:483)
	at org.testng.internal.MethodInvocationHelper.invokeMethod(MethodInvocationHelper.java:86)
	at org.testng.internal.Invoker.invokeMethod(Invoker.java:643)
	at org.testng.internal.Invoker.invokeTestMethod(Invoker.java:820)
	at org.testng.internal.Invoker.invokeTestMethods(Invoker.java:1128)
	at org.testng.internal.TestMethodWorker.invokeTestMethods(TestMethodWorker.java:129)
	at org.testng.internal.TestMethodWorker.run(TestMethodWorker.java:112)
	at org.testng.TestRunner.privateRun(TestRunner.java:782)
	at org.testng.TestRunner.run(TestRunner.java:632)
	at org.testng.SuiteRunner.runTest(SuiteRunner.java:366)
	at org.testng.SuiteRunner.runSequentially(SuiteRunner.java:361)
	at org.testng.SuiteRunner.privateRun(SuiteRunner.java:319)
	at org.testng.SuiteRunner.run(SuiteRunner.java:268)
	at org.testng.SuiteRunnerWorker.runSuite(SuiteRunnerWorker.java:52)
	at org.testng.SuiteRunnerWorker.run(SuiteRunnerWorker.java:86)
	at org.testng.TestNG.runSuitesSequentially(TestNG.java:1244)
	at org.testng.TestNG.runSuitesLocally(TestNG.java:1169)
	at org.testng.TestNG.run(TestNG.java:1064)
	at org.testng.remote.AbstractRemoteTestNG.run(AbstractRemoteTestNG.java:132)
	at org.testng.remote.RemoteTestNG.initAndRun(RemoteTestNG.java:236)
	at org.testng.remote.RemoteTestNG.main(RemoteTestNG.java:81)
Caused by: com.v2solutions.taf.common.logs.AnalizerException: failed to find page object by xpath , message : org.openqa.selenium.NoSuchElementException: no such element: Unable to locate element: {&quot;method&quot;:&quot;xpath&quot;,&quot;selector&quot;:&quot;//*[@class=&apos;username&apos;]&quot;}
  (Session info: chrome=56.0.2924.87)
  (Driver info: chromedriver=2.24.417431 (9aea000394714d2fbb20850021f6204f2256b9cf),platform=Windows NT 6.1.7601 SP1 x86_64) (WARNING: The server did not provide any stacktrace information)
Command duration or timeout: 29 milliseconds
For documentation on this error, please visit: http://seleniumhq.org/exceptions/no_such_element.html
B Reasons-Wrong Locator. Or element may not yet be on the screen at the time of the find operation, due to slow internet.
	at com.v2solutions.taf.common.pages.CommonPage.logAndCreateADefect(CommonPage.java:363)
	... 25 more
Caused by: com.v2solutions.taf.exception.PageException: failed to find page object by xpath , message : org.openqa.selenium.NoSuchElementException: no such element: Unable to locate element: {&quot;method&quot;:&quot;xpath&quot;,&quot;selector&quot;:&quot;//*[@class=&apos;username&apos;]&quot;}
  (Session info: chrome=56.0.2924.87)
  (Driver info: chromedriver=2.24.417431 (9aea000394714d2fbb20850021f6204f2256b9cf),platform=Windows NT 6.1.7601 SP1 x86_64) (WARNING: The server did not provide any stacktrace information)
Command duration or timeout: 29 milliseconds
For documentation on this error, please visit: http://seleniumhq.org/exceptions/no_such_element.html
Build info: version: &apos;2.53.1&apos;, revision: &apos;a36b8b1cd5757287168e54b817830adce9b0158d&apos;, time: &apos;2016-06-30 19:26:09&apos;
System info: host: &apos;V2MUMPC0455&apos;, ip: &apos;192.168.15.38&apos;, os.name: &apos;Windows 7&apos;, os.arch: &apos;amd64&apos;, os.version: &apos;6.1&apos;, java.version: &apos;1.8.0_31&apos;
Driver info: org.openqa.selenium.chrome.ChromeDriver
Capabilities [{applicationCacheEnabled=false, rotatable=false, mobileEmulationEnabled=false, networkConnectionEnabled=false, chrome={chromedriverVersion=2.24.417431 (9aea000394714d2fbb20850021f6204f2256b9cf), userDataDir=C:\Users\KHILES~1.FEG\AppData\Local\Temp\scoped_dir5980_19116}, takesHeapSnapshot=true, pageLoadStrategy=normal, databaseEnabled=false, handlesAlerts=true, hasTouchScreen=false, version=56.0.2924.87, platform=XP, browserConnectionEnabled=false, nativeEvents=true, acceptSslCerts=true, locationContextEnabled=true, webStorageEnabled=true, browserName=chrome, takesScreenshot=true, javascriptEnabled=true, cssSelectorsEnabled=true}]
Session ID: 7d3b9cd93a670df10209315ffaa8c402
*** Element info: {Using=xpath, value=//*[@class=&apos;username&apos;]}
	at com.v2solutions.taf.core.WebPage.findPageObjectByXPath(WebPage.java:286)
	at com.v2solutions.cisco.CISCO_TC.inDesktopViewVerifyUserCanLoginWithValidCredentials(CISCO_TC.java:130)
	at test.v2solutions.cisco.TestCISCO_TC.inDesktopViewVerifyUserCanLoginWithValidCredentials(TestCISCO_TC.java:95)
	... 24 more
</pre></div></td>
<td>15</td>
<td>test.v2solutions.cisco.TestCISCO_TC@363ee3a2</td></tr>
<tr>
<td title='test.v2solutions.cisco.TestCISCO_TC.inMobileViewVerifySearchFieldDefaultText()'><b>inMobileViewVerifySearchFieldDefaultText</b><br>Test class: test.v2solutions.cisco.TestCISCO_TC ()<br>Test method: In Mobile view - Verify Search field default text<br>Parameters: //*[@id='fw-searchbutton'], //*[@id='search-phrase'], Search items</td>
<td><div><pre>java.lang.AssertionError:  Locator of &apos;Search icon with xpath ://*[@id=&apos;fw-searchbutton&apos;], search input field xpath :&apos; is &apos;//*[@id=&apos;search-phrase&apos;]&apos; Error-In Mobile view - Verify Search field default text failed. expected [Search items] but found [Search]
	at com.v2solutions.taf.common.pages.CommonPage.logAndCreateADefect(CommonPage.java:369)
	at test.v2solutions.cisco.TestCISCO_TC.inMobileViewVerifySearchFieldDefaultText(TestCISCO_TC.java:410)
Caused by: com.v2solutions.taf.common.logs.AnalizerException:  Locator of &apos;Search icon with xpath ://*[@id=&apos;fw-searchbutton&apos;], search input field xpath :&apos; is &apos;//*[@id=&apos;search-phrase&apos;]&apos; Error-In Mobile view - Verify Search field default text failed. expected [Search items] but found [Search]
	at com.v2solutions.taf.common.pages.CommonPage.logAndCreateADefect(CommonPage.java:363)
	... 25 more
Caused by: java.lang.AssertionError: In Mobile view - Verify Search field default text failed. expected [Search items] but found [Search]
	at test.v2solutions.cisco.TestCISCO_TC.inMobileViewVerifySearchFieldDefaultText(TestCISCO_TC.java:406)
	... 24 more
... Removed 30 stack frames</pre></div><a href='#' onClick='toggleBox("stack-trace833240229", this, "Click to show all stack frames", "Click to hide stack frames")'>Click to show all stack frames</a>
<div class='stack-trace' id='stack-trace833240229'><pre>java.lang.AssertionError:  Locator of &apos;Search icon with xpath ://*[@id=&apos;fw-searchbutton&apos;], search input field xpath :&apos; is &apos;//*[@id=&apos;search-phrase&apos;]&apos; Error-In Mobile view - Verify Search field default text failed. expected [Search items] but found [Search]
	at org.testng.Assert.fail(Assert.java:83)
	at com.v2solutions.taf.common.pages.CommonPage.logAndCreateADefect(CommonPage.java:369)
	at test.v2solutions.cisco.TestCISCO_TC.inMobileViewVerifySearchFieldDefaultText(TestCISCO_TC.java:410)
	at sun.reflect.NativeMethodAccessorImpl.invoke0(Native Method)
	at sun.reflect.NativeMethodAccessorImpl.invoke(NativeMethodAccessorImpl.java:62)
	at sun.reflect.DelegatingMethodAccessorImpl.invoke(DelegatingMethodAccessorImpl.java:43)
	at java.lang.reflect.Method.invoke(Method.java:483)
	at org.testng.internal.MethodInvocationHelper.invokeMethod(MethodInvocationHelper.java:86)
	at org.testng.internal.Invoker.invokeMethod(Invoker.java:643)
	at org.testng.internal.Invoker.invokeTestMethod(Invoker.java:820)
	at org.testng.internal.Invoker.invokeTestMethods(Invoker.java:1128)
	at org.testng.internal.TestMethodWorker.invokeTestMethods(TestMethodWorker.java:129)
	at org.testng.internal.TestMethodWorker.run(TestMethodWorker.java:112)
	at org.testng.TestRunner.privateRun(TestRunner.java:782)
	at org.testng.TestRunner.run(TestRunner.java:632)
	at org.testng.SuiteRunner.runTest(SuiteRunner.java:366)
	at org.testng.SuiteRunner.runSequentially(SuiteRunner.java:361)
	at org.testng.SuiteRunner.privateRun(SuiteRunner.java:319)
	at org.testng.SuiteRunner.run(SuiteRunner.java:268)
	at org.testng.SuiteRunnerWorker.runSuite(SuiteRunnerWorker.java:52)
	at org.testng.SuiteRunnerWorker.run(SuiteRunnerWorker.java:86)
	at org.testng.TestNG.runSuitesSequentially(TestNG.java:1244)
	at org.testng.TestNG.runSuitesLocally(TestNG.java:1169)
	at org.testng.TestNG.run(TestNG.java:1064)
	at org.testng.remote.AbstractRemoteTestNG.run(AbstractRemoteTestNG.java:132)
	at org.testng.remote.RemoteTestNG.initAndRun(RemoteTestNG.java:236)
	at org.testng.remote.RemoteTestNG.main(RemoteTestNG.java:81)
Caused by: com.v2solutions.taf.common.logs.AnalizerException:  Locator of &apos;Search icon with xpath ://*[@id=&apos;fw-searchbutton&apos;], search input field xpath :&apos; is &apos;//*[@id=&apos;search-phrase&apos;]&apos; Error-In Mobile view - Verify Search field default text failed. expected [Search items] but found [Search]
	at com.v2solutions.taf.common.pages.CommonPage.logAndCreateADefect(CommonPage.java:363)
	... 25 more
Caused by: java.lang.AssertionError: In Mobile view - Verify Search field default text failed. expected [Search items] but found [Search]
	at org.testng.Assert.fail(Assert.java:94)
	at org.testng.Assert.failNotEquals(Assert.java:513)
	at org.testng.Assert.assertEqualsImpl(Assert.java:135)
	at org.testng.Assert.assertEquals(Assert.java:116)
	at org.testng.Assert.assertEquals(Assert.java:190)
	at test.v2solutions.cisco.TestCISCO_TC.inMobileViewVerifySearchFieldDefaultText(TestCISCO_TC.java:406)
	... 24 more
</pre></div></td>
<td>14</td>
<td>test.v2solutions.cisco.TestCISCO_TC@363ee3a2</td></tr>
<tr>
<td title='test.v2solutions.cisco.TestCISCO_TC.inMobileViewVerifyUserCanLoginWithValidCredentials()'><b>inMobileViewVerifyUserCanLoginWithValidCredentials</b><br>Test class: test.v2solutions.cisco.TestCISCO_TC ()<br>Test method: In Mobile view - Verify user can login with valid credentials<br>Parameters: //*[@id='fw-treenavbutton'], (//*[@class='fw-login-util']/a)[2], //*[@id='userInput'], khileshfegade@v2solutions.com, //*[@id='passwordInput'], test123, //*[@id='login-button'], //*[@class='username']</td>
<td><div><pre>java.lang.AssertionError: failed to find page object by xpath , message : org.openqa.selenium.NoSuchElementException: no such element: Unable to locate element: {&quot;method&quot;:&quot;xpath&quot;,&quot;selector&quot;:&quot;//*[@id=&apos;fw-treenavbutton&apos;]&quot;}
  (Session info: chrome=56.0.2924.87)
  (Driver info: chromedriver=2.24.417431 (9aea000394714d2fbb20850021f6204f2256b9cf),platform=Windows NT 6.1.7601 SP1 x86_64) (WARNING: The server did not provide any stacktrace information)
Command duration or timeout: 25 milliseconds
For documentation on this error, please visit: http://seleniumhq.org/exceptions/no_such_element.html
B Reasons-Wrong Locator. Or element may not yet be on the screen at the time of the find operation, due to slow internet.
	at com.v2solutions.taf.common.pages.CommonPage.logAndCreateADefect(CommonPage.java:369)
	at test.v2solutions.cisco.TestCISCO_TC.inMobileViewVerifyUserCanLoginWithValidCredentials(TestCISCO_TC.java:360)
Caused by: com.v2solutions.taf.common.logs.AnalizerException: failed to find page object by xpath , message : org.openqa.selenium.NoSuchElementException: no such element: Unable to locate element: {&quot;method&quot;:&quot;xpath&quot;,&quot;selector&quot;:&quot;//*[@id=&apos;fw-treenavbutton&apos;]&quot;}
  (Session info: chrome=56.0.2924.87)
  (Driver info: chromedriver=2.24.417431 (9aea000394714d2fbb20850021f6204f2256b9cf),platform=Windows NT 6.1.7601 SP1 x86_64) (WARNING: The server did not provide any stacktrace information)
Command duration or timeout: 25 milliseconds
For documentation on this error, please visit: http://seleniumhq.org/exceptions/no_such_element.html
B Reasons-Wrong Locator. Or element may not yet be on the screen at the time of the find operation, due to slow internet.
	at com.v2solutions.taf.common.pages.CommonPage.logAndCreateADefect(CommonPage.java:363)
	... 25 more
Caused by: com.v2solutions.taf.exception.PageException: failed to find page object by xpath , message : org.openqa.selenium.NoSuchElementException: no such element: Unable to locate element: {&quot;method&quot;:&quot;xpath&quot;,&quot;selector&quot;:&quot;//*[@id=&apos;fw-treenavbutton&apos;]&quot;}
  (Session info: chrome=56.0.2924.87)
  (Driver info: chromedriver=2.24.417431 (9aea000394714d2fbb20850021f6204f2256b9cf),platform=Windows NT 6.1.7601 SP1 x86_64) (WARNING: The server did not provide any stacktrace information)
Command duration or timeout: 25 milliseconds
For documentation on this error, please visit: http://seleniumhq.org/exceptions/no_such_element.html
Build info: version: &apos;2.53.1&apos;, revision: &apos;a36b8b1cd5757287168e54b817830adce9b0158d&apos;, time: &apos;2016-06-30 19:26:09&apos;
System info: host: &apos;V2MUMPC0455&apos;, ip: &apos;192.168.15.38&apos;, os.name: &apos;Windows 7&apos;, os.arch: &apos;amd64&apos;, os.version: &apos;6.1&apos;, java.version: &apos;1.8.0_31&apos;
Driver info: org.openqa.selenium.chrome.ChromeDriver
Capabilities [{applicationCacheEnabled=false, rotatable=false, mobileEmulationEnabled=false, networkConnectionEnabled=false, chrome={chromedriverVersion=2.24.417431 (9aea000394714d2fbb20850021f6204f2256b9cf), userDataDir=C:\Users\KHILES~1.FEG\AppData\Local\Temp\scoped_dir5980_19116}, takesHeapSnapshot=true, pageLoadStrategy=normal, databaseEnabled=false, handlesAlerts=true, hasTouchScreen=false, version=56.0.2924.87, platform=XP, browserConnectionEnabled=false, nativeEvents=true, acceptSslCerts=true, locationContextEnabled=true, webStorageEnabled=true, browserName=chrome, takesScreenshot=true, javascriptEnabled=true, cssSelectorsEnabled=true}]
Session ID: 7d3b9cd93a670df10209315ffaa8c402
*** Element info: {Using=xpath, value=//*[@id=&apos;fw-treenavbutton&apos;]}
	at com.v2solutions.taf.core.WebPage.findPageObjectByXPath(WebPage.java:286)
	at com.v2solutions.cisco.CISCO_TC.inMobileViewVerifyUserCanLoginWithValidCredentials(CISCO_TC.java:412)
	at test.v2solutions.cisco.TestCISCO_TC.inMobileViewVerifyUserCanLoginWithValidCredentials(TestCISCO_TC.java:355)
	... 24 more
... Removed 25 stack frames</pre></div><a href='#' onClick='toggleBox("stack-trace487416600", this, "Click to show all stack frames", "Click to hide stack frames")'>Click to show all stack frames</a>
<div class='stack-trace' id='stack-trace487416600'><pre>java.lang.AssertionError: failed to find page object by xpath , message : org.openqa.selenium.NoSuchElementException: no such element: Unable to locate element: {&quot;method&quot;:&quot;xpath&quot;,&quot;selector&quot;:&quot;//*[@id=&apos;fw-treenavbutton&apos;]&quot;}
  (Session info: chrome=56.0.2924.87)
  (Driver info: chromedriver=2.24.417431 (9aea000394714d2fbb20850021f6204f2256b9cf),platform=Windows NT 6.1.7601 SP1 x86_64) (WARNING: The server did not provide any stacktrace information)
Command duration or timeout: 25 milliseconds
For documentation on this error, please visit: http://seleniumhq.org/exceptions/no_such_element.html
B Reasons-Wrong Locator. Or element may not yet be on the screen at the time of the find operation, due to slow internet.
	at org.testng.Assert.fail(Assert.java:83)
	at com.v2solutions.taf.common.pages.CommonPage.logAndCreateADefect(CommonPage.java:369)
	at test.v2solutions.cisco.TestCISCO_TC.inMobileViewVerifyUserCanLoginWithValidCredentials(TestCISCO_TC.java:360)
	at sun.reflect.NativeMethodAccessorImpl.invoke0(Native Method)
	at sun.reflect.NativeMethodAccessorImpl.invoke(NativeMethodAccessorImpl.java:62)
	at sun.reflect.DelegatingMethodAccessorImpl.invoke(DelegatingMethodAccessorImpl.java:43)
	at java.lang.reflect.Method.invoke(Method.java:483)
	at org.testng.internal.MethodInvocationHelper.invokeMethod(MethodInvocationHelper.java:86)
	at org.testng.internal.Invoker.invokeMethod(Invoker.java:643)
	at org.testng.internal.Invoker.invokeTestMethod(Invoker.java:820)
	at org.testng.internal.Invoker.invokeTestMethods(Invoker.java:1128)
	at org.testng.internal.TestMethodWorker.invokeTestMethods(TestMethodWorker.java:129)
	at org.testng.internal.TestMethodWorker.run(TestMethodWorker.java:112)
	at org.testng.TestRunner.privateRun(TestRunner.java:782)
	at org.testng.TestRunner.run(TestRunner.java:632)
	at org.testng.SuiteRunner.runTest(SuiteRunner.java:366)
	at org.testng.SuiteRunner.runSequentially(SuiteRunner.java:361)
	at org.testng.SuiteRunner.privateRun(SuiteRunner.java:319)
	at org.testng.SuiteRunner.run(SuiteRunner.java:268)
	at org.testng.SuiteRunnerWorker.runSuite(SuiteRunnerWorker.java:52)
	at org.testng.SuiteRunnerWorker.run(SuiteRunnerWorker.java:86)
	at org.testng.TestNG.runSuitesSequentially(TestNG.java:1244)
	at org.testng.TestNG.runSuitesLocally(TestNG.java:1169)
	at org.testng.TestNG.run(TestNG.java:1064)
	at org.testng.remote.AbstractRemoteTestNG.run(AbstractRemoteTestNG.java:132)
	at org.testng.remote.RemoteTestNG.initAndRun(RemoteTestNG.java:236)
	at org.testng.remote.RemoteTestNG.main(RemoteTestNG.java:81)
Caused by: com.v2solutions.taf.common.logs.AnalizerException: failed to find page object by xpath , message : org.openqa.selenium.NoSuchElementException: no such element: Unable to locate element: {&quot;method&quot;:&quot;xpath&quot;,&quot;selector&quot;:&quot;//*[@id=&apos;fw-treenavbutton&apos;]&quot;}
  (Session info: chrome=56.0.2924.87)
  (Driver info: chromedriver=2.24.417431 (9aea000394714d2fbb20850021f6204f2256b9cf),platform=Windows NT 6.1.7601 SP1 x86_64) (WARNING: The server did not provide any stacktrace information)
Command duration or timeout: 25 milliseconds
For documentation on this error, please visit: http://seleniumhq.org/exceptions/no_such_element.html
B Reasons-Wrong Locator. Or element may not yet be on the screen at the time of the find operation, due to slow internet.
	at com.v2solutions.taf.common.pages.CommonPage.logAndCreateADefect(CommonPage.java:363)
	... 25 more
Caused by: com.v2solutions.taf.exception.PageException: failed to find page object by xpath , message : org.openqa.selenium.NoSuchElementException: no such element: Unable to locate element: {&quot;method&quot;:&quot;xpath&quot;,&quot;selector&quot;:&quot;//*[@id=&apos;fw-treenavbutton&apos;]&quot;}
  (Session info: chrome=56.0.2924.87)
  (Driver info: chromedriver=2.24.417431 (9aea000394714d2fbb20850021f6204f2256b9cf),platform=Windows NT 6.1.7601 SP1 x86_64) (WARNING: The server did not provide any stacktrace information)
Command duration or timeout: 25 milliseconds
For documentation on this error, please visit: http://seleniumhq.org/exceptions/no_such_element.html
Build info: version: &apos;2.53.1&apos;, revision: &apos;a36b8b1cd5757287168e54b817830adce9b0158d&apos;, time: &apos;2016-06-30 19:26:09&apos;
System info: host: &apos;V2MUMPC0455&apos;, ip: &apos;192.168.15.38&apos;, os.name: &apos;Windows 7&apos;, os.arch: &apos;amd64&apos;, os.version: &apos;6.1&apos;, java.version: &apos;1.8.0_31&apos;
Driver info: org.openqa.selenium.chrome.ChromeDriver
Capabilities [{applicationCacheEnabled=false, rotatable=false, mobileEmulationEnabled=false, networkConnectionEnabled=false, chrome={chromedriverVersion=2.24.417431 (9aea000394714d2fbb20850021f6204f2256b9cf), userDataDir=C:\Users\KHILES~1.FEG\AppData\Local\Temp\scoped_dir5980_19116}, takesHeapSnapshot=true, pageLoadStrategy=normal, databaseEnabled=false, handlesAlerts=true, hasTouchScreen=false, version=56.0.2924.87, platform=XP, browserConnectionEnabled=false, nativeEvents=true, acceptSslCerts=true, locationContextEnabled=true, webStorageEnabled=true, browserName=chrome, takesScreenshot=true, javascriptEnabled=true, cssSelectorsEnabled=true}]
Session ID: 7d3b9cd93a670df10209315ffaa8c402
*** Element info: {Using=xpath, value=//*[@id=&apos;fw-treenavbutton&apos;]}
	at com.v2solutions.taf.core.WebPage.findPageObjectByXPath(WebPage.java:286)
	at com.v2solutions.cisco.CISCO_TC.inMobileViewVerifyUserCanLoginWithValidCredentials(CISCO_TC.java:412)
	at test.v2solutions.cisco.TestCISCO_TC.inMobileViewVerifyUserCanLoginWithValidCredentials(TestCISCO_TC.java:355)
	... 24 more
</pre></div></td>
<td>0</td>
<td>test.v2solutions.cisco.TestCISCO_TC@363ee3a2</td></tr>
<tr>
<td title='test.v2solutions.cisco.TestCISCO_TC.inMobileViewVerifyUserCannotLoginWithInvalidCredentials()'><b>inMobileViewVerifyUserCannotLoginWithInvalidCredentials</b><br>Test class: test.v2solutions.cisco.TestCISCO_TC ()<br>Test method: In Mobile view - Verify user cannot login with invalid credentials<br>Parameters: //*[@class='fw-login-util']/a, //*[@id='userInput'], khileshfegade@v2solutions.com, //*[@id='passwordInput'], test123, //*[@id='login-button'], //*[@id='warning-msg']/h3, Your login was unsuccessful for one of the following reasons:</td>
<td><div><pre>java.lang.AssertionError: failed to find page object by xpath , message : org.openqa.selenium.NoSuchElementException: no such element: Unable to locate element: {&quot;method&quot;:&quot;xpath&quot;,&quot;selector&quot;:&quot;//*[@id=&apos;userInput&apos;]&quot;}
  (Session info: chrome=56.0.2924.87)
  (Driver info: chromedriver=2.24.417431 (9aea000394714d2fbb20850021f6204f2256b9cf),platform=Windows NT 6.1.7601 SP1 x86_64) (WARNING: The server did not provide any stacktrace information)
Command duration or timeout: 26 milliseconds
For documentation on this error, please visit: http://seleniumhq.org/exceptions/no_such_element.html
B Reasons-Wrong Locator. Or element may not yet be on the screen at the time of the find operation, due to slow internet.
	at com.v2solutions.taf.common.pages.CommonPage.logAndCreateADefect(CommonPage.java:369)
	at test.v2solutions.cisco.TestCISCO_TC.inMobileViewVerifyUserCannotLoginWithInvalidCredentials(TestCISCO_TC.java:388)
Caused by: com.v2solutions.taf.common.logs.AnalizerException: failed to find page object by xpath , message : org.openqa.selenium.NoSuchElementException: no such element: Unable to locate element: {&quot;method&quot;:&quot;xpath&quot;,&quot;selector&quot;:&quot;//*[@id=&apos;userInput&apos;]&quot;}
  (Session info: chrome=56.0.2924.87)
  (Driver info: chromedriver=2.24.417431 (9aea000394714d2fbb20850021f6204f2256b9cf),platform=Windows NT 6.1.7601 SP1 x86_64) (WARNING: The server did not provide any stacktrace information)
Command duration or timeout: 26 milliseconds
For documentation on this error, please visit: http://seleniumhq.org/exceptions/no_such_element.html
B Reasons-Wrong Locator. Or element may not yet be on the screen at the time of the find operation, due to slow internet.
	at com.v2solutions.taf.common.pages.CommonPage.logAndCreateADefect(CommonPage.java:363)
	... 25 more
Caused by: com.v2solutions.taf.exception.PageException: failed to find page object by xpath , message : org.openqa.selenium.NoSuchElementException: no such element: Unable to locate element: {&quot;method&quot;:&quot;xpath&quot;,&quot;selector&quot;:&quot;//*[@id=&apos;userInput&apos;]&quot;}
  (Session info: chrome=56.0.2924.87)
  (Driver info: chromedriver=2.24.417431 (9aea000394714d2fbb20850021f6204f2256b9cf),platform=Windows NT 6.1.7601 SP1 x86_64) (WARNING: The server did not provide any stacktrace information)
Command duration or timeout: 26 milliseconds
For documentation on this error, please visit: http://seleniumhq.org/exceptions/no_such_element.html
Build info: version: &apos;2.53.1&apos;, revision: &apos;a36b8b1cd5757287168e54b817830adce9b0158d&apos;, time: &apos;2016-06-30 19:26:09&apos;
System info: host: &apos;V2MUMPC0455&apos;, ip: &apos;192.168.15.38&apos;, os.name: &apos;Windows 7&apos;, os.arch: &apos;amd64&apos;, os.version: &apos;6.1&apos;, java.version: &apos;1.8.0_31&apos;
Driver info: org.openqa.selenium.chrome.ChromeDriver
Capabilities [{applicationCacheEnabled=false, rotatable=false, mobileEmulationEnabled=false, networkConnectionEnabled=false, chrome={chromedriverVersion=2.24.417431 (9aea000394714d2fbb20850021f6204f2256b9cf), userDataDir=C:\Users\KHILES~1.FEG\AppData\Local\Temp\scoped_dir5980_19116}, takesHeapSnapshot=true, pageLoadStrategy=normal, databaseEnabled=false, handlesAlerts=true, hasTouchScreen=false, version=56.0.2924.87, platform=XP, browserConnectionEnabled=false, nativeEvents=true, acceptSslCerts=true, locationContextEnabled=true, webStorageEnabled=true, browserName=chrome, takesScreenshot=true, javascriptEnabled=true, cssSelectorsEnabled=true}]
Session ID: 7d3b9cd93a670df10209315ffaa8c402
*** Element info: {Using=xpath, value=//*[@id=&apos;userInput&apos;]}
	at com.v2solutions.taf.core.WebPage.findPageObjectByXPath(WebPage.java:286)
	at com.v2solutions.cisco.CISCO_TC.inMobileViewVerifyUserCannotLoginWithInvalidCredentials(CISCO_TC.java:459)
	at test.v2solutions.cisco.TestCISCO_TC.inMobileViewVerifyUserCannotLoginWithInvalidCredentials(TestCISCO_TC.java:383)
	... 24 more
... Removed 25 stack frames</pre></div><a href='#' onClick='toggleBox("stack-trace1447353473", this, "Click to show all stack frames", "Click to hide stack frames")'>Click to show all stack frames</a>
<div class='stack-trace' id='stack-trace1447353473'><pre>java.lang.AssertionError: failed to find page object by xpath , message : org.openqa.selenium.NoSuchElementException: no such element: Unable to locate element: {&quot;method&quot;:&quot;xpath&quot;,&quot;selector&quot;:&quot;//*[@id=&apos;userInput&apos;]&quot;}
  (Session info: chrome=56.0.2924.87)
  (Driver info: chromedriver=2.24.417431 (9aea000394714d2fbb20850021f6204f2256b9cf),platform=Windows NT 6.1.7601 SP1 x86_64) (WARNING: The server did not provide any stacktrace information)
Command duration or timeout: 26 milliseconds
For documentation on this error, please visit: http://seleniumhq.org/exceptions/no_such_element.html
B Reasons-Wrong Locator. Or element may not yet be on the screen at the time of the find operation, due to slow internet.
	at org.testng.Assert.fail(Assert.java:83)
	at com.v2solutions.taf.common.pages.CommonPage.logAndCreateADefect(CommonPage.java:369)
	at test.v2solutions.cisco.TestCISCO_TC.inMobileViewVerifyUserCannotLoginWithInvalidCredentials(TestCISCO_TC.java:388)
	at sun.reflect.NativeMethodAccessorImpl.invoke0(Native Method)
	at sun.reflect.NativeMethodAccessorImpl.invoke(NativeMethodAccessorImpl.java:62)
	at sun.reflect.DelegatingMethodAccessorImpl.invoke(DelegatingMethodAccessorImpl.java:43)
	at java.lang.reflect.Method.invoke(Method.java:483)
	at org.testng.internal.MethodInvocationHelper.invokeMethod(MethodInvocationHelper.java:86)
	at org.testng.internal.Invoker.invokeMethod(Invoker.java:643)
	at org.testng.internal.Invoker.invokeTestMethod(Invoker.java:820)
	at org.testng.internal.Invoker.invokeTestMethods(Invoker.java:1128)
	at org.testng.internal.TestMethodWorker.invokeTestMethods(TestMethodWorker.java:129)
	at org.testng.internal.TestMethodWorker.run(TestMethodWorker.java:112)
	at org.testng.TestRunner.privateRun(TestRunner.java:782)
	at org.testng.TestRunner.run(TestRunner.java:632)
	at org.testng.SuiteRunner.runTest(SuiteRunner.java:366)
	at org.testng.SuiteRunner.runSequentially(SuiteRunner.java:361)
	at org.testng.SuiteRunner.privateRun(SuiteRunner.java:319)
	at org.testng.SuiteRunner.run(SuiteRunner.java:268)
	at org.testng.SuiteRunnerWorker.runSuite(SuiteRunnerWorker.java:52)
	at org.testng.SuiteRunnerWorker.run(SuiteRunnerWorker.java:86)
	at org.testng.TestNG.runSuitesSequentially(TestNG.java:1244)
	at org.testng.TestNG.runSuitesLocally(TestNG.java:1169)
	at org.testng.TestNG.run(TestNG.java:1064)
	at org.testng.remote.AbstractRemoteTestNG.run(AbstractRemoteTestNG.java:132)
	at org.testng.remote.RemoteTestNG.initAndRun(RemoteTestNG.java:236)
	at org.testng.remote.RemoteTestNG.main(RemoteTestNG.java:81)
Caused by: com.v2solutions.taf.common.logs.AnalizerException: failed to find page object by xpath , message : org.openqa.selenium.NoSuchElementException: no such element: Unable to locate element: {&quot;method&quot;:&quot;xpath&quot;,&quot;selector&quot;:&quot;//*[@id=&apos;userInput&apos;]&quot;}
  (Session info: chrome=56.0.2924.87)
  (Driver info: chromedriver=2.24.417431 (9aea000394714d2fbb20850021f6204f2256b9cf),platform=Windows NT 6.1.7601 SP1 x86_64) (WARNING: The server did not provide any stacktrace information)
Command duration or timeout: 26 milliseconds
For documentation on this error, please visit: http://seleniumhq.org/exceptions/no_such_element.html
B Reasons-Wrong Locator. Or element may not yet be on the screen at the time of the find operation, due to slow internet.
	at com.v2solutions.taf.common.pages.CommonPage.logAndCreateADefect(CommonPage.java:363)
	... 25 more
Caused by: com.v2solutions.taf.exception.PageException: failed to find page object by xpath , message : org.openqa.selenium.NoSuchElementException: no such element: Unable to locate element: {&quot;method&quot;:&quot;xpath&quot;,&quot;selector&quot;:&quot;//*[@id=&apos;userInput&apos;]&quot;}
  (Session info: chrome=56.0.2924.87)
  (Driver info: chromedriver=2.24.417431 (9aea000394714d2fbb20850021f6204f2256b9cf),platform=Windows NT 6.1.7601 SP1 x86_64) (WARNING: The server did not provide any stacktrace information)
Command duration or timeout: 26 milliseconds
For documentation on this error, please visit: http://seleniumhq.org/exceptions/no_such_element.html
Build info: version: &apos;2.53.1&apos;, revision: &apos;a36b8b1cd5757287168e54b817830adce9b0158d&apos;, time: &apos;2016-06-30 19:26:09&apos;
System info: host: &apos;V2MUMPC0455&apos;, ip: &apos;192.168.15.38&apos;, os.name: &apos;Windows 7&apos;, os.arch: &apos;amd64&apos;, os.version: &apos;6.1&apos;, java.version: &apos;1.8.0_31&apos;
Driver info: org.openqa.selenium.chrome.ChromeDriver
Capabilities [{applicationCacheEnabled=false, rotatable=false, mobileEmulationEnabled=false, networkConnectionEnabled=false, chrome={chromedriverVersion=2.24.417431 (9aea000394714d2fbb20850021f6204f2256b9cf), userDataDir=C:\Users\KHILES~1.FEG\AppData\Local\Temp\scoped_dir5980_19116}, takesHeapSnapshot=true, pageLoadStrategy=normal, databaseEnabled=false, handlesAlerts=true, hasTouchScreen=false, version=56.0.2924.87, platform=XP, browserConnectionEnabled=false, nativeEvents=true, acceptSslCerts=true, locationContextEnabled=true, webStorageEnabled=true, browserName=chrome, takesScreenshot=true, javascriptEnabled=true, cssSelectorsEnabled=true}]
Session ID: 7d3b9cd93a670df10209315ffaa8c402
*** Element info: {Using=xpath, value=//*[@id=&apos;userInput&apos;]}
	at com.v2solutions.taf.core.WebPage.findPageObjectByXPath(WebPage.java:286)
	at com.v2solutions.cisco.CISCO_TC.inMobileViewVerifyUserCannotLoginWithInvalidCredentials(CISCO_TC.java:459)
	at test.v2solutions.cisco.TestCISCO_TC.inMobileViewVerifyUserCannotLoginWithInvalidCredentials(TestCISCO_TC.java:383)
	... 24 more
</pre></div></td>
<td>0</td>
<td>test.v2solutions.cisco.TestCISCO_TC@363ee3a2</td></tr>
<tr>
<td title='test.v2solutions.cisco.TestCISCO_TC.inTabletViewVerifySearchFieldDefaultText()'><b>inTabletViewVerifySearchFieldDefaultText</b><br>Test class: test.v2solutions.cisco.TestCISCO_TC ()<br>Test method: In Tablet view - Verify Search field default text<br>Parameters: //*[@id='fw-searchbutton'], //*[@id='search-phrase'], Search items</td>
<td><div><pre>java.lang.AssertionError:  Locator of &apos;Search icon with xpath ://*[@id=&apos;fw-searchbutton&apos;], search input field xpath :&apos; is &apos;//*[@id=&apos;search-phrase&apos;]&apos; Error-In Desktop view - Verify Search field default text failed. expected [Search items] but found [Search]
	at com.v2solutions.taf.common.pages.CommonPage.logAndCreateADefect(CommonPage.java:369)
	at test.v2solutions.cisco.TestCISCO_TC.inTabletViewVerifySearchFieldDefaultText(TestCISCO_TC.java:280)
Caused by: com.v2solutions.taf.common.logs.AnalizerException:  Locator of &apos;Search icon with xpath ://*[@id=&apos;fw-searchbutton&apos;], search input field xpath :&apos; is &apos;//*[@id=&apos;search-phrase&apos;]&apos; Error-In Desktop view - Verify Search field default text failed. expected [Search items] but found [Search]
	at com.v2solutions.taf.common.pages.CommonPage.logAndCreateADefect(CommonPage.java:363)
	... 25 more
Caused by: java.lang.AssertionError: In Desktop view - Verify Search field default text failed. expected [Search items] but found [Search]
	at test.v2solutions.cisco.TestCISCO_TC.inTabletViewVerifySearchFieldDefaultText(TestCISCO_TC.java:276)
	... 24 more
... Removed 30 stack frames</pre></div><a href='#' onClick='toggleBox("stack-trace79161706", this, "Click to show all stack frames", "Click to hide stack frames")'>Click to show all stack frames</a>
<div class='stack-trace' id='stack-trace79161706'><pre>java.lang.AssertionError:  Locator of &apos;Search icon with xpath ://*[@id=&apos;fw-searchbutton&apos;], search input field xpath :&apos; is &apos;//*[@id=&apos;search-phrase&apos;]&apos; Error-In Desktop view - Verify Search field default text failed. expected [Search items] but found [Search]
	at org.testng.Assert.fail(Assert.java:83)
	at com.v2solutions.taf.common.pages.CommonPage.logAndCreateADefect(CommonPage.java:369)
	at test.v2solutions.cisco.TestCISCO_TC.inTabletViewVerifySearchFieldDefaultText(TestCISCO_TC.java:280)
	at sun.reflect.NativeMethodAccessorImpl.invoke0(Native Method)
	at sun.reflect.NativeMethodAccessorImpl.invoke(NativeMethodAccessorImpl.java:62)
	at sun.reflect.DelegatingMethodAccessorImpl.invoke(DelegatingMethodAccessorImpl.java:43)
	at java.lang.reflect.Method.invoke(Method.java:483)
	at org.testng.internal.MethodInvocationHelper.invokeMethod(MethodInvocationHelper.java:86)
	at org.testng.internal.Invoker.invokeMethod(Invoker.java:643)
	at org.testng.internal.Invoker.invokeTestMethod(Invoker.java:820)
	at org.testng.internal.Invoker.invokeTestMethods(Invoker.java:1128)
	at org.testng.internal.TestMethodWorker.invokeTestMethods(TestMethodWorker.java:129)
	at org.testng.internal.TestMethodWorker.run(TestMethodWorker.java:112)
	at org.testng.TestRunner.privateRun(TestRunner.java:782)
	at org.testng.TestRunner.run(TestRunner.java:632)
	at org.testng.SuiteRunner.runTest(SuiteRunner.java:366)
	at org.testng.SuiteRunner.runSequentially(SuiteRunner.java:361)
	at org.testng.SuiteRunner.privateRun(SuiteRunner.java:319)
	at org.testng.SuiteRunner.run(SuiteRunner.java:268)
	at org.testng.SuiteRunnerWorker.runSuite(SuiteRunnerWorker.java:52)
	at org.testng.SuiteRunnerWorker.run(SuiteRunnerWorker.java:86)
	at org.testng.TestNG.runSuitesSequentially(TestNG.java:1244)
	at org.testng.TestNG.runSuitesLocally(TestNG.java:1169)
	at org.testng.TestNG.run(TestNG.java:1064)
	at org.testng.remote.AbstractRemoteTestNG.run(AbstractRemoteTestNG.java:132)
	at org.testng.remote.RemoteTestNG.initAndRun(RemoteTestNG.java:236)
	at org.testng.remote.RemoteTestNG.main(RemoteTestNG.java:81)
Caused by: com.v2solutions.taf.common.logs.AnalizerException:  Locator of &apos;Search icon with xpath ://*[@id=&apos;fw-searchbutton&apos;], search input field xpath :&apos; is &apos;//*[@id=&apos;search-phrase&apos;]&apos; Error-In Desktop view - Verify Search field default text failed. expected [Search items] but found [Search]
	at com.v2solutions.taf.common.pages.CommonPage.logAndCreateADefect(CommonPage.java:363)
	... 25 more
Caused by: java.lang.AssertionError: In Desktop view - Verify Search field default text failed. expected [Search items] but found [Search]
	at org.testng.Assert.fail(Assert.java:94)
	at org.testng.Assert.failNotEquals(Assert.java:513)
	at org.testng.Assert.assertEqualsImpl(Assert.java:135)
	at org.testng.Assert.assertEquals(Assert.java:116)
	at org.testng.Assert.assertEquals(Assert.java:190)
	at test.v2solutions.cisco.TestCISCO_TC.inTabletViewVerifySearchFieldDefaultText(TestCISCO_TC.java:276)
	... 24 more
</pre></div></td>
<td>12</td>
<td>test.v2solutions.cisco.TestCISCO_TC@363ee3a2</td></tr>
<tr>
<td title='test.v2solutions.cisco.TestCISCO_TC.inTabletViewVerifyUserCanLoginWithValidCredentials()'><b>inTabletViewVerifyUserCanLoginWithValidCredentials</b><br>Test class: test.v2solutions.cisco.TestCISCO_TC ()<br>Test method: In Tablet view - Verify user can login with valid credentials<br>Parameters: //*[@id='fw-treenavbutton'], (//*[@class='fw-login-util']/a)[2], //*[@id='userInput'], khileshfegade@v2solutions.com, //*[@id='passwordInput'], test123, //*[@id='login-button'], //*[@class='username']</td>
<td><div><pre>java.lang.AssertionError: failed to find page object by xpath , message : org.openqa.selenium.NoSuchElementException: no such element: Unable to locate element: {&quot;method&quot;:&quot;xpath&quot;,&quot;selector&quot;:&quot;//*[@class=&apos;username&apos;]&quot;}
  (Session info: chrome=56.0.2924.87)
  (Driver info: chromedriver=2.24.417431 (9aea000394714d2fbb20850021f6204f2256b9cf),platform=Windows NT 6.1.7601 SP1 x86_64) (WARNING: The server did not provide any stacktrace information)
Command duration or timeout: 21 milliseconds
For documentation on this error, please visit: http://seleniumhq.org/exceptions/no_such_element.html
B Reasons-Wrong Locator. Or element may not yet be on the screen at the time of the find operation, due to slow internet.
	at com.v2solutions.taf.common.pages.CommonPage.logAndCreateADefect(CommonPage.java:369)
	at test.v2solutions.cisco.TestCISCO_TC.inTabletViewVerifyUserCanLoginWithValidCredentials(TestCISCO_TC.java:231)
Caused by: com.v2solutions.taf.common.logs.AnalizerException: failed to find page object by xpath , message : org.openqa.selenium.NoSuchElementException: no such element: Unable to locate element: {&quot;method&quot;:&quot;xpath&quot;,&quot;selector&quot;:&quot;//*[@class=&apos;username&apos;]&quot;}
  (Session info: chrome=56.0.2924.87)
  (Driver info: chromedriver=2.24.417431 (9aea000394714d2fbb20850021f6204f2256b9cf),platform=Windows NT 6.1.7601 SP1 x86_64) (WARNING: The server did not provide any stacktrace information)
Command duration or timeout: 21 milliseconds
For documentation on this error, please visit: http://seleniumhq.org/exceptions/no_such_element.html
B Reasons-Wrong Locator. Or element may not yet be on the screen at the time of the find operation, due to slow internet.
	at com.v2solutions.taf.common.pages.CommonPage.logAndCreateADefect(CommonPage.java:363)
	... 25 more
Caused by: com.v2solutions.taf.exception.PageException: failed to find page object by xpath , message : org.openqa.selenium.NoSuchElementException: no such element: Unable to locate element: {&quot;method&quot;:&quot;xpath&quot;,&quot;selector&quot;:&quot;//*[@class=&apos;username&apos;]&quot;}
  (Session info: chrome=56.0.2924.87)
  (Driver info: chromedriver=2.24.417431 (9aea000394714d2fbb20850021f6204f2256b9cf),platform=Windows NT 6.1.7601 SP1 x86_64) (WARNING: The server did not provide any stacktrace information)
Command duration or timeout: 21 milliseconds
For documentation on this error, please visit: http://seleniumhq.org/exceptions/no_such_element.html
Build info: version: &apos;2.53.1&apos;, revision: &apos;a36b8b1cd5757287168e54b817830adce9b0158d&apos;, time: &apos;2016-06-30 19:26:09&apos;
System info: host: &apos;V2MUMPC0455&apos;, ip: &apos;192.168.15.38&apos;, os.name: &apos;Windows 7&apos;, os.arch: &apos;amd64&apos;, os.version: &apos;6.1&apos;, java.version: &apos;1.8.0_31&apos;
Driver info: org.openqa.selenium.chrome.ChromeDriver
Capabilities [{applicationCacheEnabled=false, rotatable=false, mobileEmulationEnabled=false, networkConnectionEnabled=false, chrome={chromedriverVersion=2.24.417431 (9aea000394714d2fbb20850021f6204f2256b9cf), userDataDir=C:\Users\KHILES~1.FEG\AppData\Local\Temp\scoped_dir5980_19116}, takesHeapSnapshot=true, pageLoadStrategy=normal, databaseEnabled=false, handlesAlerts=true, hasTouchScreen=false, version=56.0.2924.87, platform=XP, browserConnectionEnabled=false, nativeEvents=true, acceptSslCerts=true, locationContextEnabled=true, webStorageEnabled=true, browserName=chrome, takesScreenshot=true, javascriptEnabled=true, cssSelectorsEnabled=true}]
Session ID: 7d3b9cd93a670df10209315ffaa8c402
*** Element info: {Using=xpath, value=//*[@class=&apos;username&apos;]}
	at com.v2solutions.taf.core.WebPage.findPageObjectByXPath(WebPage.java:286)
	at com.v2solutions.cisco.CISCO_TC.inTabletViewVerifyUserCanLoginWithValidCredentials(CISCO_TC.java:288)
	at test.v2solutions.cisco.TestCISCO_TC.inTabletViewVerifyUserCanLoginWithValidCredentials(TestCISCO_TC.java:226)
	... 24 more
... Removed 25 stack frames</pre></div><a href='#' onClick='toggleBox("stack-trace1852661033", this, "Click to show all stack frames", "Click to hide stack frames")'>Click to show all stack frames</a>
<div class='stack-trace' id='stack-trace1852661033'><pre>java.lang.AssertionError: failed to find page object by xpath , message : org.openqa.selenium.NoSuchElementException: no such element: Unable to locate element: {&quot;method&quot;:&quot;xpath&quot;,&quot;selector&quot;:&quot;//*[@class=&apos;username&apos;]&quot;}
  (Session info: chrome=56.0.2924.87)
  (Driver info: chromedriver=2.24.417431 (9aea000394714d2fbb20850021f6204f2256b9cf),platform=Windows NT 6.1.7601 SP1 x86_64) (WARNING: The server did not provide any stacktrace information)
Command duration or timeout: 21 milliseconds
For documentation on this error, please visit: http://seleniumhq.org/exceptions/no_such_element.html
B Reasons-Wrong Locator. Or element may not yet be on the screen at the time of the find operation, due to slow internet.
	at org.testng.Assert.fail(Assert.java:83)
	at com.v2solutions.taf.common.pages.CommonPage.logAndCreateADefect(CommonPage.java:369)
	at test.v2solutions.cisco.TestCISCO_TC.inTabletViewVerifyUserCanLoginWithValidCredentials(TestCISCO_TC.java:231)
	at sun.reflect.NativeMethodAccessorImpl.invoke0(Native Method)
	at sun.reflect.NativeMethodAccessorImpl.invoke(NativeMethodAccessorImpl.java:62)
	at sun.reflect.DelegatingMethodAccessorImpl.invoke(DelegatingMethodAccessorImpl.java:43)
	at java.lang.reflect.Method.invoke(Method.java:483)
	at org.testng.internal.MethodInvocationHelper.invokeMethod(MethodInvocationHelper.java:86)
	at org.testng.internal.Invoker.invokeMethod(Invoker.java:643)
	at org.testng.internal.Invoker.invokeTestMethod(Invoker.java:820)
	at org.testng.internal.Invoker.invokeTestMethods(Invoker.java:1128)
	at org.testng.internal.TestMethodWorker.invokeTestMethods(TestMethodWorker.java:129)
	at org.testng.internal.TestMethodWorker.run(TestMethodWorker.java:112)
	at org.testng.TestRunner.privateRun(TestRunner.java:782)
	at org.testng.TestRunner.run(TestRunner.java:632)
	at org.testng.SuiteRunner.runTest(SuiteRunner.java:366)
	at org.testng.SuiteRunner.runSequentially(SuiteRunner.java:361)
	at org.testng.SuiteRunner.privateRun(SuiteRunner.java:319)
	at org.testng.SuiteRunner.run(SuiteRunner.java:268)
	at org.testng.SuiteRunnerWorker.runSuite(SuiteRunnerWorker.java:52)
	at org.testng.SuiteRunnerWorker.run(SuiteRunnerWorker.java:86)
	at org.testng.TestNG.runSuitesSequentially(TestNG.java:1244)
	at org.testng.TestNG.runSuitesLocally(TestNG.java:1169)
	at org.testng.TestNG.run(TestNG.java:1064)
	at org.testng.remote.AbstractRemoteTestNG.run(AbstractRemoteTestNG.java:132)
	at org.testng.remote.RemoteTestNG.initAndRun(RemoteTestNG.java:236)
	at org.testng.remote.RemoteTestNG.main(RemoteTestNG.java:81)
Caused by: com.v2solutions.taf.common.logs.AnalizerException: failed to find page object by xpath , message : org.openqa.selenium.NoSuchElementException: no such element: Unable to locate element: {&quot;method&quot;:&quot;xpath&quot;,&quot;selector&quot;:&quot;//*[@class=&apos;username&apos;]&quot;}
  (Session info: chrome=56.0.2924.87)
  (Driver info: chromedriver=2.24.417431 (9aea000394714d2fbb20850021f6204f2256b9cf),platform=Windows NT 6.1.7601 SP1 x86_64) (WARNING: The server did not provide any stacktrace information)
Command duration or timeout: 21 milliseconds
For documentation on this error, please visit: http://seleniumhq.org/exceptions/no_such_element.html
B Reasons-Wrong Locator. Or element may not yet be on the screen at the time of the find operation, due to slow internet.
	at com.v2solutions.taf.common.pages.CommonPage.logAndCreateADefect(CommonPage.java:363)
	... 25 more
Caused by: com.v2solutions.taf.exception.PageException: failed to find page object by xpath , message : org.openqa.selenium.NoSuchElementException: no such element: Unable to locate element: {&quot;method&quot;:&quot;xpath&quot;,&quot;selector&quot;:&quot;//*[@class=&apos;username&apos;]&quot;}
  (Session info: chrome=56.0.2924.87)
  (Driver info: chromedriver=2.24.417431 (9aea000394714d2fbb20850021f6204f2256b9cf),platform=Windows NT 6.1.7601 SP1 x86_64) (WARNING: The server did not provide any stacktrace information)
Command duration or timeout: 21 milliseconds
For documentation on this error, please visit: http://seleniumhq.org/exceptions/no_such_element.html
Build info: version: &apos;2.53.1&apos;, revision: &apos;a36b8b1cd5757287168e54b817830adce9b0158d&apos;, time: &apos;2016-06-30 19:26:09&apos;
System info: host: &apos;V2MUMPC0455&apos;, ip: &apos;192.168.15.38&apos;, os.name: &apos;Windows 7&apos;, os.arch: &apos;amd64&apos;, os.version: &apos;6.1&apos;, java.version: &apos;1.8.0_31&apos;
Driver info: org.openqa.selenium.chrome.ChromeDriver
Capabilities [{applicationCacheEnabled=false, rotatable=false, mobileEmulationEnabled=false, networkConnectionEnabled=false, chrome={chromedriverVersion=2.24.417431 (9aea000394714d2fbb20850021f6204f2256b9cf), userDataDir=C:\Users\KHILES~1.FEG\AppData\Local\Temp\scoped_dir5980_19116}, takesHeapSnapshot=true, pageLoadStrategy=normal, databaseEnabled=false, handlesAlerts=true, hasTouchScreen=false, version=56.0.2924.87, platform=XP, browserConnectionEnabled=false, nativeEvents=true, acceptSslCerts=true, locationContextEnabled=true, webStorageEnabled=true, browserName=chrome, takesScreenshot=true, javascriptEnabled=true, cssSelectorsEnabled=true}]
Session ID: 7d3b9cd93a670df10209315ffaa8c402
*** Element info: {Using=xpath, value=//*[@class=&apos;username&apos;]}
	at com.v2solutions.taf.core.WebPage.findPageObjectByXPath(WebPage.java:286)
	at com.v2solutions.cisco.CISCO_TC.inTabletViewVerifyUserCanLoginWithValidCredentials(CISCO_TC.java:288)
	at test.v2solutions.cisco.TestCISCO_TC.inTabletViewVerifyUserCanLoginWithValidCredentials(TestCISCO_TC.java:226)
	... 24 more
</pre></div></td>
<td>49</td>
<td>test.v2solutions.cisco.TestCISCO_TC@363ee3a2</td></tr>
</table><p>
<table width='100%' border='1' class='invocation-passed'>
<tr><td colspan='4' align='center'><b>PASSED TESTS</b></td></tr>
<tr><td><b>Test method</b></td>
<td width="30%"><b>Exception</b></td>
<td width="10%"><b>Time (seconds)</b></td>
<td><b>Instance</b></td>
</tr>
<tr>
<td title='test.v2solutions.cisco.TestCISCO_TC.close()'><b>close</b><br>Test class: test.v2solutions.cisco.TestCISCO_TC ()<br>Test method: Closes the browser instance</td>
<td></td>
<td>0</td>
<td>test.v2solutions.cisco.TestCISCO_TC@363ee3a2</td></tr>
<tr>
<td title='test.v2solutions.cisco.TestCISCO_TC.inDesktopViewVerifySearchFieldDefaultText()'><b>inDesktopViewVerifySearchFieldDefaultText</b><br>Test class: test.v2solutions.cisco.TestCISCO_TC ()<br>Test method: In Desktop view - Verify Search field default text<br>Parameters: //*[@id='fw-search-button'], //*[@id='search-phrase'], Search</td>
<td></td>
<td>11</td>
<td>test.v2solutions.cisco.TestCISCO_TC@363ee3a2</td></tr>
<tr>
<td title='test.v2solutions.cisco.TestCISCO_TC.inDesktopViewVerifyUserCanPerformSearch()'><b>inDesktopViewVerifyUserCanPerformSearch</b><br>Test class: test.v2solutions.cisco.TestCISCO_TC ()<br>Test method: In Desktop view - Verify user can perform search<br>Parameters: //*[@id='search-phrase'], routers, //*[@id='fw-search-button'], //*[@class='resultsNumber ng-scope ng-binding blueBand'], results</td>
<td></td>
<td>21</td>
<td>test.v2solutions.cisco.TestCISCO_TC@363ee3a2</td></tr>
<tr>
<td title='test.v2solutions.cisco.TestCISCO_TC.inDesktopViewVerifyUserCannotLoginWithInvalidCredentials()'><b>inDesktopViewVerifyUserCannotLoginWithInvalidCredentials</b><br>Test class: test.v2solutions.cisco.TestCISCO_TC ()<br>Test method: In Desktop view - Verify user cannot login with invalid credentials<br>Parameters: //*[@class='fw-login-util']/a, //*[@id='userInput'], khileshfegade@v2solutions.com, //*[@id='passwordInput'], test123, //*[@id='login-button'], //*[@id='warning-msg']/h3, Your login was unsuccessful for one of the following reasons:</td>
<td></td>
<td>14</td>
<td>test.v2solutions.cisco.TestCISCO_TC@363ee3a2</td></tr>
<tr>
<td title='test.v2solutions.cisco.TestCISCO_TC.inMobileViewVerifyUserCanPerformSearch()'><b>inMobileViewVerifyUserCanPerformSearch</b><br>Test class: test.v2solutions.cisco.TestCISCO_TC ()<br>Test method: In Mobile view - Verify user can perform search<br>Parameters: //*[@id='search-phrase'], routers, //*[@id='fw-searchbutton'], //*[@id='results'], results</td>
<td></td>
<td>12</td>
<td>test.v2solutions.cisco.TestCISCO_TC@363ee3a2</td></tr>
<tr>
<td title='test.v2solutions.cisco.TestCISCO_TC.inTabletViewVerifyUserCanPerformSearch()'><b>inTabletViewVerifyUserCanPerformSearch</b><br>Test class: test.v2solutions.cisco.TestCISCO_TC ()<br>Test method: In Tablet view - Verify user can perform search<br>Parameters: //*[@id='search-phrase'], routers, //*[@id='fw-searchbutton'], //*[@id='results'], results</td>
<td></td>
<td>15</td>
<td>test.v2solutions.cisco.TestCISCO_TC@363ee3a2</td></tr>
<tr>
<td title='test.v2solutions.cisco.TestCISCO_TC.inTabletViewVerifyUserCannotLoginWithInvalidCredentials()'><b>inTabletViewVerifyUserCannotLoginWithInvalidCredentials</b><br>Test class: test.v2solutions.cisco.TestCISCO_TC ()<br>Test method: In Tablet view - Verify user cannot login with invalid credentials<br>Parameters: //*[@class='fw-login-util']/a, //*[@id='userInput'], khileshfegade@v2solutions.com, //*[@id='passwordInput'], test123, //*[@id='login-button'], //*[@id='warning-msg']/h3, Your login was unsuccessful for one of the following reasons:</td>
<td></td>
<td>14</td>
<td>test.v2solutions.cisco.TestCISCO_TC@363ee3a2</td></tr>
<tr>
<td title='test.v2solutions.cisco.TestCISCO_TC.verifyPageIsResizedAccordingToDesktopView()'><b>verifyPageIsResizedAccordingToDesktopView</b><br>Test class: test.v2solutions.cisco.TestCISCO_TC ()<br>Test method: Verify page is resized according to Desktop view<br>Parameters: 1920, 1080, 3</td>
<td></td>
<td>4</td>
<td>test.v2solutions.cisco.TestCISCO_TC@363ee3a2</td></tr>
<tr>
<td title='test.v2solutions.cisco.TestCISCO_TC.verifyPageIsResizedAccordingToMobileView()'><b>verifyPageIsResizedAccordingToMobileView</b><br>Test class: test.v2solutions.cisco.TestCISCO_TC ()<br>Test method: Verify page is resized according to Mobile view<br>Parameters: 685, 800, 1</td>
<td></td>
<td>3</td>
<td>test.v2solutions.cisco.TestCISCO_TC@363ee3a2</td></tr>
<tr>
<td title='test.v2solutions.cisco.TestCISCO_TC.verifyPageIsResizedAccordingToTabletView()'><b>verifyPageIsResizedAccordingToTabletView</b><br>Test class: test.v2solutions.cisco.TestCISCO_TC ()<br>Test method: Verify page is resized according to Tablet view<br>Parameters: 850, 850, 2</td>
<td></td>
<td>3</td>
<td>test.v2solutions.cisco.TestCISCO_TC@363ee3a2</td></tr>
</table><p>
</body>
</html>