<?xml version="1.0" encoding="UTF-8"?>
<!-- Generated by org.testng.reporters.JUnitXMLReporter -->
<testsuite hostname="V2MUMPC0455" name="V2SolutionsMainPage" tests="9" failures="2" timestamp="25 Jan 2017 11:03:27 GMT" time="121.96" errors="0">
  <testcase name="verifyPageIsResizedToTabletViewLayout" time="3.898" classname="test.v2solutions.pages.TestV2SolutionsHomePage"/>
  <testcase name="validatePaginationInTabletView" time="1.301" classname="test.v2solutions.pages.TestV2SolutionsHomePage">
    <failure type="java.lang.AssertionError" message=" Locator of &amp;apos;GLobal Header section with xpath&amp;apos; is &amp;apos;&amp;apos; Error-Pagination not working properly in Tablet view expected [true] but found [false]">
      <![CDATA[java.lang.AssertionError:  Locator of 'GLobal Header section with xpath' is '' Error-Pagination not working properly in Tablet view expected [true] but found [false]
	at com.v2solutions.taf.common.pages.CommonPage.logAndCreateADefect(CommonPage.java:369)
	at test.v2solutions.pages.TestV2SolutionsHomePage.validatePaginationInTabletView(TestV2SolutionsHomePage.java:218)
Caused by: com.v2solutions.taf.common.logs.AnalizerException:  Locator of 'GLobal Header section with xpath' is '' Error-Pagination not working properly in Tablet view expected [true] but found [false]
	at com.v2solutions.taf.common.pages.CommonPage.logAndCreateADefect(CommonPage.java:363)
	... 25 more
Caused by: java.lang.AssertionError: Pagination not working properly in Tablet view expected [true] but found [false]
	at test.v2solutions.pages.TestV2SolutionsHomePage.validatePaginationInTabletView(TestV2SolutionsHomePage.java:216)
	... 24 more
... Removed 28 stack frames]]>
    </failure>
  </testcase> <!-- validatePaginationInTabletView -->
  <testcase name="validate_Button_Links_In_Innovation_That_Matters_Are_Highlighted_On_MouseHover_In_Tablet_View" time="8.229" classname="test.v2solutions.pages.TestV2SolutionsHomePage"/>
  <testcase name="validate_Button_Links_In_Innovation_That_Matters_Are_ClickableIn_Tablet_View" time="9.407" classname="test.v2solutions.pages.TestV2SolutionsHomePage"/>
  <testcase name="validateInOurSolutionSectionTabToggleFunctionalityArrangedInHorizontallyInTabletView" time="4.052" classname="test.v2solutions.pages.TestV2SolutionsHomePage"/>
  <testcase name="validateTabToggleFuctionalityInTabletView" time="26.048" classname="test.v2solutions.pages.TestV2SolutionsHomePage">
    <failure type="java.lang.AssertionError" message=" Locator of &amp;apos;Menu link with xpath&amp;apos; is &amp;apos;(//*[@data-toggle=&amp;apos;tab&amp;apos;])&amp;apos; Error-Menu links not expanded on mouse hover expected [true] but found [false]">
      <![CDATA[java.lang.AssertionError:  Locator of 'Menu link with xpath' is '(//*[@data-toggle='tab'])' Error-Menu links not expanded on mouse hover expected [true] but found [false]
	at com.v2solutions.taf.common.pages.CommonPage.logAndCreateADefect(CommonPage.java:369)
	at test.v2solutions.pages.TestV2SolutionsHomePage.validateTabToggleFuctionalityInTabletView(TestV2SolutionsHomePage.java:280)
Caused by: com.v2solutions.taf.common.logs.AnalizerException:  Locator of 'Menu link with xpath' is '(//*[@data-toggle='tab'])' Error-Menu links not expanded on mouse hover expected [true] but found [false]
	at com.v2solutions.taf.common.pages.CommonPage.logAndCreateADefect(CommonPage.java:363)
	... 25 more
Caused by: java.lang.AssertionError: Menu links not expanded on mouse hover expected [true] but found [false]
	at test.v2solutions.pages.TestV2SolutionsHomePage.validateTabToggleFuctionalityInTabletView(TestV2SolutionsHomePage.java:278)
	... 24 more
... Removed 28 stack frames]]>
    </failure>
  </testcase> <!-- validateTabToggleFuctionalityInTabletView -->
  <testcase name="validateThumbnailIconPositionInOurIndustryFocusSectionInTabletView" time="9.109" classname="test.v2solutions.pages.TestV2SolutionsHomePage"/>
  <testcase name="validatePaginationForCompaniesWorkedWithSectionInTabletView" time="32.458" classname="test.v2solutions.pages.TestV2SolutionsHomePage"/>
  <testcase name="close" time="1.765" classname="test.v2solutions.pages.TestV2SolutionsHomePage"/>
</testsuite> <!-- V2SolutionsMainPage -->
