<?xml version="1.0" encoding="UTF-8"?>
<!-- Generated by org.testng.reporters.JUnitXMLReporter -->
<testsuite hostname="V2MUMPC0014" name="V2SolutionsHomePage" tests="6" failures="2" timestamp="8 Feb 2017 05:43:53 GMT" time="85.976" errors="0">
  <testcase name="" time="4.399" classname="test.v2solutions.cisco.TestCISCO_TC"/>
  <testcase name="" time="18.99" classname="test.v2solutions.cisco.TestCISCO_TC">
    <failure type="java.lang.AssertionError" message="failed to find page object by xpath , message : org.openqa.selenium.NoSuchElementException: no such element: Unable to locate element: {&amp;quot;method&amp;quot;:&amp;quot;xpath&amp;quot;,&amp;quot;selector&amp;quot;:&amp;quot;//*[@class=&amp;apos;username&amp;apos;]&amp;quot;}
  (Session info: chrome=56.0.2924.87)
  (Driver info: chromedriver=2.24.417431 (9aea000394714d2fbb20850021f6204f2256b9cf),platform=Windows NT 6.1.7601 SP1 x86_64) (WARNING: The server did not provide any stacktrace information)
Command duration or timeout: 26 milliseconds
For documentation on this error, please visit: http://seleniumhq.org/exceptions/no_such_element.html
B Reasons-Wrong Locator. Or element may not yet be on the screen at the time of the find operation, due to slow internet.">
      <![CDATA[java.lang.AssertionError: failed to find page object by xpath , message : org.openqa.selenium.NoSuchElementException: no such element: Unable to locate element: {"method":"xpath","selector":"//*[@class='username']"}
  (Session info: chrome=56.0.2924.87)
  (Driver info: chromedriver=2.24.417431 (9aea000394714d2fbb20850021f6204f2256b9cf),platform=Windows NT 6.1.7601 SP1 x86_64) (WARNING: The server did not provide any stacktrace information)
Command duration or timeout: 26 milliseconds
For documentation on this error, please visit: http://seleniumhq.org/exceptions/no_such_element.html
B Reasons-Wrong Locator. Or element may not yet be on the screen at the time of the find operation, due to slow internet.
	at com.v2solutions.taf.common.pages.CommonPage.logAndCreateADefect(CommonPage.java:369)
	at test.v2solutions.cisco.TestCISCO_TC.inMobileViewVerifyUserCanLoginWithValidCredentials(TestCISCO_TC.java:303)
Caused by: com.v2solutions.taf.common.logs.AnalizerException: failed to find page object by xpath , message : org.openqa.selenium.NoSuchElementException: no such element: Unable to locate element: {"method":"xpath","selector":"//*[@class='username']"}
  (Session info: chrome=56.0.2924.87)
  (Driver info: chromedriver=2.24.417431 (9aea000394714d2fbb20850021f6204f2256b9cf),platform=Windows NT 6.1.7601 SP1 x86_64) (WARNING: The server did not provide any stacktrace information)
Command duration or timeout: 26 milliseconds
For documentation on this error, please visit: http://seleniumhq.org/exceptions/no_such_element.html
B Reasons-Wrong Locator. Or element may not yet be on the screen at the time of the find operation, due to slow internet.
	at com.v2solutions.taf.common.pages.CommonPage.logAndCreateADefect(CommonPage.java:363)
	... 25 more
Caused by: com.v2solutions.taf.exception.PageException: failed to find page object by xpath , message : org.openqa.selenium.NoSuchElementException: no such element: Unable to locate element: {"method":"xpath","selector":"//*[@class='username']"}
  (Session info: chrome=56.0.2924.87)
  (Driver info: chromedriver=2.24.417431 (9aea000394714d2fbb20850021f6204f2256b9cf),platform=Windows NT 6.1.7601 SP1 x86_64) (WARNING: The server did not provide any stacktrace information)
Command duration or timeout: 26 milliseconds
For documentation on this error, please visit: http://seleniumhq.org/exceptions/no_such_element.html
Build info: version: '2.53.1', revision: 'a36b8b1cd5757287168e54b817830adce9b0158d', time: '2016-06-30 19:26:09'
System info: host: 'V2MUMPC0014', ip: '192.168.15.171', os.name: 'Windows 7', os.arch: 'amd64', os.version: '6.1', java.version: '1.8.0_25'
Driver info: org.openqa.selenium.chrome.ChromeDriver
Capabilities [{applicationCacheEnabled=false, rotatable=false, mobileEmulationEnabled=false, networkConnectionEnabled=false, chrome={chromedriverVersion=2.24.417431 (9aea000394714d2fbb20850021f6204f2256b9cf), userDataDir=C:\Users\test\AppData\Local\Temp\scoped_dir7436_21}, takesHeapSnapshot=true, pageLoadStrategy=normal, databaseEnabled=false, handlesAlerts=true, hasTouchScreen=false, version=56.0.2924.87, platform=XP, browserConnectionEnabled=false, nativeEvents=true, acceptSslCerts=true, locationContextEnabled=true, webStorageEnabled=true, browserName=chrome, takesScreenshot=true, javascriptEnabled=true, cssSelectorsEnabled=true}]
Session ID: ca1259ebb0f98ccdf278eb6a3206e803
*** Element info: {Using=xpath, value=//*[@class='username']}
	at com.v2solutions.taf.core.WebPage.findPageObjectByXPath(WebPage.java:286)
	at com.v2solutions.cisco.CISCO_TC.inMobileViewVerifyUserCanLoginWithValidCredentials(CISCO_TC.java:442)
	at test.v2solutions.cisco.TestCISCO_TC.inMobileViewVerifyUserCanLoginWithValidCredentials(TestCISCO_TC.java:298)
	... 24 more
... Removed 25 stack frames]]>
    </failure>
  </testcase> <!--  -->
  <testcase name="" time="18.279" classname="test.v2solutions.cisco.TestCISCO_TC"/>
  <testcase name="" time="24.838" classname="test.v2solutions.cisco.TestCISCO_TC"/>
  <testcase name="" time="0.0" classname="test.v2solutions.cisco.TestCISCO_TC">
    <failure type="org.testng.TestNGException" message="
The data provider is trying to pass 5 parameters but the method test.v2solutions.cisco.TestCISCO_TC#inMobileViewVerifyUserCanPerformSearch takes 4">
      <![CDATA[org.testng.TestNGException: 
The data provider is trying to pass 5 parameters but the method test.v2solutions.cisco.TestCISCO_TC#inMobileViewVerifyUserCanPerformSearch takes 4
... Removed 18 stack frames]]>
    </failure>
  </testcase> <!--  -->
  <testcase name="" time="0.923" classname="test.v2solutions.cisco.TestCISCO_TC"/>
</testsuite> <!-- V2SolutionsHomePage -->
