<html>
<head>
<title>TestNG:  TabletRegression</title>
<link href="../testng.css" rel="stylesheet" type="text/css" />
<link href="../my-testng.css" rel="stylesheet" type="text/css" />

<style type="text/css">
.log { display: none;} 
.stack-trace { display: none;} 
</style>
<script type="text/javascript">
<!--
function flip(e) {
  current = e.style.display;
  if (current == 'block') {
    e.style.display = 'none';
    return 0;
  }
  else {
    e.style.display = 'block';
    return 1;
  }
}

function toggleBox(szDivId, elem, msg1, msg2)
{
  var res = -1;  if (document.getElementById) {
    res = flip(document.getElementById(szDivId));
  }
  else if (document.all) {
    // this is the way old msie versions work
    res = flip(document.all[szDivId]);
  }
  if(elem) {
    if(res == 0) elem.innerHTML = msg1; else elem.innerHTML = msg2;
  }

}

function toggleAllBoxes() {
  if (document.getElementsByTagName) {
    d = document.getElementsByTagName('div');
    for (i = 0; i < d.length; i++) {
      if (d[i].className == 'log') {
        flip(d[i]);
      }
    }
  }
}

// -->
</script>

</head>
<body>
<h2 align='center'>TabletRegression</h2><table border='1' align="center">
<tr>
<td>Tests passed/Failed/Skipped:</td><td>7/3/0</td>
</tr><tr>
<td>Started on:</td><td>Fri Feb 03 16:30:10 IST 2017</td>
</tr>
<tr><td>Total time:</td><td>60 seconds (60742 ms)</td>
</tr><tr>
<td>Included groups:</td><td>Desktop </td>
</tr><tr>
<td>Excluded groups:</td><td></td>
</tr>
</table><p/>
<small><i>(Hover the method name to see the test class name)</i></small><p/>
<table width='100%' border='1' class='invocation-failed'>
<tr><td colspan='4' align='center'><b>FAILED TESTS</b></td></tr>
<tr><td><b>Test method</b></td>
<td width="30%"><b>Exception</b></td>
<td width="10%"><b>Time (seconds)</b></td>
<td><b>Instance</b></td>
</tr>
<tr>
<td title='test.v2solutions.pages.TestV2SolutionsContactUsPage.validateEmailErrorMessageInEnquiryDetailsFormInDesktopView()'><b>validateEmailErrorMessageInEnquiryDetailsFormInDesktopView</b><br>Test class: test.v2solutions.pages.TestV2SolutionsContactUsPage<br>Test method: Verify default textbox value of 'First Name' in Desktop View<br>Parameters: //*[@id='contact_email'], //*[@class='errorMsg errorStyle'], test, Please enter valid email id</td>
<td><div><pre>java.lang.AssertionError:  Locator of &apos;Email Textbox in enquiry with xpath//*[@id=&apos;contact_email&apos;] and error mesage with xpath&apos; is &apos;//*[@class=&apos;errorMsg errorStyle&apos;]&apos; Error-Email error message mismatched in Desktop view expected [Please enter valid email id] but found [Please enter valid email address]
	at com.v2solutions.taf.common.pages.CommonPage.logAndCreateADefect(CommonPage.java:369)
	at test.v2solutions.pages.TestV2SolutionsContactUsPage.validateEmailErrorMessageInEnquiryDetailsFormInDesktopView(TestV2SolutionsContactUsPage.java:143)
Caused by: com.v2solutions.taf.common.logs.AnalizerException:  Locator of &apos;Email Textbox in enquiry with xpath//*[@id=&apos;contact_email&apos;] and error mesage with xpath&apos; is &apos;//*[@class=&apos;errorMsg errorStyle&apos;]&apos; Error-Email error message mismatched in Desktop view expected [Please enter valid email id] but found [Please enter valid email address]
	at com.v2solutions.taf.common.pages.CommonPage.logAndCreateADefect(CommonPage.java:363)
	... 28 more
Caused by: java.lang.AssertionError: Email error message mismatched in Desktop view expected [Please enter valid email id] but found [Please enter valid email address]
	at test.v2solutions.pages.TestV2SolutionsContactUsPage.validateEmailErrorMessageInEnquiryDetailsFormInDesktopView(TestV2SolutionsContactUsPage.java:141)
	... 27 more
... Removed 33 stack frames</pre></div><a href='#' onClick='toggleBox("stack-trace96039159", this, "Click to show all stack frames", "Click to hide stack frames")'>Click to show all stack frames</a>
<div class='stack-trace' id='stack-trace96039159'><pre>java.lang.AssertionError:  Locator of &apos;Email Textbox in enquiry with xpath//*[@id=&apos;contact_email&apos;] and error mesage with xpath&apos; is &apos;//*[@class=&apos;errorMsg errorStyle&apos;]&apos; Error-Email error message mismatched in Desktop view expected [Please enter valid email id] but found [Please enter valid email address]
	at org.testng.Assert.fail(Assert.java:83)
	at com.v2solutions.taf.common.pages.CommonPage.logAndCreateADefect(CommonPage.java:369)
	at test.v2solutions.pages.TestV2SolutionsContactUsPage.validateEmailErrorMessageInEnquiryDetailsFormInDesktopView(TestV2SolutionsContactUsPage.java:143)
	at sun.reflect.NativeMethodAccessorImpl.invoke0(Native Method)
	at sun.reflect.NativeMethodAccessorImpl.invoke(NativeMethodAccessorImpl.java:62)
	at sun.reflect.DelegatingMethodAccessorImpl.invoke(DelegatingMethodAccessorImpl.java:43)
	at java.lang.reflect.Method.invoke(Method.java:483)
	at org.testng.internal.MethodInvocationHelper.invokeMethod(MethodInvocationHelper.java:86)
	at org.testng.internal.Invoker.invokeMethod(Invoker.java:643)
	at org.testng.internal.Invoker.invokeTestMethod(Invoker.java:820)
	at org.testng.internal.Invoker.invokeTestMethods(Invoker.java:1128)
	at org.testng.internal.TestMethodWorker.invokeTestMethods(TestMethodWorker.java:129)
	at org.testng.internal.TestMethodWorker.run(TestMethodWorker.java:112)
	at org.testng.TestRunner.privateRun(TestRunner.java:782)
	at org.testng.TestRunner.run(TestRunner.java:632)
	at org.testng.SuiteRunner.runTest(SuiteRunner.java:366)
	at org.testng.SuiteRunner.runSequentially(SuiteRunner.java:361)
	at org.testng.SuiteRunner.privateRun(SuiteRunner.java:319)
	at org.testng.SuiteRunner.run(SuiteRunner.java:268)
	at org.testng.SuiteRunnerWorker.runSuite(SuiteRunnerWorker.java:52)
	at org.testng.SuiteRunnerWorker.run(SuiteRunnerWorker.java:86)
	at org.testng.TestNG.runSuitesSequentially(TestNG.java:1244)
	at org.testng.TestNG.runSuitesLocally(TestNG.java:1169)
	at org.testng.TestNG.run(TestNG.java:1064)
	at org.apache.maven.surefire.testng.TestNGExecutor.run(TestNGExecutor.java:217)
	at org.apache.maven.surefire.testng.TestNGXmlTestSuite.execute(TestNGXmlTestSuite.java:84)
	at org.apache.maven.surefire.testng.TestNGProvider.invoke(TestNGProvider.java:92)
	at org.apache.maven.surefire.booter.ForkedBooter.invokeProviderInSameClassLoader(ForkedBooter.java:200)
	at org.apache.maven.surefire.booter.ForkedBooter.runSuitesInProcess(ForkedBooter.java:153)
	at org.apache.maven.surefire.booter.ForkedBooter.main(ForkedBooter.java:103)
Caused by: com.v2solutions.taf.common.logs.AnalizerException:  Locator of &apos;Email Textbox in enquiry with xpath//*[@id=&apos;contact_email&apos;] and error mesage with xpath&apos; is &apos;//*[@class=&apos;errorMsg errorStyle&apos;]&apos; Error-Email error message mismatched in Desktop view expected [Please enter valid email id] but found [Please enter valid email address]
	at com.v2solutions.taf.common.pages.CommonPage.logAndCreateADefect(CommonPage.java:363)
	... 28 more
Caused by: java.lang.AssertionError: Email error message mismatched in Desktop view expected [Please enter valid email id] but found [Please enter valid email address]
	at org.testng.Assert.fail(Assert.java:94)
	at org.testng.Assert.failNotEquals(Assert.java:513)
	at org.testng.Assert.assertEqualsImpl(Assert.java:135)
	at org.testng.Assert.assertEquals(Assert.java:116)
	at org.testng.Assert.assertEquals(Assert.java:190)
	at test.v2solutions.pages.TestV2SolutionsContactUsPage.validateEmailErrorMessageInEnquiryDetailsFormInDesktopView(TestV2SolutionsContactUsPage.java:141)
	... 27 more
</pre></div></td>
<td>4</td>
<td>test.v2solutions.pages.TestV2SolutionsContactUsPage@6ab7a896</td></tr>
<tr>
<td title='test.v2solutions.pages.TestV2SolutionsContactUsPage.verifyEnquiryFormSectionDisplayedInDesktopView()'><b>verifyEnquiryFormSectionDisplayedInDesktopView</b><br>Test class: test.v2solutions.pages.TestV2SolutionsContactUsPage<br>Test method: Verify Enquiry form details section not displayed in Desktop View<br>Parameters: //div[@class='col-sm-5']/ex</td>
<td><div><pre>java.lang.AssertionError: failed to find element, message : org.openqa.selenium.NoSuchElementException: no such element: Unable to locate element: {&quot;method&quot;:&quot;xpath&quot;,&quot;selector&quot;:&quot;//div[@class=&apos;col-sm-5&apos;]/ex&quot;}
  (Session info: chrome=50.0.2661.75)
  (Driver info: chromedriver=2.22.397933 (1cab651507b88dec79b2b2a22d1943c01833cc1b),platform=Windows NT 10.0.14393 x86_64) (WARNING: The server did not provide any stacktrace information)
Command duration or timeout: 23 milliseconds
For documentation on this error, please visit: http://seleniumhq.org/exceptions/no_such_element.html
B Reasons-Wrong Locator. Or element may not yet be on the screen at the time of the find operation, due to slow internet.
	at com.v2solutions.taf.common.pages.CommonPage.logAndCreateADefect(CommonPage.java:369)
	at test.v2solutions.pages.TestV2SolutionsContactUsPage.verifyEnquiryFormSectionDisplayedInDesktopView(TestV2SolutionsContactUsPage.java:101)
Caused by: com.v2solutions.taf.common.logs.AnalizerException: failed to find element, message : org.openqa.selenium.NoSuchElementException: no such element: Unable to locate element: {&quot;method&quot;:&quot;xpath&quot;,&quot;selector&quot;:&quot;//div[@class=&apos;col-sm-5&apos;]/ex&quot;}
  (Session info: chrome=50.0.2661.75)
  (Driver info: chromedriver=2.22.397933 (1cab651507b88dec79b2b2a22d1943c01833cc1b),platform=Windows NT 10.0.14393 x86_64) (WARNING: The server did not provide any stacktrace information)
Command duration or timeout: 23 milliseconds
For documentation on this error, please visit: http://seleniumhq.org/exceptions/no_such_element.html
B Reasons-Wrong Locator. Or element may not yet be on the screen at the time of the find operation, due to slow internet.
	at com.v2solutions.taf.common.pages.CommonPage.logAndCreateADefect(CommonPage.java:363)
	... 28 more
Caused by: com.v2solutions.taf.exception.PageException: failed to find element, message : org.openqa.selenium.NoSuchElementException: no such element: Unable to locate element: {&quot;method&quot;:&quot;xpath&quot;,&quot;selector&quot;:&quot;//div[@class=&apos;col-sm-5&apos;]/ex&quot;}
  (Session info: chrome=50.0.2661.75)
  (Driver info: chromedriver=2.22.397933 (1cab651507b88dec79b2b2a22d1943c01833cc1b),platform=Windows NT 10.0.14393 x86_64) (WARNING: The server did not provide any stacktrace information)
Command duration or timeout: 23 milliseconds
For documentation on this error, please visit: http://seleniumhq.org/exceptions/no_such_element.html
Build info: version: &apos;2.53.0&apos;, revision: &apos;35ae25b&apos;, time: &apos;2016-03-15 17:00:58&apos;
System info: host: &apos;185-129-71-76&apos;, ip: &apos;185.129.71.76&apos;, os.name: &apos;windows&apos;, os.arch: &apos;x86&apos;, os.version: &apos;10.0&apos;, java.version: &apos;1.8.0_101&apos;
Driver info: org.openqa.selenium.chrome.ChromeDriver
Capabilities [{applicationCacheEnabled=false, rotatable=false, mobileEmulationEnabled=false, chrome={chromedriverVersion=2.22.397933 (1cab651507b88dec79b2b2a22d1943c01833cc1b), userDataDir=C:\Windows\proxy\scoped_dir7976_32162}, takesHeapSnapshot=true, databaseEnabled=false, handlesAlerts=true, hasTouchScreen=false, version=50.0.2661.75, platform=XP, browserConnectionEnabled=false, nativeEvents=true, acceptSslCerts=true, locationContextEnabled=true, webStorageEnabled=true, browserName=chrome, takesScreenshot=true, javascriptEnabled=true, cssSelectorsEnabled=true}]
Session ID: 3443c9b8ce7ad187b3101dd0283642ba
*** Element info: {Using=xpath, value=//div[@class=&apos;col-sm-5&apos;]/ex}
Command duration or timeout: 1.66 seconds
For documentation on this error, please visit: http://seleniumhq.org/exceptions/no_such_element.html
Build info: version: &apos;2.53.1&apos;, revision: &apos;a36b8b1cd5757287168e54b817830adce9b0158d&apos;, time: &apos;2016-06-30 19:26:09&apos;
System info: host: &apos;V2MUMPC0455&apos;, ip: &apos;192.168.15.38&apos;, os.name: &apos;Windows 7&apos;, os.arch: &apos;amd64&apos;, os.version: &apos;6.1&apos;, java.version: &apos;1.8.0_31&apos;
Driver info: org.openqa.selenium.remote.RemoteWebDriver
Capabilities [{applicationCacheEnabled=false, rotatable=false, mobileEmulationEnabled=false, chrome={chromedriverVersion=2.22.397933 (1cab651507b88dec79b2b2a22d1943c01833cc1b), userDataDir=C:\Windows\proxy\scoped_dir7976_32162}, takesHeapSnapshot=true, databaseEnabled=false, handlesAlerts=true, hasTouchScreen=false, version=50.0.2661.75, platform=XP, browserConnectionEnabled=false, nativeEvents=true, acceptSslCerts=true, webdriver.remote.sessionid=f5395437bf321f33719eb608f51079c38e88c05e, locationContextEnabled=true, webStorageEnabled=true, browserName=chrome, takesScreenshot=true, javascriptEnabled=true, cssSelectorsEnabled=true}]
Session ID: f5395437bf321f33719eb608f51079c38e88c05e
*** Element info: {Using=xpath, value=//div[@class=&apos;col-sm-5&apos;]/ex}
	at com.v2solutions.taf.core.WebPage.waitOnElement(WebPage.java:819)
	at com.v2solutions.taf.core.WebPage.findPageObjectByXPath(WebPage.java:300)
	at com.v2solutions.pages.V2SolutionContactUsPage.verifySectionPresentOnPage(V2SolutionContactUsPage.java:101)
	at test.v2solutions.pages.TestV2SolutionsContactUsPage.verifyEnquiryFormSectionDisplayedInDesktopView(TestV2SolutionsContactUsPage.java:98)
	... 27 more
... Removed 28 stack frames</pre></div><a href='#' onClick='toggleBox("stack-trace144445623", this, "Click to show all stack frames", "Click to hide stack frames")'>Click to show all stack frames</a>
<div class='stack-trace' id='stack-trace144445623'><pre>java.lang.AssertionError: failed to find element, message : org.openqa.selenium.NoSuchElementException: no such element: Unable to locate element: {&quot;method&quot;:&quot;xpath&quot;,&quot;selector&quot;:&quot;//div[@class=&apos;col-sm-5&apos;]/ex&quot;}
  (Session info: chrome=50.0.2661.75)
  (Driver info: chromedriver=2.22.397933 (1cab651507b88dec79b2b2a22d1943c01833cc1b),platform=Windows NT 10.0.14393 x86_64) (WARNING: The server did not provide any stacktrace information)
Command duration or timeout: 23 milliseconds
For documentation on this error, please visit: http://seleniumhq.org/exceptions/no_such_element.html
B Reasons-Wrong Locator. Or element may not yet be on the screen at the time of the find operation, due to slow internet.
	at org.testng.Assert.fail(Assert.java:83)
	at com.v2solutions.taf.common.pages.CommonPage.logAndCreateADefect(CommonPage.java:369)
	at test.v2solutions.pages.TestV2SolutionsContactUsPage.verifyEnquiryFormSectionDisplayedInDesktopView(TestV2SolutionsContactUsPage.java:101)
	at sun.reflect.NativeMethodAccessorImpl.invoke0(Native Method)
	at sun.reflect.NativeMethodAccessorImpl.invoke(NativeMethodAccessorImpl.java:62)
	at sun.reflect.DelegatingMethodAccessorImpl.invoke(DelegatingMethodAccessorImpl.java:43)
	at java.lang.reflect.Method.invoke(Method.java:483)
	at org.testng.internal.MethodInvocationHelper.invokeMethod(MethodInvocationHelper.java:86)
	at org.testng.internal.Invoker.invokeMethod(Invoker.java:643)
	at org.testng.internal.Invoker.invokeTestMethod(Invoker.java:820)
	at org.testng.internal.Invoker.invokeTestMethods(Invoker.java:1128)
	at org.testng.internal.TestMethodWorker.invokeTestMethods(TestMethodWorker.java:129)
	at org.testng.internal.TestMethodWorker.run(TestMethodWorker.java:112)
	at org.testng.TestRunner.privateRun(TestRunner.java:782)
	at org.testng.TestRunner.run(TestRunner.java:632)
	at org.testng.SuiteRunner.runTest(SuiteRunner.java:366)
	at org.testng.SuiteRunner.runSequentially(SuiteRunner.java:361)
	at org.testng.SuiteRunner.privateRun(SuiteRunner.java:319)
	at org.testng.SuiteRunner.run(SuiteRunner.java:268)
	at org.testng.SuiteRunnerWorker.runSuite(SuiteRunnerWorker.java:52)
	at org.testng.SuiteRunnerWorker.run(SuiteRunnerWorker.java:86)
	at org.testng.TestNG.runSuitesSequentially(TestNG.java:1244)
	at org.testng.TestNG.runSuitesLocally(TestNG.java:1169)
	at org.testng.TestNG.run(TestNG.java:1064)
	at org.apache.maven.surefire.testng.TestNGExecutor.run(TestNGExecutor.java:217)
	at org.apache.maven.surefire.testng.TestNGXmlTestSuite.execute(TestNGXmlTestSuite.java:84)
	at org.apache.maven.surefire.testng.TestNGProvider.invoke(TestNGProvider.java:92)
	at org.apache.maven.surefire.booter.ForkedBooter.invokeProviderInSameClassLoader(ForkedBooter.java:200)
	at org.apache.maven.surefire.booter.ForkedBooter.runSuitesInProcess(ForkedBooter.java:153)
	at org.apache.maven.surefire.booter.ForkedBooter.main(ForkedBooter.java:103)
Caused by: com.v2solutions.taf.common.logs.AnalizerException: failed to find element, message : org.openqa.selenium.NoSuchElementException: no such element: Unable to locate element: {&quot;method&quot;:&quot;xpath&quot;,&quot;selector&quot;:&quot;//div[@class=&apos;col-sm-5&apos;]/ex&quot;}
  (Session info: chrome=50.0.2661.75)
  (Driver info: chromedriver=2.22.397933 (1cab651507b88dec79b2b2a22d1943c01833cc1b),platform=Windows NT 10.0.14393 x86_64) (WARNING: The server did not provide any stacktrace information)
Command duration or timeout: 23 milliseconds
For documentation on this error, please visit: http://seleniumhq.org/exceptions/no_such_element.html
B Reasons-Wrong Locator. Or element may not yet be on the screen at the time of the find operation, due to slow internet.
	at com.v2solutions.taf.common.pages.CommonPage.logAndCreateADefect(CommonPage.java:363)
	... 28 more
Caused by: com.v2solutions.taf.exception.PageException: failed to find element, message : org.openqa.selenium.NoSuchElementException: no such element: Unable to locate element: {&quot;method&quot;:&quot;xpath&quot;,&quot;selector&quot;:&quot;//div[@class=&apos;col-sm-5&apos;]/ex&quot;}
  (Session info: chrome=50.0.2661.75)
  (Driver info: chromedriver=2.22.397933 (1cab651507b88dec79b2b2a22d1943c01833cc1b),platform=Windows NT 10.0.14393 x86_64) (WARNING: The server did not provide any stacktrace information)
Command duration or timeout: 23 milliseconds
For documentation on this error, please visit: http://seleniumhq.org/exceptions/no_such_element.html
Build info: version: &apos;2.53.0&apos;, revision: &apos;35ae25b&apos;, time: &apos;2016-03-15 17:00:58&apos;
System info: host: &apos;185-129-71-76&apos;, ip: &apos;185.129.71.76&apos;, os.name: &apos;windows&apos;, os.arch: &apos;x86&apos;, os.version: &apos;10.0&apos;, java.version: &apos;1.8.0_101&apos;
Driver info: org.openqa.selenium.chrome.ChromeDriver
Capabilities [{applicationCacheEnabled=false, rotatable=false, mobileEmulationEnabled=false, chrome={chromedriverVersion=2.22.397933 (1cab651507b88dec79b2b2a22d1943c01833cc1b), userDataDir=C:\Windows\proxy\scoped_dir7976_32162}, takesHeapSnapshot=true, databaseEnabled=false, handlesAlerts=true, hasTouchScreen=false, version=50.0.2661.75, platform=XP, browserConnectionEnabled=false, nativeEvents=true, acceptSslCerts=true, locationContextEnabled=true, webStorageEnabled=true, browserName=chrome, takesScreenshot=true, javascriptEnabled=true, cssSelectorsEnabled=true}]
Session ID: 3443c9b8ce7ad187b3101dd0283642ba
*** Element info: {Using=xpath, value=//div[@class=&apos;col-sm-5&apos;]/ex}
Command duration or timeout: 1.66 seconds
For documentation on this error, please visit: http://seleniumhq.org/exceptions/no_such_element.html
Build info: version: &apos;2.53.1&apos;, revision: &apos;a36b8b1cd5757287168e54b817830adce9b0158d&apos;, time: &apos;2016-06-30 19:26:09&apos;
System info: host: &apos;V2MUMPC0455&apos;, ip: &apos;192.168.15.38&apos;, os.name: &apos;Windows 7&apos;, os.arch: &apos;amd64&apos;, os.version: &apos;6.1&apos;, java.version: &apos;1.8.0_31&apos;
Driver info: org.openqa.selenium.remote.RemoteWebDriver
Capabilities [{applicationCacheEnabled=false, rotatable=false, mobileEmulationEnabled=false, chrome={chromedriverVersion=2.22.397933 (1cab651507b88dec79b2b2a22d1943c01833cc1b), userDataDir=C:\Windows\proxy\scoped_dir7976_32162}, takesHeapSnapshot=true, databaseEnabled=false, handlesAlerts=true, hasTouchScreen=false, version=50.0.2661.75, platform=XP, browserConnectionEnabled=false, nativeEvents=true, acceptSslCerts=true, webdriver.remote.sessionid=f5395437bf321f33719eb608f51079c38e88c05e, locationContextEnabled=true, webStorageEnabled=true, browserName=chrome, takesScreenshot=true, javascriptEnabled=true, cssSelectorsEnabled=true}]
Session ID: f5395437bf321f33719eb608f51079c38e88c05e
*** Element info: {Using=xpath, value=//div[@class=&apos;col-sm-5&apos;]/ex}
	at com.v2solutions.taf.core.WebPage.waitOnElement(WebPage.java:819)
	at com.v2solutions.taf.core.WebPage.findPageObjectByXPath(WebPage.java:300)
	at com.v2solutions.pages.V2SolutionContactUsPage.verifySectionPresentOnPage(V2SolutionContactUsPage.java:101)
	at test.v2solutions.pages.TestV2SolutionsContactUsPage.verifyEnquiryFormSectionDisplayedInDesktopView(TestV2SolutionsContactUsPage.java:98)
	... 27 more
</pre></div></td>
<td>4</td>
<td>test.v2solutions.pages.TestV2SolutionsContactUsPage@6ab7a896</td></tr>
<tr>
<td title='test.v2solutions.pages.TestV2SolutionsContactUsPage.verifyPageIsResizedToDesktopViewLayout()'><b>verifyPageIsResizedToDesktopViewLayout</b><br>Test class: test.v2solutions.pages.TestV2SolutionsContactUsPage<br>Test method: Verify Page is Resized to 'Desktop view' Layout<br>Parameters: 1920, 1080, 3</td>
<td><div><pre>java.lang.AssertionError:  Locator of &apos;&apos; is &apos;&apos; Error-This is not desktop view layout expected [true] but found [false]
	at com.v2solutions.taf.common.pages.CommonPage.logAndCreateADefect(CommonPage.java:369)
	at test.v2solutions.pages.TestV2SolutionsContactUsPage.verifyPageIsResizedToDesktopViewLayout(TestV2SolutionsContactUsPage.java:63)
Caused by: com.v2solutions.taf.common.logs.AnalizerException:  Locator of &apos;&apos; is &apos;&apos; Error-This is not desktop view layout expected [true] but found [false]
	at com.v2solutions.taf.common.pages.CommonPage.logAndCreateADefect(CommonPage.java:363)
	... 28 more
Caused by: java.lang.AssertionError: This is not desktop view layout expected [true] but found [false]
	at test.v2solutions.pages.TestV2SolutionsContactUsPage.verifyPageIsResizedToDesktopViewLayout(TestV2SolutionsContactUsPage.java:61)
	... 27 more
... Removed 31 stack frames</pre></div><a href='#' onClick='toggleBox("stack-trace1734184086", this, "Click to show all stack frames", "Click to hide stack frames")'>Click to show all stack frames</a>
<div class='stack-trace' id='stack-trace1734184086'><pre>java.lang.AssertionError:  Locator of &apos;&apos; is &apos;&apos; Error-This is not desktop view layout expected [true] but found [false]
	at org.testng.Assert.fail(Assert.java:83)
	at com.v2solutions.taf.common.pages.CommonPage.logAndCreateADefect(CommonPage.java:369)
	at test.v2solutions.pages.TestV2SolutionsContactUsPage.verifyPageIsResizedToDesktopViewLayout(TestV2SolutionsContactUsPage.java:63)
	at sun.reflect.NativeMethodAccessorImpl.invoke0(Native Method)
	at sun.reflect.NativeMethodAccessorImpl.invoke(NativeMethodAccessorImpl.java:62)
	at sun.reflect.DelegatingMethodAccessorImpl.invoke(DelegatingMethodAccessorImpl.java:43)
	at java.lang.reflect.Method.invoke(Method.java:483)
	at org.testng.internal.MethodInvocationHelper.invokeMethod(MethodInvocationHelper.java:86)
	at org.testng.internal.Invoker.invokeMethod(Invoker.java:643)
	at org.testng.internal.Invoker.invokeTestMethod(Invoker.java:820)
	at org.testng.internal.Invoker.invokeTestMethods(Invoker.java:1128)
	at org.testng.internal.TestMethodWorker.invokeTestMethods(TestMethodWorker.java:129)
	at org.testng.internal.TestMethodWorker.run(TestMethodWorker.java:112)
	at org.testng.TestRunner.privateRun(TestRunner.java:782)
	at org.testng.TestRunner.run(TestRunner.java:632)
	at org.testng.SuiteRunner.runTest(SuiteRunner.java:366)
	at org.testng.SuiteRunner.runSequentially(SuiteRunner.java:361)
	at org.testng.SuiteRunner.privateRun(SuiteRunner.java:319)
	at org.testng.SuiteRunner.run(SuiteRunner.java:268)
	at org.testng.SuiteRunnerWorker.runSuite(SuiteRunnerWorker.java:52)
	at org.testng.SuiteRunnerWorker.run(SuiteRunnerWorker.java:86)
	at org.testng.TestNG.runSuitesSequentially(TestNG.java:1244)
	at org.testng.TestNG.runSuitesLocally(TestNG.java:1169)
	at org.testng.TestNG.run(TestNG.java:1064)
	at org.apache.maven.surefire.testng.TestNGExecutor.run(TestNGExecutor.java:217)
	at org.apache.maven.surefire.testng.TestNGXmlTestSuite.execute(TestNGXmlTestSuite.java:84)
	at org.apache.maven.surefire.testng.TestNGProvider.invoke(TestNGProvider.java:92)
	at org.apache.maven.surefire.booter.ForkedBooter.invokeProviderInSameClassLoader(ForkedBooter.java:200)
	at org.apache.maven.surefire.booter.ForkedBooter.runSuitesInProcess(ForkedBooter.java:153)
	at org.apache.maven.surefire.booter.ForkedBooter.main(ForkedBooter.java:103)
Caused by: com.v2solutions.taf.common.logs.AnalizerException:  Locator of &apos;&apos; is &apos;&apos; Error-This is not desktop view layout expected [true] but found [false]
	at com.v2solutions.taf.common.pages.CommonPage.logAndCreateADefect(CommonPage.java:363)
	... 28 more
Caused by: java.lang.AssertionError: This is not desktop view layout expected [true] but found [false]
	at org.testng.Assert.fail(Assert.java:94)
	at org.testng.Assert.failNotEquals(Assert.java:513)
	at org.testng.Assert.assertTrue(Assert.java:42)
	at test.v2solutions.pages.TestV2SolutionsContactUsPage.verifyPageIsResizedToDesktopViewLayout(TestV2SolutionsContactUsPage.java:61)
	... 27 more
</pre></div></td>
<td>7</td>
<td>test.v2solutions.pages.TestV2SolutionsContactUsPage@6ab7a896</td></tr>
</table><p>
<table width='100%' border='1' class='invocation-passed'>
<tr><td colspan='4' align='center'><b>PASSED TESTS</b></td></tr>
<tr><td><b>Test method</b></td>
<td width="30%"><b>Exception</b></td>
<td width="10%"><b>Time (seconds)</b></td>
<td><b>Instance</b></td>
</tr>
<tr>
<td title='test.v2solutions.pages.TestV2SolutionsContactUsPage.verifyFirstNameTextboxInEnquiryFormRenderedWithDefaultValueInDesktopView()'><b>verifyFirstNameTextboxInEnquiryFormRenderedWithDefaultValueInDesktopView</b><br>Test class: test.v2solutions.pages.TestV2SolutionsContactUsPage<br>Test method: Verify default textbox value of 'First Name' in Desktop View<br>Parameters: //*[@id='contact_first_name'], First Name*</td>
<td></td>
<td>0</td>
<td>test.v2solutions.pages.TestV2SolutionsContactUsPage@6ab7a896</td></tr>
<tr>
<td title='test.v2solutions.pages.TestV2SolutionsContactUsPage.verifyH2HeaderTextInDesktopView()'><b>verifyH2HeaderTextInDesktopView</b><br>Test class: test.v2solutions.pages.TestV2SolutionsContactUsPage<br>Test method: Verify H2 header in Desktop view<br>Parameters: //h2, CONTACT US</td>
<td></td>
<td>0</td>
<td>test.v2solutions.pages.TestV2SolutionsContactUsPage@6ab7a896</td></tr>
<tr>
<td title='test.v2solutions.pages.TestV2SolutionsContactUsPage.verifyMapAndAddressRepresentHorizontallyInDesktopView()'><b>verifyMapAndAddressRepresentHorizontallyInDesktopView</b><br>Test class: test.v2solutions.pages.TestV2SolutionsContactUsPage<br>Test method: Verify Map and Address section rendered parally in horizontal manner in Desktop view<br>Parameters: (//div[@class='mapwtdata']//iframe)[1], (//div[@class='mapwtdata']//div[@class='col-md-12 col-lg-5'])[1]</td>
<td></td>
<td>5</td>
<td>test.v2solutions.pages.TestV2SolutionsContactUsPage@6ab7a896</td></tr>
<tr>
<td title='test.v2solutions.pages.TestV2SolutionsContactUsPage.verifySocialIconRenderedInDesktopView()'><b>verifySocialIconRenderedInDesktopView</b><br>Test class: test.v2solutions.pages.TestV2SolutionsContactUsPage<br>Test method: In Desktop View- Verify 'Facebook', 'Twitter' and 'Linkedin' social icons rendered<br>Parameters: (//div[@class='row Smedia']//a)[1]</td>
<td></td>
<td>5</td>
<td>test.v2solutions.pages.TestV2SolutionsContactUsPage@6ab7a896</td></tr>
<tr>
<td title='test.v2solutions.pages.TestV2SolutionsContactUsPage.verifySocialIconRenderedInDesktopView()'><b>verifySocialIconRenderedInDesktopView</b><br>Test class: test.v2solutions.pages.TestV2SolutionsContactUsPage<br>Test method: In Desktop View- Verify 'Facebook', 'Twitter' and 'Linkedin' social icons rendered<br>Parameters: (//div[@class='row Smedia']//a)[2]</td>
<td></td>
<td>5</td>
<td>test.v2solutions.pages.TestV2SolutionsContactUsPage@6ab7a896</td></tr>
<tr>
<td title='test.v2solutions.pages.TestV2SolutionsContactUsPage.verifySocialIconRenderedInDesktopView()'><b>verifySocialIconRenderedInDesktopView</b><br>Test class: test.v2solutions.pages.TestV2SolutionsContactUsPage<br>Test method: In Desktop View- Verify 'Facebook', 'Twitter' and 'Linkedin' social icons rendered<br>Parameters: (//div[@class='row Smedia']//a)[3]</td>
<td></td>
<td>5</td>
<td>test.v2solutions.pages.TestV2SolutionsContactUsPage@6ab7a896</td></tr>
<tr>
<td title='test.v2solutions.pages.TestV2SolutionsContactUsPage.verifyUSAndIndiaContactLocationDisplayedInDesktopView()'><b>verifyUSAndIndiaContactLocationDisplayedInDesktopView</b><br>Test class: test.v2solutions.pages.TestV2SolutionsContactUsPage<br>Test method: US and India contact location section not present in Desktop View<br>Parameters: //div[contains(@class,'contact-office')]</td>
<td></td>
<td>1</td>
<td>test.v2solutions.pages.TestV2SolutionsContactUsPage@6ab7a896</td></tr>
</table><p>
</body>
</html>