<?xml version="1.0" encoding="UTF-8"?>
<!-- Generated by org.testng.reporters.JUnitXMLReporter -->
<testsuite hostname="V2MUMPC0455" name="TabletRegression" tests="10" failures="3" timestamp="3 Feb 2017 11:01:10 GMT" time="60.742" errors="0">
  <testcase name="verifyPageIsResizedToDesktopViewLayout" time="7.203" classname="test.v2solutions.pages.TestV2SolutionsContactUsPage">
    <failure type="java.lang.AssertionError" message=" Locator of &amp;apos;&amp;apos; is &amp;apos;&amp;apos; Error-This is not desktop view layout expected [true] but found [false]">
      <![CDATA[java.lang.AssertionError:  Locator of '' is '' Error-This is not desktop view layout expected [true] but found [false]
	at com.v2solutions.taf.common.pages.CommonPage.logAndCreateADefect(CommonPage.java:369)
	at test.v2solutions.pages.TestV2SolutionsContactUsPage.verifyPageIsResizedToDesktopViewLayout(TestV2SolutionsContactUsPage.java:63)
Caused by: com.v2solutions.taf.common.logs.AnalizerException:  Locator of '' is '' Error-This is not desktop view layout expected [true] but found [false]
	at com.v2solutions.taf.common.pages.CommonPage.logAndCreateADefect(CommonPage.java:363)
	... 28 more
Caused by: java.lang.AssertionError: This is not desktop view layout expected [true] but found [false]
	at test.v2solutions.pages.TestV2SolutionsContactUsPage.verifyPageIsResizedToDesktopViewLayout(TestV2SolutionsContactUsPage.java:61)
	... 27 more
... Removed 31 stack frames]]>
    </failure>
  </testcase> <!-- verifyPageIsResizedToDesktopViewLayout -->
  <testcase name="verifyH2HeaderTextInDesktopView" time="0.368" classname="test.v2solutions.pages.TestV2SolutionsContactUsPage"/>
  <testcase name="verifyEnquiryFormSectionDisplayedInDesktopView" time="4.395" classname="test.v2solutions.pages.TestV2SolutionsContactUsPage">
    <failure type="java.lang.AssertionError" message="failed to find element, message : org.openqa.selenium.NoSuchElementException: no such element: Unable to locate element: {&amp;quot;method&amp;quot;:&amp;quot;xpath&amp;quot;,&amp;quot;selector&amp;quot;:&amp;quot;//div[@class=&amp;apos;col-sm-5&amp;apos;]/ex&amp;quot;}
  (Session info: chrome=50.0.2661.75)
  (Driver info: chromedriver=2.22.397933 (1cab651507b88dec79b2b2a22d1943c01833cc1b),platform=Windows NT 10.0.14393 x86_64) (WARNING: The server did not provide any stacktrace information)
Command duration or timeout: 23 milliseconds
For documentation on this error, please visit: http://seleniumhq.org/exceptions/no_such_element.html
B Reasons-Wrong Locator. Or element may not yet be on the screen at the time of the find operation, due to slow internet.">
      <![CDATA[java.lang.AssertionError: failed to find element, message : org.openqa.selenium.NoSuchElementException: no such element: Unable to locate element: {"method":"xpath","selector":"//div[@class='col-sm-5']/ex"}
  (Session info: chrome=50.0.2661.75)
  (Driver info: chromedriver=2.22.397933 (1cab651507b88dec79b2b2a22d1943c01833cc1b),platform=Windows NT 10.0.14393 x86_64) (WARNING: The server did not provide any stacktrace information)
Command duration or timeout: 23 milliseconds
For documentation on this error, please visit: http://seleniumhq.org/exceptions/no_such_element.html
B Reasons-Wrong Locator. Or element may not yet be on the screen at the time of the find operation, due to slow internet.
	at com.v2solutions.taf.common.pages.CommonPage.logAndCreateADefect(CommonPage.java:369)
	at test.v2solutions.pages.TestV2SolutionsContactUsPage.verifyEnquiryFormSectionDisplayedInDesktopView(TestV2SolutionsContactUsPage.java:101)
Caused by: com.v2solutions.taf.common.logs.AnalizerException: failed to find element, message : org.openqa.selenium.NoSuchElementException: no such element: Unable to locate element: {"method":"xpath","selector":"//div[@class='col-sm-5']/ex"}
  (Session info: chrome=50.0.2661.75)
  (Driver info: chromedriver=2.22.397933 (1cab651507b88dec79b2b2a22d1943c01833cc1b),platform=Windows NT 10.0.14393 x86_64) (WARNING: The server did not provide any stacktrace information)
Command duration or timeout: 23 milliseconds
For documentation on this error, please visit: http://seleniumhq.org/exceptions/no_such_element.html
B Reasons-Wrong Locator. Or element may not yet be on the screen at the time of the find operation, due to slow internet.
	at com.v2solutions.taf.common.pages.CommonPage.logAndCreateADefect(CommonPage.java:363)
	... 28 more
Caused by: com.v2solutions.taf.exception.PageException: failed to find element, message : org.openqa.selenium.NoSuchElementException: no such element: Unable to locate element: {"method":"xpath","selector":"//div[@class='col-sm-5']/ex"}
  (Session info: chrome=50.0.2661.75)
  (Driver info: chromedriver=2.22.397933 (1cab651507b88dec79b2b2a22d1943c01833cc1b),platform=Windows NT 10.0.14393 x86_64) (WARNING: The server did not provide any stacktrace information)
Command duration or timeout: 23 milliseconds
For documentation on this error, please visit: http://seleniumhq.org/exceptions/no_such_element.html
Build info: version: '2.53.0', revision: '35ae25b', time: '2016-03-15 17:00:58'
System info: host: '185-129-71-76', ip: '185.129.71.76', os.name: 'windows', os.arch: 'x86', os.version: '10.0', java.version: '1.8.0_101'
Driver info: org.openqa.selenium.chrome.ChromeDriver
Capabilities [{applicationCacheEnabled=false, rotatable=false, mobileEmulationEnabled=false, chrome={chromedriverVersion=2.22.397933 (1cab651507b88dec79b2b2a22d1943c01833cc1b), userDataDir=C:\Windows\proxy\scoped_dir7976_32162}, takesHeapSnapshot=true, databaseEnabled=false, handlesAlerts=true, hasTouchScreen=false, version=50.0.2661.75, platform=XP, browserConnectionEnabled=false, nativeEvents=true, acceptSslCerts=true, locationContextEnabled=true, webStorageEnabled=true, browserName=chrome, takesScreenshot=true, javascriptEnabled=true, cssSelectorsEnabled=true}]
Session ID: 3443c9b8ce7ad187b3101dd0283642ba
*** Element info: {Using=xpath, value=//div[@class='col-sm-5']/ex}
Command duration or timeout: 1.66 seconds
For documentation on this error, please visit: http://seleniumhq.org/exceptions/no_such_element.html
Build info: version: '2.53.1', revision: 'a36b8b1cd5757287168e54b817830adce9b0158d', time: '2016-06-30 19:26:09'
System info: host: 'V2MUMPC0455', ip: '192.168.15.38', os.name: 'Windows 7', os.arch: 'amd64', os.version: '6.1', java.version: '1.8.0_31'
Driver info: org.openqa.selenium.remote.RemoteWebDriver
Capabilities [{applicationCacheEnabled=false, rotatable=false, mobileEmulationEnabled=false, chrome={chromedriverVersion=2.22.397933 (1cab651507b88dec79b2b2a22d1943c01833cc1b), userDataDir=C:\Windows\proxy\scoped_dir7976_32162}, takesHeapSnapshot=true, databaseEnabled=false, handlesAlerts=true, hasTouchScreen=false, version=50.0.2661.75, platform=XP, browserConnectionEnabled=false, nativeEvents=true, acceptSslCerts=true, webdriver.remote.sessionid=f5395437bf321f33719eb608f51079c38e88c05e, locationContextEnabled=true, webStorageEnabled=true, browserName=chrome, takesScreenshot=true, javascriptEnabled=true, cssSelectorsEnabled=true}]
Session ID: f5395437bf321f33719eb608f51079c38e88c05e
*** Element info: {Using=xpath, value=//div[@class='col-sm-5']/ex}
	at com.v2solutions.taf.core.WebPage.waitOnElement(WebPage.java:819)
	at com.v2solutions.taf.core.WebPage.findPageObjectByXPath(WebPage.java:300)
	at com.v2solutions.pages.V2SolutionContactUsPage.verifySectionPresentOnPage(V2SolutionContactUsPage.java:101)
	at test.v2solutions.pages.TestV2SolutionsContactUsPage.verifyEnquiryFormSectionDisplayedInDesktopView(TestV2SolutionsContactUsPage.java:98)
	... 27 more
... Removed 28 stack frames]]>
    </failure>
  </testcase> <!-- verifyEnquiryFormSectionDisplayedInDesktopView -->
  <testcase name="verifyFirstNameTextboxInEnquiryFormRenderedWithDefaultValueInDesktopView" time="0.351" classname="test.v2solutions.pages.TestV2SolutionsContactUsPage"/>
  <testcase name="validateEmailErrorMessageInEnquiryDetailsFormInDesktopView" time="4.238" classname="test.v2solutions.pages.TestV2SolutionsContactUsPage">
    <failure type="java.lang.AssertionError" message=" Locator of &amp;apos;Email Textbox in enquiry with xpath//*[@id=&amp;apos;contact_email&amp;apos;] and error mesage with xpath&amp;apos; is &amp;apos;//*[@class=&amp;apos;errorMsg errorStyle&amp;apos;]&amp;apos; Error-Email error message mismatched in Desktop view expected [Please enter valid email id] but found [Please enter valid email address]">
      <![CDATA[java.lang.AssertionError:  Locator of 'Email Textbox in enquiry with xpath//*[@id='contact_email'] and error mesage with xpath' is '//*[@class='errorMsg errorStyle']' Error-Email error message mismatched in Desktop view expected [Please enter valid email id] but found [Please enter valid email address]
	at com.v2solutions.taf.common.pages.CommonPage.logAndCreateADefect(CommonPage.java:369)
	at test.v2solutions.pages.TestV2SolutionsContactUsPage.validateEmailErrorMessageInEnquiryDetailsFormInDesktopView(TestV2SolutionsContactUsPage.java:143)
Caused by: com.v2solutions.taf.common.logs.AnalizerException:  Locator of 'Email Textbox in enquiry with xpath//*[@id='contact_email'] and error mesage with xpath' is '//*[@class='errorMsg errorStyle']' Error-Email error message mismatched in Desktop view expected [Please enter valid email id] but found [Please enter valid email address]
	at com.v2solutions.taf.common.pages.CommonPage.logAndCreateADefect(CommonPage.java:363)
	... 28 more
Caused by: java.lang.AssertionError: Email error message mismatched in Desktop view expected [Please enter valid email id] but found [Please enter valid email address]
	at test.v2solutions.pages.TestV2SolutionsContactUsPage.validateEmailErrorMessageInEnquiryDetailsFormInDesktopView(TestV2SolutionsContactUsPage.java:141)
	... 27 more
... Removed 33 stack frames]]>
    </failure>
  </testcase> <!-- validateEmailErrorMessageInEnquiryDetailsFormInDesktopView -->
  <testcase name="verifyUSAndIndiaContactLocationDisplayedInDesktopView" time="1.328" classname="test.v2solutions.pages.TestV2SolutionsContactUsPage"/>
  <testcase name="verifyMapAndAddressRepresentHorizontallyInDesktopView" time="5.05" classname="test.v2solutions.pages.TestV2SolutionsContactUsPage"/>
  <testcase name="verifySocialIconRenderedInDesktopView" time="5.661" classname="test.v2solutions.pages.TestV2SolutionsContactUsPage"/>
  <testcase name="verifySocialIconRenderedInDesktopView" time="5.683" classname="test.v2solutions.pages.TestV2SolutionsContactUsPage"/>
  <testcase name="verifySocialIconRenderedInDesktopView" time="5.669" classname="test.v2solutions.pages.TestV2SolutionsContactUsPage"/>
</testsuite> <!-- TabletRegression -->
